  uploader.cpp
E:\c++documents\My project\QT\QT-\QtWidgetsApplication1\uploader.cpp(1,1): warning C4828: 文件包含在偏移 0x21d 处开始的字符，该字符在当前源字符集中无效(代码页 65001)。
E:\c++documents\My project\QT\QT-\QtWidgetsApplication1\uploader.cpp(1,1): warning C4828: 文件包含在偏移 0x21e 处开始的字符，该字符在当前源字符集中无效(代码页 65001)。
E:\c++documents\My project\QT\QT-\QtWidgetsApplication1\uploader.cpp(1,1): warning C4828: 文件包含在偏移 0x221 处开始的字符，该字符在当前源字符集中无效(代码页 65001)。
E:\c++documents\My project\QT\QT-\QtWidgetsApplication1\uploader.cpp(1,1): warning C4828: 文件包含在偏移 0x222 处开始的字符，该字符在当前源字符集中无效(代码页 65001)。
E:\c++documents\My project\QT\QT-\QtWidgetsApplication1\uploader.cpp(1,1): warning C4828: 文件包含在偏移 0x224 处开始的字符，该字符在当前源字符集中无效(代码页 65001)。
E:\c++documents\My project\QT\QT-\QtWidgetsApplication1\uploader.cpp(1,1): warning C4828: 文件包含在偏移 0x225 处开始的字符，该字符在当前源字符集中无效(代码页 65001)。
E:\c++documents\My project\QT\QT-\QtWidgetsApplication1\uploader.cpp(1,1): warning C4828: 文件包含在偏移 0x226 处开始的字符，该字符在当前源字符集中无效(代码页 65001)。
E:\c++documents\My project\QT\QT-\QtWidgetsApplication1\uploader.cpp(1,1): warning C4828: 文件包含在偏移 0x227 处开始的字符，该字符在当前源字符集中无效(代码页 65001)。
E:\c++documents\My project\QT\QT-\QtWidgetsApplication1\uploader.cpp(1,1): warning C4828: 文件包含在偏移 0x22a 处开始的字符，该字符在当前源字符集中无效(代码页 65001)。
E:\c++documents\My project\QT\QT-\QtWidgetsApplication1\uploader.cpp(1,1): warning C4828: 文件包含在偏移 0x22b 处开始的字符，该字符在当前源字符集中无效(代码页 65001)。
E:\c++documents\My project\QT\QT-\QtWidgetsApplication1\uploader.cpp(1,1): warning C4828: 文件包含在偏移 0x22e 处开始的字符，该字符在当前源字符集中无效(代码页 65001)。
E:\c++documents\My project\QT\QT-\QtWidgetsApplication1\uploader.cpp(1,1): warning C4828: 文件包含在偏移 0x232 处开始的字符，该字符在当前源字符集中无效(代码页 65001)。
E:\c++documents\My project\QT\QT-\QtWidgetsApplication1\uploader.cpp(1,1): warning C4828: 文件包含在偏移 0x233 处开始的字符，该字符在当前源字符集中无效(代码页 65001)。
E:\c++documents\My project\QT\QT-\QtWidgetsApplication1\uploader.cpp(1,1): warning C4828: 文件包含在偏移 0x5a2 处开始的字符，该字符在当前源字符集中无效(代码页 65001)。
E:\c++documents\My project\QT\QT-\QtWidgetsApplication1\uploader.cpp(1,1): warning C4828: 文件包含在偏移 0x5a4 处开始的字符，该字符在当前源字符集中无效(代码页 65001)。
E:\c++documents\My project\QT\QT-\QtWidgetsApplication1\uploader.cpp(1,1): warning C4828: 文件包含在偏移 0x5ac 处开始的字符，该字符在当前源字符集中无效(代码页 65001)。
E:\c++documents\My project\QT\QT-\QtWidgetsApplication1\uploader.cpp(1,1): warning C4828: 文件包含在偏移 0x5ad 处开始的字符，该字符在当前源字符集中无效(代码页 65001)。
E:\c++documents\My project\QT\QT-\QtWidgetsApplication1\uploader.cpp(1,1): warning C4828: 文件包含在偏移 0x633 处开始的字符，该字符在当前源字符集中无效(代码页 65001)。
E:\c++documents\My project\QT\QT-\QtWidgetsApplication1\uploader.cpp(1,1): warning C4828: 文件包含在偏移 0x639 处开始的字符，该字符在当前源字符集中无效(代码页 65001)。
E:\c++documents\My project\QT\QT-\QtWidgetsApplication1\uploader.cpp(1,1): warning C4828: 文件包含在偏移 0x63a 处开始的字符，该字符在当前源字符集中无效(代码页 65001)。
E:\c++documents\My project\QT\QT-\QtWidgetsApplication1\uploader.cpp(1,1): warning C4828: 文件包含在偏移 0x63b 处开始的字符，该字符在当前源字符集中无效(代码页 65001)。
E:\c++documents\My project\QT\QT-\QtWidgetsApplication1\uploader.cpp(1,1): warning C4828: 文件包含在偏移 0x63f 处开始的字符，该字符在当前源字符集中无效(代码页 65001)。
E:\c++documents\My project\QT\QT-\QtWidgetsApplication1\uploader.cpp(1,1): warning C4828: 文件包含在偏移 0x6c7 处开始的字符，该字符在当前源字符集中无效(代码页 65001)。
E:\c++documents\My project\QT\QT-\QtWidgetsApplication1\uploader.cpp(1,1): warning C4828: 文件包含在偏移 0x6c9 处开始的字符，该字符在当前源字符集中无效(代码页 65001)。
E:\c++documents\My project\QT\QT-\QtWidgetsApplication1\uploader.cpp(1,1): warning C4828: 文件包含在偏移 0x6cf 处开始的字符，该字符在当前源字符集中无效(代码页 65001)。
E:\c++documents\My project\QT\QT-\QtWidgetsApplication1\uploader.cpp(1,1): warning C4828: 文件包含在偏移 0x6d0 处开始的字符，该字符在当前源字符集中无效(代码页 65001)。
E:\c++documents\My project\QT\QT-\QtWidgetsApplication1\uploader.cpp(1,1): warning C4828: 文件包含在偏移 0x77a 处开始的字符，该字符在当前源字符集中无效(代码页 65001)。
E:\c++documents\My project\QT\QT-\QtWidgetsApplication1\uploader.cpp(1,1): warning C4828: 文件包含在偏移 0x77c 处开始的字符，该字符在当前源字符集中无效(代码页 65001)。
E:\c++documents\My project\QT\QT-\QtWidgetsApplication1\uploader.cpp(1,1): warning C4828: 文件包含在偏移 0x784 处开始的字符，该字符在当前源字符集中无效(代码页 65001)。
E:\c++documents\My project\QT\QT-\QtWidgetsApplication1\uploader.cpp(1,1): warning C4828: 文件包含在偏移 0x785 处开始的字符，该字符在当前源字符集中无效(代码页 65001)。
E:\c++documents\My project\QT\QT-\QtWidgetsApplication1\uploader.cpp(1,1): warning C4828: 文件包含在偏移 0x801 处开始的字符，该字符在当前源字符集中无效(代码页 65001)。
E:\c++documents\My project\QT\QT-\QtWidgetsApplication1\uploader.cpp(1,1): warning C4828: 文件包含在偏移 0x807 处开始的字符，该字符在当前源字符集中无效(代码页 65001)。
E:\c++documents\My project\QT\QT-\QtWidgetsApplication1\uploader.cpp(1,1): warning C4828: 文件包含在偏移 0x808 处开始的字符，该字符在当前源字符集中无效(代码页 65001)。
E:\c++documents\My project\QT\QT-\QtWidgetsApplication1\uploader.cpp(1,1): warning C4828: 文件包含在偏移 0x809 处开始的字符，该字符在当前源字符集中无效(代码页 65001)。
E:\c++documents\My project\QT\QT-\QtWidgetsApplication1\uploader.cpp(1,1): warning C4828: 文件包含在偏移 0x80d 处开始的字符，该字符在当前源字符集中无效(代码页 65001)。
E:\c++documents\My project\QT\QT-\QtWidgetsApplication1\uploader.cpp(1,1): warning C4828: 文件包含在偏移 0x895 处开始的字符，该字符在当前源字符集中无效(代码页 65001)。
E:\c++documents\My project\QT\QT-\QtWidgetsApplication1\uploader.cpp(1,1): warning C4828: 文件包含在偏移 0x897 处开始的字符，该字符在当前源字符集中无效(代码页 65001)。
E:\c++documents\My project\QT\QT-\QtWidgetsApplication1\uploader.cpp(1,1): warning C4828: 文件包含在偏移 0x89d 处开始的字符，该字符在当前源字符集中无效(代码页 65001)。
E:\c++documents\My project\QT\QT-\QtWidgetsApplication1\uploader.cpp(1,1): warning C4828: 文件包含在偏移 0x89e 处开始的字符，该字符在当前源字符集中无效(代码页 65001)。
E:\c++documents\My project\QT\QT-\QtWidgetsApplication1\uploader.cpp(1,1): warning C4828: 文件包含在偏移 0x939 处开始的字符，该字符在当前源字符集中无效(代码页 65001)。
E:\c++documents\My project\QT\QT-\QtWidgetsApplication1\uploader.cpp(1,1): warning C4828: 文件包含在偏移 0x93a 处开始的字符，该字符在当前源字符集中无效(代码页 65001)。
E:\c++documents\My project\QT\QT-\QtWidgetsApplication1\uploader.cpp(1,1): warning C4828: 文件包含在偏移 0x93d 处开始的字符，该字符在当前源字符集中无效(代码页 65001)。
E:\c++documents\My project\QT\QT-\QtWidgetsApplication1\uploader.cpp(1,1): warning C4828: 文件包含在偏移 0x93f 处开始的字符，该字符在当前源字符集中无效(代码页 65001)。
E:\c++documents\My project\QT\QT-\QtWidgetsApplication1\uploader.cpp(1,1): warning C4828: 文件包含在偏移 0x9a4 处开始的字符，该字符在当前源字符集中无效(代码页 65001)。
E:\c++documents\My project\QT\QT-\QtWidgetsApplication1\uploader.cpp(1,1): warning C4828: 文件包含在偏移 0x9a5 处开始的字符，该字符在当前源字符集中无效(代码页 65001)。
E:\c++documents\My project\QT\QT-\QtWidgetsApplication1\uploader.cpp(1,1): warning C4828: 文件包含在偏移 0xcaa 处开始的字符，该字符在当前源字符集中无效(代码页 65001)。
E:\c++documents\My project\QT\QT-\QtWidgetsApplication1\uploader.cpp(1,1): warning C4828: 文件包含在偏移 0xcac 处开始的字符，该字符在当前源字符集中无效(代码页 65001)。
E:\c++documents\My project\QT\QT-\QtWidgetsApplication1\uploader.cpp(1,1): warning C4828: 文件包含在偏移 0xcad 处开始的字符，该字符在当前源字符集中无效(代码页 65001)。
E:\c++documents\My project\QT\QT-\QtWidgetsApplication1\uploader.cpp(1,1): warning C4828: 文件包含在偏移 0xcaf 处开始的字符，该字符在当前源字符集中无效(代码页 65001)。
E:\c++documents\My project\QT\QT-\QtWidgetsApplication1\uploader.cpp(1,1): warning C4828: 文件包含在偏移 0xcb2 处开始的字符，该字符在当前源字符集中无效(代码页 65001)。
E:\c++documents\My project\QT\QT-\QtWidgetsApplication1\uploader.cpp(1,1): warning C4828: 文件包含在偏移 0xcee 处开始的字符，该字符在当前源字符集中无效(代码页 65001)。
E:\c++documents\My project\QT\QT-\QtWidgetsApplication1\uploader.cpp(1,1): warning C4828: 文件包含在偏移 0xcf1 处开始的字符，该字符在当前源字符集中无效(代码页 65001)。
E:\c++documents\My project\QT\QT-\QtWidgetsApplication1\uploader.cpp(1,1): warning C4828: 文件包含在偏移 0xcf2 处开始的字符，该字符在当前源字符集中无效(代码页 65001)。
E:\c++documents\My project\QT\QT-\QtWidgetsApplication1\uploader.cpp(1,1): warning C4828: 文件包含在偏移 0xcf4 处开始的字符，该字符在当前源字符集中无效(代码页 65001)。
E:\c++documents\My project\QT\QT-\QtWidgetsApplication1\uploader.cpp(1,1): warning C4828: 文件包含在偏移 0xcf6 处开始的字符，该字符在当前源字符集中无效(代码页 65001)。
E:\c++documents\My project\QT\QT-\QtWidgetsApplication1\uploader.cpp(1,1): warning C4828: 文件包含在偏移 0xcf7 处开始的字符，该字符在当前源字符集中无效(代码页 65001)。
E:\c++documents\My project\QT\QT-\QtWidgetsApplication1\uploader.cpp(1,1): warning C4828: 文件包含在偏移 0xdc4 处开始的字符，该字符在当前源字符集中无效(代码页 65001)。
E:\c++documents\My project\QT\QT-\QtWidgetsApplication1\uploader.cpp(1,1): warning C4828: 文件包含在偏移 0xdc6 处开始的字符，该字符在当前源字符集中无效(代码页 65001)。
E:\c++documents\My project\QT\QT-\QtWidgetsApplication1\uploader.cpp(1,1): warning C4828: 文件包含在偏移 0xdc8 处开始的字符，该字符在当前源字符集中无效(代码页 65001)。
E:\c++documents\My project\QT\QT-\QtWidgetsApplication1\uploader.cpp(1,1): warning C4828: 文件包含在偏移 0xdc9 处开始的字符，该字符在当前源字符集中无效(代码页 65001)。
E:\c++documents\My project\QT\QT-\QtWidgetsApplication1\uploader.cpp(1,1): warning C4828: 文件包含在偏移 0xdca 处开始的字符，该字符在当前源字符集中无效(代码页 65001)。
E:\c++documents\My project\QT\QT-\QtWidgetsApplication1\uploader.cpp(1,1): warning C4828: 文件包含在偏移 0xdcb 处开始的字符，该字符在当前源字符集中无效(代码页 65001)。
E:\c++documents\My project\QT\QT-\QtWidgetsApplication1\uploader.cpp(1,1): warning C4828: 文件包含在偏移 0xdd2 处开始的字符，该字符在当前源字符集中无效(代码页 65001)。
E:\c++documents\My project\QT\QT-\QtWidgetsApplication1\uploader.cpp(1,1): warning C4828: 文件包含在偏移 0xdd3 处开始的字符，该字符在当前源字符集中无效(代码页 65001)。
E:\c++documents\My project\QT\QT-\QtWidgetsApplication1\uploader.cpp(1,1): warning C4828: 文件包含在偏移 0xe0e 处开始的字符，该字符在当前源字符集中无效(代码页 65001)。
E:\c++documents\My project\QT\QT-\QtWidgetsApplication1\uploader.cpp(1,1): warning C4828: 文件包含在偏移 0xe0f 处开始的字符，该字符在当前源字符集中无效(代码页 65001)。
E:\c++documents\My project\QT\QT-\QtWidgetsApplication1\uploader.cpp(1,1): warning C4828: 文件包含在偏移 0xe10 处开始的字符，该字符在当前源字符集中无效(代码页 65001)。
E:\c++documents\My project\QT\QT-\QtWidgetsApplication1\uploader.cpp(1,1): warning C4828: 文件包含在偏移 0xe12 处开始的字符，该字符在当前源字符集中无效(代码页 65001)。
E:\c++documents\My project\QT\QT-\QtWidgetsApplication1\uploader.cpp(1,1): warning C4828: 文件包含在偏移 0xe16 处开始的字符，该字符在当前源字符集中无效(代码页 65001)。
E:\c++documents\My project\QT\QT-\QtWidgetsApplication1\uploader.cpp(1,1): warning C4828: 文件包含在偏移 0xe17 处开始的字符，该字符在当前源字符集中无效(代码页 65001)。
E:\c++documents\My project\QT\QT-\QtWidgetsApplication1\uploader.cpp(1,1): warning C4828: 文件包含在偏移 0xe1a 处开始的字符，该字符在当前源字符集中无效(代码页 65001)。
E:\c++documents\My project\QT\QT-\QtWidgetsApplication1\uploader.cpp(1,1): warning C4828: 文件包含在偏移 0xe1b 处开始的字符，该字符在当前源字符集中无效(代码页 65001)。
E:\c++documents\My project\QT\QT-\QtWidgetsApplication1\uploader.cpp(1,1): warning C4828: 文件包含在偏移 0xe25 处开始的字符，该字符在当前源字符集中无效(代码页 65001)。
E:\c++documents\My project\QT\QT-\QtWidgetsApplication1\uploader.cpp(1,1): warning C4828: 文件包含在偏移 0xe26 处开始的字符，该字符在当前源字符集中无效(代码页 65001)。
E:\c++documents\My project\QT\QT-\QtWidgetsApplication1\uploader.cpp(1,1): warning C4828: 文件包含在偏移 0xe29 处开始的字符，该字符在当前源字符集中无效(代码页 65001)。
E:\c++documents\My project\QT\QT-\QtWidgetsApplication1\uploader.cpp(1,1): warning C4828: 文件包含在偏移 0xe2a 处开始的字符，该字符在当前源字符集中无效(代码页 65001)。
E:\c++documents\My project\QT\QT-\QtWidgetsApplication1\uploader.cpp(1,1): warning C4828: 文件包含在偏移 0xf9e 处开始的字符，该字符在当前源字符集中无效(代码页 65001)。
E:\c++documents\My project\QT\QT-\QtWidgetsApplication1\uploader.cpp(1,1): warning C4828: 文件包含在偏移 0xf9f 处开始的字符，该字符在当前源字符集中无效(代码页 65001)。
E:\c++documents\My project\QT\QT-\QtWidgetsApplication1\uploader.cpp(1,1): warning C4828: 文件包含在偏移 0xfae 处开始的字符，该字符在当前源字符集中无效(代码页 65001)。
E:\c++documents\My project\QT\QT-\QtWidgetsApplication1\uploader.cpp(1,1): warning C4828: 文件包含在偏移 0xfaf 处开始的字符，该字符在当前源字符集中无效(代码页 65001)。
E:\c++documents\My project\QT\QT-\QtWidgetsApplication1\uploader.cpp(1,1): warning C4828: 文件包含在偏移 0xfb0 处开始的字符，该字符在当前源字符集中无效(代码页 65001)。
E:\c++documents\My project\QT\QT-\QtWidgetsApplication1\uploader.cpp(1,1): warning C4828: 文件包含在偏移 0xfb1 处开始的字符，该字符在当前源字符集中无效(代码页 65001)。
E:\c++documents\My project\QT\QT-\QtWidgetsApplication1\uploader.cpp(1,1): warning C4828: 文件包含在偏移 0xfb9 处开始的字符，该字符在当前源字符集中无效(代码页 65001)。
E:\c++documents\My project\QT\QT-\QtWidgetsApplication1\uploader.cpp(1,1): warning C4828: 文件包含在偏移 0xfba 处开始的字符，该字符在当前源字符集中无效(代码页 65001)。
E:\c++documents\My project\QT\QT-\QtWidgetsApplication1\uploader.cpp(1,1): warning C4828: 文件包含在偏移 0xfbd 处开始的字符，该字符在当前源字符集中无效(代码页 65001)。
E:\c++documents\My project\QT\QT-\QtWidgetsApplication1\uploader.cpp(1,1): warning C4828: 文件包含在偏移 0xfbe 处开始的字符，该字符在当前源字符集中无效(代码页 65001)。
E:\c++documents\My project\QT\QT-\QtWidgetsApplication1\uploader.cpp(1,1): warning C4828: 文件包含在偏移 0xfc2 处开始的字符，该字符在当前源字符集中无效(代码页 65001)。
E:\c++documents\My project\QT\QT-\QtWidgetsApplication1\uploader.cpp(1,1): warning C4828: 文件包含在偏移 0xfc3 处开始的字符，该字符在当前源字符集中无效(代码页 65001)。
E:\c++documents\My project\QT\QT-\QtWidgetsApplication1\uploader.cpp(1,1): warning C4828: 文件包含在偏移 0xfc4 处开始的字符，该字符在当前源字符集中无效(代码页 65001)。
E:\c++documents\My project\QT\QT-\QtWidgetsApplication1\uploader.cpp(1,1): warning C4828: 文件包含在偏移 0x10b8 处开始的字符，该字符在当前源字符集中无效(代码页 65001)。
E:\c++documents\My project\QT\QT-\QtWidgetsApplication1\uploader.cpp(1,1): warning C4828: 文件包含在偏移 0x10ba 处开始的字符，该字符在当前源字符集中无效(代码页 65001)。
E:\c++documents\My project\QT\QT-\QtWidgetsApplication1\uploader.cpp(1,1): warning C4828: 文件包含在偏移 0x10be 处开始的字符，该字符在当前源字符集中无效(代码页 65001)。
E:\c++documents\My project\QT\QT-\QtWidgetsApplication1\uploader.cpp(1,1): warning C4828: 文件包含在偏移 0x10c0 处开始的字符，该字符在当前源字符集中无效(代码页 65001)。
E:\c++documents\My project\QT\QT-\QtWidgetsApplication1\uploader.cpp(1,1): warning C4828: 文件包含在偏移 0x10c2 处开始的字符，该字符在当前源字符集中无效(代码页 65001)。
E:\c++documents\My project\QT\QT-\QtWidgetsApplication1\uploader.cpp(1,1): warning C4828: 文件包含在偏移 0x10c3 处开始的字符，该字符在当前源字符集中无效(代码页 65001)。
E:\c++documents\My project\QT\QT-\QtWidgetsApplication1\uploader.cpp(1,1): warning C4828: 文件包含在偏移 0x19fe 处开始的字符，该字符在当前源字符集中无效(代码页 65001)。
E:\c++documents\My project\QT\QT-\QtWidgetsApplication1\uploader.cpp(1,1): warning C4828: 文件包含在偏移 0x1a00 处开始的字符，该字符在当前源字符集中无效(代码页 65001)。
E:\c++documents\My project\QT\QT-\QtWidgetsApplication1\uploader.cpp(1,1): warning C4828: 文件包含在偏移 0x1a01 处开始的字符，该字符在当前源字符集中无效(代码页 65001)。
E:\c++documents\My project\QT\QT-\QtWidgetsApplication1\uploader.cpp(1,1): warning C4828: 文件包含在偏移 0x1a04 处开始的字符，该字符在当前源字符集中无效(代码页 65001)。
E:\c++documents\My project\QT\QT-\QtWidgetsApplication1\uploader.cpp(1,1): warning C4828: 文件包含在偏移 0x1a06 处开始的字符，该字符在当前源字符集中无效(代码页 65001)。
E:\c++documents\My project\QT\QT-\QtWidgetsApplication1\uploader.cpp(1,1): warning C4828: 文件包含在偏移 0x1a09 处开始的字符，该字符在当前源字符集中无效(代码页 65001)。
E:\c++documents\My project\QT\QT-\QtWidgetsApplication1\uploader.cpp(1,1): warning C4828: 文件包含在偏移 0x1aae 处开始的字符，该字符在当前源字符集中无效(代码页 65001)。
E:\c++documents\My project\QT\QT-\QtWidgetsApplication1\uploader.cpp(1,1): warning C4828: 文件包含在偏移 0x1ab0 处开始的字符，该字符在当前源字符集中无效(代码页 65001)。
E:\c++documents\My project\QT\QT-\QtWidgetsApplication1\uploader.cpp(1,1): warning C4828: 文件包含在偏移 0x1ab2 处开始的字符，该字符在当前源字符集中无效(代码页 65001)。
E:\c++documents\My project\QT\QT-\QtWidgetsApplication1\uploader.cpp(1,1): warning C4828: 文件包含在偏移 0x1ab4 处开始的字符，该字符在当前源字符集中无效(代码页 65001)。
E:\c++documents\My project\QT\QT-\QtWidgetsApplication1\uploader.cpp(1,1): warning C4828: 文件包含在偏移 0x1ab5 处开始的字符，该字符在当前源字符集中无效(代码页 65001)。
E:\c++documents\My project\QT\QT-\QtWidgetsApplication1\uploader.cpp(1,1): warning C4828: 文件包含在偏移 0x1abb 处开始的字符，该字符在当前源字符集中无效(代码页 65001)。
E:\c++documents\My project\QT\QT-\QtWidgetsApplication1\uploader.cpp(1,1): warning C4828: 文件包含在偏移 0x1b4b 处开始的字符，该字符在当前源字符集中无效(代码页 65001)。
E:\c++documents\My project\QT\QT-\QtWidgetsApplication1\uploader.cpp(1,1): warning C4828: 文件包含在偏移 0x1b4d 处开始的字符，该字符在当前源字符集中无效(代码页 65001)。
E:\c++documents\My project\QT\QT-\QtWidgetsApplication1\uploader.cpp(1,1): warning C4828: 文件包含在偏移 0x1b4e 处开始的字符，该字符在当前源字符集中无效(代码页 65001)。
E:\c++documents\My project\QT\QT-\QtWidgetsApplication1\uploader.cpp(1,1): warning C4828: 文件包含在偏移 0x1b54 处开始的字符，该字符在当前源字符集中无效(代码页 65001)。
E:\c++documents\My project\QT\QT-\QtWidgetsApplication1\uploader.cpp(1,1): warning C4828: 文件包含在偏移 0x1b7f 处开始的字符，该字符在当前源字符集中无效(代码页 65001)。
E:\c++documents\My project\QT\QT-\QtWidgetsApplication1\uploader.cpp(1,1): warning C4828: 文件包含在偏移 0x1b81 处开始的字符，该字符在当前源字符集中无效(代码页 65001)。
E:\c++documents\My project\QT\QT-\QtWidgetsApplication1\uploader.cpp(1,1): warning C4828: 文件包含在偏移 0x1b82 处开始的字符，该字符在当前源字符集中无效(代码页 65001)。
E:\c++documents\My project\QT\QT-\QtWidgetsApplication1\uploader.cpp(1,1): warning C4828: 文件包含在偏移 0x1b88 处开始的字符，该字符在当前源字符集中无效(代码页 65001)。
E:\c++documents\My project\QT\QT-\QtWidgetsApplication1\uploader.cpp(1,1): warning C4828: 文件包含在偏移 0x1b8c 处开始的字符，该字符在当前源字符集中无效(代码页 65001)。
E:\c++documents\My project\QT\QT-\QtWidgetsApplication1\uploader.cpp(1,1): warning C4828: 文件包含在偏移 0x1b8d 处开始的字符，该字符在当前源字符集中无效(代码页 65001)。
E:\c++documents\My project\QT\QT-\QtWidgetsApplication1\uploader.cpp(1,1): warning C4828: 文件包含在偏移 0x1b8e 处开始的字符，该字符在当前源字符集中无效(代码页 65001)。
E:\c++documents\My project\QT\QT-\QtWidgetsApplication1\uploader.cpp(1,1): warning C4828: 文件包含在偏移 0x1b90 处开始的字符，该字符在当前源字符集中无效(代码页 65001)。
E:\c++documents\My project\QT\QT-\QtWidgetsApplication1\uploader.cpp(1,1): warning C4828: 文件包含在偏移 0x1b92 处开始的字符，该字符在当前源字符集中无效(代码页 65001)。
E:\c++documents\My project\QT\QT-\QtWidgetsApplication1\uploader.cpp(1,1): warning C4828: 文件包含在偏移 0x1b94 处开始的字符，该字符在当前源字符集中无效(代码页 65001)。
E:\c++documents\My project\QT\QT-\QtWidgetsApplication1\uploader.cpp(1,1): warning C4828: 文件包含在偏移 0x1b96 处开始的字符，该字符在当前源字符集中无效(代码页 65001)。
E:\c++documents\My project\QT\QT-\QtWidgetsApplication1\uploader.cpp(1,1): warning C4828: 文件包含在偏移 0x1b98 处开始的字符，该字符在当前源字符集中无效(代码页 65001)。
E:\c++documents\My project\QT\QT-\QtWidgetsApplication1\uploader.cpp(1,1): warning C4828: 文件包含在偏移 0x1b99 处开始的字符，该字符在当前源字符集中无效(代码页 65001)。
E:\c++documents\My project\QT\QT-\QtWidgetsApplication1\uploader.cpp(1,1): warning C4828: 文件包含在偏移 0x1b9b 处开始的字符，该字符在当前源字符集中无效(代码页 65001)。
E:\c++documents\My project\QT\QT-\QtWidgetsApplication1\uploader.cpp(1,1): warning C4828: 文件包含在偏移 0x1b9e 处开始的字符，该字符在当前源字符集中无效(代码页 65001)。
E:\c++documents\My project\QT\QT-\QtWidgetsApplication1\uploader.cpp(1,1): warning C4828: 文件包含在偏移 0x1ba0 处开始的字符，该字符在当前源字符集中无效(代码页 65001)。
E:\c++documents\My project\QT\QT-\QtWidgetsApplication1\uploader.cpp(1,1): warning C4828: 文件包含在偏移 0x1ba1 处开始的字符，该字符在当前源字符集中无效(代码页 65001)。
E:\c++documents\My project\QT\QT-\QtWidgetsApplication1\uploader.cpp(1,1): warning C4828: 文件包含在偏移 0x1ba5 处开始的字符，该字符在当前源字符集中无效(代码页 65001)。
E:\c++documents\My project\QT\QT-\QtWidgetsApplication1\uploader.cpp(1,1): warning C4828: 文件包含在偏移 0x1bab 处开始的字符，该字符在当前源字符集中无效(代码页 65001)。
E:\c++documents\My project\QT\QT-\QtWidgetsApplication1\uploader.cpp(1,1): warning C4828: 文件包含在偏移 0x1cc7 处开始的字符，该字符在当前源字符集中无效(代码页 65001)。
E:\c++documents\My project\QT\QT-\QtWidgetsApplication1\uploader.cpp(1,1): warning C4828: 文件包含在偏移 0x1ccb 处开始的字符，该字符在当前源字符集中无效(代码页 65001)。
E:\c++documents\My project\QT\QT-\QtWidgetsApplication1\uploader.cpp(1,1): warning C4828: 文件包含在偏移 0x1ccd 处开始的字符，该字符在当前源字符集中无效(代码页 65001)。
E:\c++documents\My project\QT\QT-\QtWidgetsApplication1\uploader.cpp(1,1): warning C4828: 文件包含在偏移 0x1cd2 处开始的字符，该字符在当前源字符集中无效(代码页 65001)。
E:\c++documents\My project\QT\QT-\QtWidgetsApplication1\uploader.cpp(1,1): warning C4828: 文件包含在偏移 0x1d52 处开始的字符，该字符在当前源字符集中无效(代码页 65001)。
E:\c++documents\My project\QT\QT-\QtWidgetsApplication1\uploader.cpp(1,1): warning C4828: 文件包含在偏移 0x1d56 处开始的字符，该字符在当前源字符集中无效(代码页 65001)。
E:\c++documents\My project\QT\QT-\QtWidgetsApplication1\uploader.cpp(1,1): warning C4828: 文件包含在偏移 0x1d58 处开始的字符，该字符在当前源字符集中无效(代码页 65001)。
E:\c++documents\My project\QT\QT-\QtWidgetsApplication1\uploader.cpp(1,1): warning C4828: 文件包含在偏移 0x1d59 处开始的字符，该字符在当前源字符集中无效(代码页 65001)。
E:\c++documents\My project\QT\QT-\QtWidgetsApplication1\uploader.cpp(1,1): warning C4828: 文件包含在偏移 0x1d5b 处开始的字符，该字符在当前源字符集中无效(代码页 65001)。
E:\c++documents\My project\QT\QT-\QtWidgetsApplication1\uploader.cpp(1,1): warning C4828: 文件包含在偏移 0x1d5c 处开始的字符，该字符在当前源字符集中无效(代码页 65001)。
E:\c++documents\My project\QT\QT-\QtWidgetsApplication1\uploader.cpp(1,1): warning C4828: 文件包含在偏移 0x1e09 处开始的字符，该字符在当前源字符集中无效(代码页 65001)。
E:\c++documents\My project\QT\QT-\QtWidgetsApplication1\uploader.cpp(1,1): warning C4828: 文件包含在偏移 0x1e0b 处开始的字符，该字符在当前源字符集中无效(代码页 65001)。
E:\c++documents\My project\QT\QT-\QtWidgetsApplication1\uploader.cpp(1,1): warning C4828: 文件包含在偏移 0x1e0d 处开始的字符，该字符在当前源字符集中无效(代码页 65001)。
E:\c++documents\My project\QT\QT-\QtWidgetsApplication1\uploader.cpp(1,1): warning C4828: 文件包含在偏移 0x1e0e 处开始的字符，该字符在当前源字符集中无效(代码页 65001)。
E:\c++documents\My project\QT\QT-\QtWidgetsApplication1\uploader.cpp(1,1): warning C4828: 文件包含在偏移 0x1e16 处开始的字符，该字符在当前源字符集中无效(代码页 65001)。
E:\c++documents\My project\QT\QT-\QtWidgetsApplication1\uploader.cpp(1,1): warning C4828: 文件包含在偏移 0x1e19 处开始的字符，该字符在当前源字符集中无效(代码页 65001)。
E:\c++documents\My project\QT\QT-\QtWidgetsApplication1\uploader.cpp(1,1): warning C4828: 文件包含在偏移 0x1ed9 处开始的字符，该字符在当前源字符集中无效(代码页 65001)。
E:\c++documents\My project\QT\QT-\QtWidgetsApplication1\uploader.cpp(1,1): warning C4828: 文件包含在偏移 0x1eda 处开始的字符，该字符在当前源字符集中无效(代码页 65001)。
E:\c++documents\My project\QT\QT-\QtWidgetsApplication1\uploader.cpp(1,1): warning C4828: 文件包含在偏移 0x1ee3 处开始的字符，该字符在当前源字符集中无效(代码页 65001)。
E:\c++documents\My project\QT\QT-\QtWidgetsApplication1\uploader.cpp(1,1): warning C4828: 文件包含在偏移 0x1ee5 处开始的字符，该字符在当前源字符集中无效(代码页 65001)。
E:\c++documents\My project\QT\QT-\QtWidgetsApplication1\uploader.cpp(1,1): warning C4828: 文件包含在偏移 0x1ee6 处开始的字符，该字符在当前源字符集中无效(代码页 65001)。
E:\c++documents\My project\QT\QT-\QtWidgetsApplication1\uploader.cpp(1,1): warning C4828: 文件包含在偏移 0x1eec 处开始的字符，该字符在当前源字符集中无效(代码页 65001)。
E:\c++documents\My project\QT\QT-\QtWidgetsApplication1\uploader.cpp(1,1): warning C4828: 文件包含在偏移 0x1eed 处开始的字符，该字符在当前源字符集中无效(代码页 65001)。
E:\c++documents\My project\QT\QT-\QtWidgetsApplication1\uploader.cpp(1,1): warning C4828: 文件包含在偏移 0x1eef 处开始的字符，该字符在当前源字符集中无效(代码页 65001)。
E:\c++documents\My project\QT\QT-\QtWidgetsApplication1\uploader.cpp(1,1): warning C4828: 文件包含在偏移 0x1ef3 处开始的字符，该字符在当前源字符集中无效(代码页 65001)。
E:\c++documents\My project\QT\QT-\QtWidgetsApplication1\uploader.cpp(1,1): warning C4828: 文件包含在偏移 0x1ef4 处开始的字符，该字符在当前源字符集中无效(代码页 65001)。
E:\c++documents\My project\QT\QT-\QtWidgetsApplication1\uploader.cpp(1,1): warning C4828: 文件包含在偏移 0x1ef8 处开始的字符，该字符在当前源字符集中无效(代码页 65001)。
E:\c++documents\My project\QT\QT-\QtWidgetsApplication1\uploader.cpp(1,1): warning C4828: 文件包含在偏移 0x1f11 处开始的字符，该字符在当前源字符集中无效(代码页 65001)。
E:\c++documents\My project\QT\QT-\QtWidgetsApplication1\uploader.cpp(1,1): warning C4828: 文件包含在偏移 0x1f12 处开始的字符，该字符在当前源字符集中无效(代码页 65001)。
E:\c++documents\My project\QT\QT-\QtWidgetsApplication1\uploader.cpp(1,1): warning C4828: 文件包含在偏移 0x1f1b 处开始的字符，该字符在当前源字符集中无效(代码页 65001)。
E:\c++documents\My project\QT\QT-\QtWidgetsApplication1\uploader.cpp(1,1): warning C4828: 文件包含在偏移 0x1f1d 处开始的字符，该字符在当前源字符集中无效(代码页 65001)。
E:\c++documents\My project\QT\QT-\QtWidgetsApplication1\uploader.cpp(1,1): warning C4828: 文件包含在偏移 0x1f1e 处开始的字符，该字符在当前源字符集中无效(代码页 65001)。
E:\c++documents\My project\QT\QT-\QtWidgetsApplication1\uploader.cpp(1,1): warning C4828: 文件包含在偏移 0x1f22 处开始的字符，该字符在当前源字符集中无效(代码页 65001)。
E:\c++documents\My project\QT\QT-\QtWidgetsApplication1\uploader.cpp(1,1): warning C4828: 文件包含在偏移 0x1f9f 处开始的字符，该字符在当前源字符集中无效(代码页 65001)。
E:\c++documents\My project\QT\QT-\QtWidgetsApplication1\uploader.cpp(1,1): warning C4828: 文件包含在偏移 0x1fa0 处开始的字符，该字符在当前源字符集中无效(代码页 65001)。
E:\c++documents\My project\QT\QT-\QtWidgetsApplication1\uploader.cpp(1,1): warning C4828: 文件包含在偏移 0x1fa3 处开始的字符，该字符在当前源字符集中无效(代码页 65001)。
E:\c++documents\My project\QT\QT-\QtWidgetsApplication1\uploader.cpp(1,1): warning C4828: 文件包含在偏移 0x1fa5 处开始的字符，该字符在当前源字符集中无效(代码页 65001)。
E:\c++documents\My project\QT\QT-\QtWidgetsApplication1\uploader.cpp(1,1): warning C4828: 文件包含在偏移 0x1fa9 处开始的字符，该字符在当前源字符集中无效(代码页 65001)。
E:\c++documents\My project\QT\QT-\QtWidgetsApplication1\uploader.cpp(1,1): warning C4828: 文件包含在偏移 0x1faa 处开始的字符，该字符在当前源字符集中无效(代码页 65001)。
E:\c++documents\My project\QT\QT-\QtWidgetsApplication1\uploader.cpp(1,1): warning C4828: 文件包含在偏移 0x1fae 处开始的字符，该字符在当前源字符集中无效(代码页 65001)。
E:\c++documents\My project\QT\QT-\QtWidgetsApplication1\uploader.cpp(1,1): warning C4828: 文件包含在偏移 0x1fdd 处开始的字符，该字符在当前源字符集中无效(代码页 65001)。
E:\c++documents\My project\QT\QT-\QtWidgetsApplication1\uploader.cpp(1,1): warning C4828: 文件包含在偏移 0x1fde 处开始的字符，该字符在当前源字符集中无效(代码页 65001)。
E:\c++documents\My project\QT\QT-\QtWidgetsApplication1\uploader.cpp(1,1): warning C4828: 文件包含在偏移 0x1fdf 处开始的字符，该字符在当前源字符集中无效(代码页 65001)。
E:\c++documents\My project\QT\QT-\QtWidgetsApplication1\uploader.cpp(1,1): warning C4828: 文件包含在偏移 0x1fe0 处开始的字符，该字符在当前源字符集中无效(代码页 65001)。
E:\c++documents\My project\QT\QT-\QtWidgetsApplication1\uploader.cpp(1,1): warning C4828: 文件包含在偏移 0x1fe3 处开始的字符，该字符在当前源字符集中无效(代码页 65001)。
E:\c++documents\My project\QT\QT-\QtWidgetsApplication1\uploader.cpp(1,1): warning C4828: 文件包含在偏移 0x1fe4 处开始的字符，该字符在当前源字符集中无效(代码页 65001)。
E:\c++documents\My project\QT\QT-\QtWidgetsApplication1\uploader.cpp(1,1): warning C4828: 文件包含在偏移 0x2038 处开始的字符，该字符在当前源字符集中无效(代码页 65001)。
E:\c++documents\My project\QT\QT-\QtWidgetsApplication1\uploader.cpp(1,1): warning C4828: 文件包含在偏移 0x2039 处开始的字符，该字符在当前源字符集中无效(代码页 65001)。
E:\c++documents\My project\QT\QT-\QtWidgetsApplication1\uploader.cpp(1,1): warning C4828: 文件包含在偏移 0x203e 处开始的字符，该字符在当前源字符集中无效(代码页 65001)。
E:\c++documents\My project\QT\QT-\QtWidgetsApplication1\uploader.cpp(1,1): warning C4828: 文件包含在偏移 0x203f 处开始的字符，该字符在当前源字符集中无效(代码页 65001)。
E:\c++documents\My project\QT\QT-\QtWidgetsApplication1\uploader.cpp(1,1): warning C4828: 文件包含在偏移 0x2040 处开始的字符，该字符在当前源字符集中无效(代码页 65001)。
E:\c++documents\My project\QT\QT-\QtWidgetsApplication1\uploader.cpp(1,1): warning C4828: 文件包含在偏移 0x2041 处开始的字符，该字符在当前源字符集中无效(代码页 65001)。
E:\c++documents\My project\QT\QT-\QtWidgetsApplication1\uploader.cpp(1,1): warning C4828: 文件包含在偏移 0x2044 处开始的字符，该字符在当前源字符集中无效(代码页 65001)。
E:\c++documents\My project\QT\QT-\QtWidgetsApplication1\uploader.cpp(1,1): warning C4828: 文件包含在偏移 0x2045 处开始的字符，该字符在当前源字符集中无效(代码页 65001)。
E:\c++documents\My project\QT\QT-\QtWidgetsApplication1\uploader.cpp(1,1): warning C4828: 文件包含在偏移 0x2046 处开始的字符，该字符在当前源字符集中无效(代码页 65001)。
E:\c++documents\My project\QT\QT-\QtWidgetsApplication1\uploader.cpp(1,1): warning C4828: 文件包含在偏移 0x2048 处开始的字符，该字符在当前源字符集中无效(代码页 65001)。
E:\c++documents\My project\QT\QT-\QtWidgetsApplication1\uploader.cpp(1,1): warning C4828: 文件包含在偏移 0x204a 处开始的字符，该字符在当前源字符集中无效(代码页 65001)。
E:\c++documents\My project\QT\QT-\QtWidgetsApplication1\uploader.cpp(1,1): warning C4828: 文件包含在偏移 0x204b 处开始的字符，该字符在当前源字符集中无效(代码页 65001)。
E:\c++documents\My project\QT\QT-\QtWidgetsApplication1\uploader.cpp(1,1): warning C4828: 文件包含在偏移 0x204c 处开始的字符，该字符在当前源字符集中无效(代码页 65001)。
E:\c++documents\My project\QT\QT-\QtWidgetsApplication1\uploader.cpp(1,1): warning C4828: 文件包含在偏移 0x204d 处开始的字符，该字符在当前源字符集中无效(代码页 65001)。
E:\c++documents\My project\QT\QT-\QtWidgetsApplication1\uploader.cpp(1,1): warning C4828: 文件包含在偏移 0x20e7 处开始的字符，该字符在当前源字符集中无效(代码页 65001)。
E:\c++documents\My project\QT\QT-\QtWidgetsApplication1\uploader.cpp(1,1): warning C4828: 文件包含在偏移 0x20e8 处开始的字符，该字符在当前源字符集中无效(代码页 65001)。
E:\c++documents\My project\QT\QT-\QtWidgetsApplication1\uploader.cpp(1,1): warning C4828: 文件包含在偏移 0x20ed 处开始的字符，该字符在当前源字符集中无效(代码页 65001)。
E:\c++documents\My project\QT\QT-\QtWidgetsApplication1\uploader.cpp(1,1): warning C4828: 文件包含在偏移 0x20ef 处开始的字符，该字符在当前源字符集中无效(代码页 65001)。
E:\c++documents\My project\QT\QT-\QtWidgetsApplication1\uploader.cpp(1,1): warning C4828: 文件包含在偏移 0x20f0 处开始的字符，该字符在当前源字符集中无效(代码页 65001)。
E:\c++documents\My project\QT\QT-\QtWidgetsApplication1\uploader.cpp(1,1): warning C4828: 文件包含在偏移 0x2135 处开始的字符，该字符在当前源字符集中无效(代码页 65001)。
E:\c++documents\My project\QT\QT-\QtWidgetsApplication1\uploader.cpp(1,1): warning C4828: 文件包含在偏移 0x2138 处开始的字符，该字符在当前源字符集中无效(代码页 65001)。
E:\c++documents\My project\QT\QT-\QtWidgetsApplication1\uploader.cpp(1,1): warning C4828: 文件包含在偏移 0x213b 处开始的字符，该字符在当前源字符集中无效(代码页 65001)。
E:\c++documents\My project\QT\QT-\QtWidgetsApplication1\uploader.cpp(1,1): warning C4828: 文件包含在偏移 0x213c 处开始的字符，该字符在当前源字符集中无效(代码页 65001)。
E:\c++documents\My project\QT\QT-\QtWidgetsApplication1\uploader.cpp(1,1): warning C4828: 文件包含在偏移 0x226d 处开始的字符，该字符在当前源字符集中无效(代码页 65001)。
E:\c++documents\My project\QT\QT-\QtWidgetsApplication1\uploader.cpp(1,1): warning C4828: 文件包含在偏移 0x226f 处开始的字符，该字符在当前源字符集中无效(代码页 65001)。
E:\c++documents\My project\QT\QT-\QtWidgetsApplication1\uploader.cpp(1,1): warning C4828: 文件包含在偏移 0x2270 处开始的字符，该字符在当前源字符集中无效(代码页 65001)。
E:\c++documents\My project\QT\QT-\QtWidgetsApplication1\uploader.cpp(1,1): warning C4828: 文件包含在偏移 0x2271 处开始的字符，该字符在当前源字符集中无效(代码页 65001)。
E:\c++documents\My project\QT\QT-\QtWidgetsApplication1\uploader.cpp(1,1): warning C4828: 文件包含在偏移 0x2277 处开始的字符，该字符在当前源字符集中无效(代码页 65001)。
E:\c++documents\My project\QT\QT-\QtWidgetsApplication1\uploader.cpp(1,1): warning C4828: 文件包含在偏移 0x2279 处开始的字符，该字符在当前源字符集中无效(代码页 65001)。
E:\c++documents\My project\QT\QT-\QtWidgetsApplication1\uploader.cpp(1,1): warning C4828: 文件包含在偏移 0x227a 处开始的字符，该字符在当前源字符集中无效(代码页 65001)。
E:\c++documents\My project\QT\QT-\QtWidgetsApplication1\uploader.cpp(1,1): warning C4828: 文件包含在偏移 0x227b 处开始的字符，该字符在当前源字符集中无效(代码页 65001)。
E:\c++documents\My project\QT\QT-\QtWidgetsApplication1\uploader.cpp(1,1): warning C4828: 文件包含在偏移 0x227c 处开始的字符，该字符在当前源字符集中无效(代码页 65001)。
E:\c++documents\My project\QT\QT-\QtWidgetsApplication1\uploader.cpp(1,1): warning C4828: 文件包含在偏移 0x22d4 处开始的字符，该字符在当前源字符集中无效(代码页 65001)。
E:\c++documents\My project\QT\QT-\QtWidgetsApplication1\uploader.cpp(1,1): warning C4828: 文件包含在偏移 0x22d5 处开始的字符，该字符在当前源字符集中无效(代码页 65001)。
E:\c++documents\My project\QT\QT-\QtWidgetsApplication1\uploader.cpp(1,1): warning C4828: 文件包含在偏移 0x22d6 处开始的字符，该字符在当前源字符集中无效(代码页 65001)。
E:\c++documents\My project\QT\QT-\QtWidgetsApplication1\uploader.cpp(1,1): warning C4828: 文件包含在偏移 0x22d7 处开始的字符，该字符在当前源字符集中无效(代码页 65001)。
E:\c++documents\My project\QT\QT-\QtWidgetsApplication1\uploader.cpp(1,1): warning C4828: 文件包含在偏移 0x235a 处开始的字符，该字符在当前源字符集中无效(代码页 65001)。
E:\c++documents\My project\QT\QT-\QtWidgetsApplication1\uploader.cpp(1,1): warning C4828: 文件包含在偏移 0x235c 处开始的字符，该字符在当前源字符集中无效(代码页 65001)。
E:\c++documents\My project\QT\QT-\QtWidgetsApplication1\uploader.cpp(1,1): warning C4828: 文件包含在偏移 0x235d 处开始的字符，该字符在当前源字符集中无效(代码页 65001)。
E:\c++documents\My project\QT\QT-\QtWidgetsApplication1\uploader.cpp(1,1): warning C4828: 文件包含在偏移 0x235e 处开始的字符，该字符在当前源字符集中无效(代码页 65001)。
E:\c++documents\My project\QT\QT-\QtWidgetsApplication1\uploader.cpp(1,1): warning C4828: 文件包含在偏移 0x2360 处开始的字符，该字符在当前源字符集中无效(代码页 65001)。
E:\c++documents\My project\QT\QT-\QtWidgetsApplication1\uploader.cpp(1,1): warning C4828: 文件包含在偏移 0x2362 处开始的字符，该字符在当前源字符集中无效(代码页 65001)。
E:\c++documents\My project\QT\QT-\QtWidgetsApplication1\uploader.cpp(1,1): warning C4828: 文件包含在偏移 0x2363 处开始的字符，该字符在当前源字符集中无效(代码页 65001)。
E:\c++documents\My project\QT\QT-\QtWidgetsApplication1\uploader.cpp(1,1): warning C4828: 文件包含在偏移 0x2364 处开始的字符，该字符在当前源字符集中无效(代码页 65001)。
E:\c++documents\My project\QT\QT-\QtWidgetsApplication1\uploader.cpp(1,1): warning C4828: 文件包含在偏移 0x2366 处开始的字符，该字符在当前源字符集中无效(代码页 65001)。
E:\c++documents\My project\QT\QT-\QtWidgetsApplication1\uploader.cpp(1,1): warning C4828: 文件包含在偏移 0x2367 处开始的字符，该字符在当前源字符集中无效(代码页 65001)。
E:\c++documents\My project\QT\QT-\QtWidgetsApplication1\uploader.cpp(1,1): warning C4828: 文件包含在偏移 0x2368 处开始的字符，该字符在当前源字符集中无效(代码页 65001)。
E:\c++documents\My project\QT\QT-\QtWidgetsApplication1\uploader.cpp(1,1): warning C4828: 文件包含在偏移 0x236a 处开始的字符，该字符在当前源字符集中无效(代码页 65001)。
E:\c++documents\My project\QT\QT-\QtWidgetsApplication1\uploader.cpp(1,1): warning C4828: 文件包含在偏移 0x236c 处开始的字符，该字符在当前源字符集中无效(代码页 65001)。
E:\c++documents\My project\QT\QT-\QtWidgetsApplication1\uploader.cpp(1,1): warning C4828: 文件包含在偏移 0x236d 处开始的字符，该字符在当前源字符集中无效(代码页 65001)。
E:\c++documents\My project\QT\QT-\QtWidgetsApplication1\uploader.cpp(1,1): warning C4828: 文件包含在偏移 0x23c9 处开始的字符，该字符在当前源字符集中无效(代码页 65001)。
E:\c++documents\My project\QT\QT-\QtWidgetsApplication1\uploader.cpp(1,1): warning C4828: 文件包含在偏移 0x23ca 处开始的字符，该字符在当前源字符集中无效(代码页 65001)。
E:\c++documents\My project\QT\QT-\QtWidgetsApplication1\uploader.cpp(1,1): warning C4828: 文件包含在偏移 0x23cb 处开始的字符，该字符在当前源字符集中无效(代码页 65001)。
E:\c++documents\My project\QT\QT-\QtWidgetsApplication1\uploader.cpp(1,1): warning C4828: 文件包含在偏移 0x23cd 处开始的字符，该字符在当前源字符集中无效(代码页 65001)。
E:\c++documents\My project\QT\QT-\QtWidgetsApplication1\uploader.cpp(1,1): warning C4828: 文件包含在偏移 0x23cf 处开始的字符，该字符在当前源字符集中无效(代码页 65001)。
E:\c++documents\My project\QT\QT-\QtWidgetsApplication1\uploader.cpp(1,1): warning C4828: 文件包含在偏移 0x23d0 处开始的字符，该字符在当前源字符集中无效(代码页 65001)。
E:\c++documents\My project\QT\QT-\QtWidgetsApplication1\uploader.cpp(1,1): warning C4828: 文件包含在偏移 0x23e2 处开始的字符，该字符在当前源字符集中无效(代码页 65001)。
E:\c++documents\My project\QT\QT-\QtWidgetsApplication1\uploader.cpp(1,1): warning C4828: 文件包含在偏移 0x23e3 处开始的字符，该字符在当前源字符集中无效(代码页 65001)。
E:\c++documents\My project\QT\QT-\QtWidgetsApplication1\uploader.cpp(1,1): warning C4828: 文件包含在偏移 0x245b 处开始的字符，该字符在当前源字符集中无效(代码页 65001)。
E:\c++documents\My project\QT\QT-\QtWidgetsApplication1\uploader.cpp(1,1): warning C4828: 文件包含在偏移 0x245d 处开始的字符，该字符在当前源字符集中无效(代码页 65001)。
E:\c++documents\My project\QT\QT-\QtWidgetsApplication1\uploader.cpp(1,1): warning C4828: 文件包含在偏移 0x245e 处开始的字符，该字符在当前源字符集中无效(代码页 65001)。
E:\c++documents\My project\QT\QT-\QtWidgetsApplication1\uploader.cpp(1,1): warning C4828: 文件包含在偏移 0x245f 处开始的字符，该字符在当前源字符集中无效(代码页 65001)。
E:\c++documents\My project\QT\QT-\QtWidgetsApplication1\uploader.cpp(1,1): warning C4828: 文件包含在偏移 0x2462 处开始的字符，该字符在当前源字符集中无效(代码页 65001)。
E:\c++documents\My project\QT\QT-\QtWidgetsApplication1\uploader.cpp(1,1): warning C4828: 文件包含在偏移 0x2463 处开始的字符，该字符在当前源字符集中无效(代码页 65001)。
E:\c++documents\My project\QT\QT-\QtWidgetsApplication1\uploader.cpp(1,1): warning C4828: 文件包含在偏移 0x2464 处开始的字符，该字符在当前源字符集中无效(代码页 65001)。
E:\c++documents\My project\QT\QT-\QtWidgetsApplication1\uploader.cpp(1,1): warning C4828: 文件包含在偏移 0x2467 处开始的字符，该字符在当前源字符集中无效(代码页 65001)。
E:\c++documents\My project\QT\QT-\QtWidgetsApplication1\uploader.cpp(1,1): warning C4828: 文件包含在偏移 0x2468 处开始的字符，该字符在当前源字符集中无效(代码页 65001)。
E:\c++documents\My project\QT\QT-\QtWidgetsApplication1\uploader.cpp(1,1): warning C4828: 文件包含在偏移 0x24a5 处开始的字符，该字符在当前源字符集中无效(代码页 65001)。
E:\c++documents\My project\QT\QT-\QtWidgetsApplication1\uploader.cpp(1,1): warning C4828: 文件包含在偏移 0x24a7 处开始的字符，该字符在当前源字符集中无效(代码页 65001)。
E:\c++documents\My project\QT\QT-\QtWidgetsApplication1\uploader.cpp(1,1): warning C4828: 文件包含在偏移 0x24a8 处开始的字符，该字符在当前源字符集中无效(代码页 65001)。
E:\c++documents\My project\QT\QT-\QtWidgetsApplication1\uploader.cpp(1,1): warning C4828: 文件包含在偏移 0x24a9 处开始的字符，该字符在当前源字符集中无效(代码页 65001)。
E:\c++documents\My project\QT\QT-\QtWidgetsApplication1\uploader.cpp(1,1): warning C4828: 文件包含在偏移 0x24ac 处开始的字符，该字符在当前源字符集中无效(代码页 65001)。
E:\c++documents\My project\QT\QT-\QtWidgetsApplication1\uploader.cpp(1,1): warning C4828: 文件包含在偏移 0x24ad 处开始的字符，该字符在当前源字符集中无效(代码页 65001)。
E:\c++documents\My project\QT\QT-\QtWidgetsApplication1\uploader.cpp(1,1): warning C4828: 文件包含在偏移 0x24ae 处开始的字符，该字符在当前源字符集中无效(代码页 65001)。
E:\c++documents\My project\QT\QT-\QtWidgetsApplication1\uploader.cpp(1,1): warning C4828: 文件包含在偏移 0x24b1 处开始的字符，该字符在当前源字符集中无效(代码页 65001)。
E:\c++documents\My project\QT\QT-\QtWidgetsApplication1\uploader.cpp(1,1): warning C4828: 文件包含在偏移 0x24b2 处开始的字符，该字符在当前源字符集中无效(代码页 65001)。
E:\c++documents\My project\QT\QT-\QtWidgetsApplication1\uploader.cpp(1,1): warning C4828: 文件包含在偏移 0x252b 处开始的字符，该字符在当前源字符集中无效(代码页 65001)。
E:\c++documents\My project\QT\QT-\QtWidgetsApplication1\uploader.cpp(1,1): warning C4828: 文件包含在偏移 0x252c 处开始的字符，该字符在当前源字符集中无效(代码页 65001)。
E:\c++documents\My project\QT\QT-\QtWidgetsApplication1\uploader.cpp(1,1): warning C4828: 文件包含在偏移 0x252d 处开始的字符，该字符在当前源字符集中无效(代码页 65001)。
E:\c++documents\My project\QT\QT-\QtWidgetsApplication1\uploader.cpp(1,1): warning C4828: 文件包含在偏移 0x252e 处开始的字符，该字符在当前源字符集中无效(代码页 65001)。
E:\c++documents\My project\QT\QT-\QtWidgetsApplication1\uploader.cpp(1,1): warning C4828: 文件包含在偏移 0x2531 处开始的字符，该字符在当前源字符集中无效(代码页 65001)。
E:\c++documents\My project\QT\QT-\QtWidgetsApplication1\uploader.cpp(1,1): warning C4828: 文件包含在偏移 0x2532 处开始的字符，该字符在当前源字符集中无效(代码页 65001)。
E:\c++documents\My project\QT\QT-\QtWidgetsApplication1\uploader.cpp(1,1): warning C4828: 文件包含在偏移 0x2536 处开始的字符，该字符在当前源字符集中无效(代码页 65001)。
E:\c++documents\My project\QT\QT-\QtWidgetsApplication1\uploader.cpp(1,1): warning C4828: 文件包含在偏移 0x2538 处开始的字符，该字符在当前源字符集中无效(代码页 65001)。
E:\c++documents\My project\QT\QT-\QtWidgetsApplication1\uploader.cpp(1,1): warning C4828: 文件包含在偏移 0x253b 处开始的字符，该字符在当前源字符集中无效(代码页 65001)。
E:\c++documents\My project\QT\QT-\QtWidgetsApplication1\uploader.cpp(1,1): warning C4828: 文件包含在偏移 0x253c 处开始的字符，该字符在当前源字符集中无效(代码页 65001)。
E:\c++documents\My project\QT\QT-\QtWidgetsApplication1\uploader.cpp(1,1): warning C4828: 文件包含在偏移 0x259d 处开始的字符，该字符在当前源字符集中无效(代码页 65001)。
E:\c++documents\My project\QT\QT-\QtWidgetsApplication1\uploader.cpp(1,1): warning C4828: 文件包含在偏移 0x259f 处开始的字符，该字符在当前源字符集中无效(代码页 65001)。
E:\c++documents\My project\QT\QT-\QtWidgetsApplication1\uploader.cpp(1,1): warning C4828: 文件包含在偏移 0x25a0 处开始的字符，该字符在当前源字符集中无效(代码页 65001)。
E:\c++documents\My project\QT\QT-\QtWidgetsApplication1\uploader.cpp(1,1): warning C4828: 文件包含在偏移 0x25a5 处开始的字符，该字符在当前源字符集中无效(代码页 65001)。
E:\c++documents\My project\QT\QT-\QtWidgetsApplication1\uploader.cpp(1,1): warning C4828: 文件包含在偏移 0x25a6 处开始的字符，该字符在当前源字符集中无效(代码页 65001)。
E:\c++documents\My project\QT\QT-\QtWidgetsApplication1\uploader.cpp(1,1): warning C4828: 文件包含在偏移 0x2608 处开始的字符，该字符在当前源字符集中无效(代码页 65001)。
E:\c++documents\My project\QT\QT-\QtWidgetsApplication1\uploader.cpp(1,1): warning C4828: 文件包含在偏移 0x2609 处开始的字符，该字符在当前源字符集中无效(代码页 65001)。
E:\c++documents\My project\QT\QT-\QtWidgetsApplication1\uploader.cpp(1,1): warning C4828: 文件包含在偏移 0x260c 处开始的字符，该字符在当前源字符集中无效(代码页 65001)。
E:\c++documents\My project\QT\QT-\QtWidgetsApplication1\uploader.cpp(1,1): warning C4828: 文件包含在偏移 0x26d9 处开始的字符，该字符在当前源字符集中无效(代码页 65001)。
E:\c++documents\My project\QT\QT-\QtWidgetsApplication1\uploader.cpp(1,1): warning C4828: 文件包含在偏移 0x26db 处开始的字符，该字符在当前源字符集中无效(代码页 65001)。
E:\c++documents\My project\QT\QT-\QtWidgetsApplication1\uploader.cpp(1,1): warning C4828: 文件包含在偏移 0x26dd 处开始的字符，该字符在当前源字符集中无效(代码页 65001)。
E:\c++documents\My project\QT\QT-\QtWidgetsApplication1\uploader.cpp(1,1): warning C4828: 文件包含在偏移 0x26de 处开始的字符，该字符在当前源字符集中无效(代码页 65001)。
E:\c++documents\My project\QT\QT-\QtWidgetsApplication1\uploader.cpp(1,1): warning C4828: 文件包含在偏移 0x26df 处开始的字符，该字符在当前源字符集中无效(代码页 65001)。
E:\c++documents\My project\QT\QT-\QtWidgetsApplication1\uploader.cpp(1,1): warning C4828: 文件包含在偏移 0x26e1 处开始的字符，该字符在当前源字符集中无效(代码页 65001)。
E:\c++documents\My project\QT\QT-\QtWidgetsApplication1\uploader.cpp(1,1): warning C4828: 文件包含在偏移 0x26e5 处开始的字符，该字符在当前源字符集中无效(代码页 65001)。
E:\c++documents\My project\QT\QT-\QtWidgetsApplication1\uploader.cpp(1,1): warning C4828: 文件包含在偏移 0x26e7 处开始的字符，该字符在当前源字符集中无效(代码页 65001)。
E:\c++documents\My project\QT\QT-\QtWidgetsApplication1\uploader.cpp(1,1): warning C4828: 文件包含在偏移 0x26e8 处开始的字符，该字符在当前源字符集中无效(代码页 65001)。
E:\c++documents\My project\QT\QT-\QtWidgetsApplication1\uploader.cpp(1,1): warning C4828: 文件包含在偏移 0x28a6 处开始的字符，该字符在当前源字符集中无效(代码页 65001)。
E:\c++documents\My project\QT\QT-\QtWidgetsApplication1\uploader.cpp(1,1): warning C4828: 文件包含在偏移 0x28ad 处开始的字符，该字符在当前源字符集中无效(代码页 65001)。
E:\c++documents\My project\QT\QT-\QtWidgetsApplication1\uploader.cpp(1,1): warning C4828: 文件包含在偏移 0x28ae 处开始的字符，该字符在当前源字符集中无效(代码页 65001)。
E:\c++documents\My project\QT\QT-\QtWidgetsApplication1\uploader.cpp(1,1): warning C4828: 文件包含在偏移 0x28b1 处开始的字符，该字符在当前源字符集中无效(代码页 65001)。
E:\c++documents\My project\QT\QT-\QtWidgetsApplication1\uploader.cpp(1,1): warning C4828: 文件包含在偏移 0x28b2 处开始的字符，该字符在当前源字符集中无效(代码页 65001)。
E:\c++documents\My project\QT\QT-\QtWidgetsApplication1\uploader.cpp(1,1): warning C4828: 文件包含在偏移 0x28b4 处开始的字符，该字符在当前源字符集中无效(代码页 65001)。
E:\c++documents\My project\QT\QT-\QtWidgetsApplication1\uploader.cpp(1,1): warning C4828: 文件包含在偏移 0x28b5 处开始的字符，该字符在当前源字符集中无效(代码页 65001)。
E:\c++documents\My project\QT\QT-\QtWidgetsApplication1\uploader.cpp(1,1): warning C4828: 文件包含在偏移 0x28b6 处开始的字符，该字符在当前源字符集中无效(代码页 65001)。
E:\c++documents\My project\QT\QT-\QtWidgetsApplication1\uploader.cpp(1,1): warning C4828: 文件包含在偏移 0x292d 处开始的字符，该字符在当前源字符集中无效(代码页 65001)。
E:\c++documents\My project\QT\QT-\QtWidgetsApplication1\uploader.cpp(1,1): warning C4828: 文件包含在偏移 0x2931 处开始的字符，该字符在当前源字符集中无效(代码页 65001)。
E:\c++documents\My project\QT\QT-\QtWidgetsApplication1\uploader.cpp(1,1): warning C4828: 文件包含在偏移 0x2933 处开始的字符，该字符在当前源字符集中无效(代码页 65001)。
E:\c++documents\My project\QT\QT-\QtWidgetsApplication1\uploader.cpp(1,1): warning C4828: 文件包含在偏移 0x2934 处开始的字符，该字符在当前源字符集中无效(代码页 65001)。
E:\c++documents\My project\QT\QT-\QtWidgetsApplication1\uploader.cpp(1,1): warning C4828: 文件包含在偏移 0x2935 处开始的字符，该字符在当前源字符集中无效(代码页 65001)。
E:\c++documents\My project\QT\QT-\QtWidgetsApplication1\uploader.cpp(1,1): warning C4828: 文件包含在偏移 0x2938 处开始的字符，该字符在当前源字符集中无效(代码页 65001)。
E:\c++documents\My project\QT\QT-\QtWidgetsApplication1\uploader.cpp(1,1): warning C4828: 文件包含在偏移 0x2939 处开始的字符，该字符在当前源字符集中无效(代码页 65001)。
E:\c++documents\My project\QT\QT-\QtWidgetsApplication1\uploader.cpp(1,1): warning C4828: 文件包含在偏移 0x293b 处开始的字符，该字符在当前源字符集中无效(代码页 65001)。
E:\c++documents\My project\QT\QT-\QtWidgetsApplication1\uploader.cpp(1,1): warning C4828: 文件包含在偏移 0x293e 处开始的字符，该字符在当前源字符集中无效(代码页 65001)。
E:\c++documents\My project\QT\QT-\QtWidgetsApplication1\uploader.cpp(1,1): warning C4828: 文件包含在偏移 0x29c2 处开始的字符，该字符在当前源字符集中无效(代码页 65001)。
E:\c++documents\My project\QT\QT-\QtWidgetsApplication1\uploader.cpp(1,1): warning C4828: 文件包含在偏移 0x29c3 处开始的字符，该字符在当前源字符集中无效(代码页 65001)。
E:\c++documents\My project\QT\QT-\QtWidgetsApplication1\uploader.cpp(1,1): warning C4828: 文件包含在偏移 0x29c4 处开始的字符，该字符在当前源字符集中无效(代码页 65001)。
E:\c++documents\My project\QT\QT-\QtWidgetsApplication1\uploader.cpp(1,1): warning C4828: 文件包含在偏移 0x29c6 处开始的字符，该字符在当前源字符集中无效(代码页 65001)。
E:\c++documents\My project\QT\QT-\QtWidgetsApplication1\uploader.cpp(1,1): warning C4828: 文件包含在偏移 0x29ca 处开始的字符，该字符在当前源字符集中无效(代码页 65001)。
E:\c++documents\My project\QT\QT-\QtWidgetsApplication1\uploader.cpp(1,1): warning C4828: 文件包含在偏移 0x29cc 处开始的字符，该字符在当前源字符集中无效(代码页 65001)。
E:\c++documents\My project\QT\QT-\QtWidgetsApplication1\uploader.cpp(1,1): warning C4828: 文件包含在偏移 0x29cd 处开始的字符，该字符在当前源字符集中无效(代码页 65001)。
E:\c++documents\My project\QT\QT-\QtWidgetsApplication1\uploader.cpp(1,1): warning C4828: 文件包含在偏移 0x29ce 处开始的字符，该字符在当前源字符集中无效(代码页 65001)。
E:\c++documents\My project\QT\QT-\QtWidgetsApplication1\uploader.cpp(1,1): warning C4828: 文件包含在偏移 0x29cf 处开始的字符，该字符在当前源字符集中无效(代码页 65001)。
E:\c++documents\My project\QT\QT-\QtWidgetsApplication1\uploader.cpp(1,1): warning C4828: 文件包含在偏移 0x29d1 处开始的字符，该字符在当前源字符集中无效(代码页 65001)。
E:\c++documents\My project\QT\QT-\QtWidgetsApplication1\uploader.cpp(1,1): warning C4828: 文件包含在偏移 0x29d2 处开始的字符，该字符在当前源字符集中无效(代码页 65001)。
E:\c++documents\My project\QT\QT-\QtWidgetsApplication1\uploader.cpp(1,1): warning C4828: 文件包含在偏移 0x29d3 处开始的字符，该字符在当前源字符集中无效(代码页 65001)。
E:\c++documents\My project\QT\QT-\QtWidgetsApplication1\uploader.cpp(1,1): warning C4828: 文件包含在偏移 0x2b4d 处开始的字符，该字符在当前源字符集中无效(代码页 65001)。
E:\c++documents\My project\QT\QT-\QtWidgetsApplication1\uploader.cpp(1,1): warning C4828: 文件包含在偏移 0x2b4e 处开始的字符，该字符在当前源字符集中无效(代码页 65001)。
E:\c++documents\My project\QT\QT-\QtWidgetsApplication1\uploader.cpp(1,1): warning C4828: 文件包含在偏移 0x2b51 处开始的字符，该字符在当前源字符集中无效(代码页 65001)。
E:\c++documents\My project\QT\QT-\QtWidgetsApplication1\uploader.cpp(1,1): warning C4828: 文件包含在偏移 0x2b53 处开始的字符，该字符在当前源字符集中无效(代码页 65001)。
E:\c++documents\My project\QT\QT-\QtWidgetsApplication1\uploader.cpp(1,1): warning C4828: 文件包含在偏移 0x2b55 处开始的字符，该字符在当前源字符集中无效(代码页 65001)。
E:\c++documents\My project\QT\QT-\QtWidgetsApplication1\uploader.cpp(1,1): warning C4828: 文件包含在偏移 0x2b56 处开始的字符，该字符在当前源字符集中无效(代码页 65001)。
E:\c++documents\My project\QT\QT-\QtWidgetsApplication1\uploader.cpp(1,1): warning C4828: 文件包含在偏移 0x2c68 处开始的字符，该字符在当前源字符集中无效(代码页 65001)。
E:\c++documents\My project\QT\QT-\QtWidgetsApplication1\uploader.cpp(1,1): warning C4828: 文件包含在偏移 0x2c6a 处开始的字符，该字符在当前源字符集中无效(代码页 65001)。
E:\c++documents\My project\QT\QT-\QtWidgetsApplication1\uploader.cpp(1,1): warning C4828: 文件包含在偏移 0x2c6c 处开始的字符，该字符在当前源字符集中无效(代码页 65001)。
E:\c++documents\My project\QT\QT-\QtWidgetsApplication1\uploader.cpp(1,1): warning C4828: 文件包含在偏移 0x2c9f 处开始的字符，该字符在当前源字符集中无效(代码页 65001)。
E:\c++documents\My project\QT\QT-\QtWidgetsApplication1\uploader.cpp(1,1): warning C4828: 文件包含在偏移 0x2ca1 处开始的字符，该字符在当前源字符集中无效(代码页 65001)。
E:\c++documents\My project\QT\QT-\QtWidgetsApplication1\uploader.cpp(1,1): warning C4828: 文件包含在偏移 0x2ca3 处开始的字符，该字符在当前源字符集中无效(代码页 65001)。
E:\c++documents\My project\QT\QT-\QtWidgetsApplication1\uploader.cpp(1,1): warning C4828: 文件包含在偏移 0x2ca5 处开始的字符，该字符在当前源字符集中无效(代码页 65001)。
E:\c++documents\My project\QT\QT-\QtWidgetsApplication1\uploader.cpp(1,1): warning C4828: 文件包含在偏移 0x2ca7 处开始的字符，该字符在当前源字符集中无效(代码页 65001)。
E:\c++documents\My project\QT\QT-\QtWidgetsApplication1\uploader.cpp(1,1): warning C4828: 文件包含在偏移 0x2ca8 处开始的字符，该字符在当前源字符集中无效(代码页 65001)。
E:\c++documents\My project\QT\QT-\QtWidgetsApplication1\uploader.cpp(1,1): warning C4828: 文件包含在偏移 0x2caa 处开始的字符，该字符在当前源字符集中无效(代码页 65001)。
E:\c++documents\My project\QT\QT-\QtWidgetsApplication1\uploader.cpp(1,1): warning C4828: 文件包含在偏移 0x2cae 处开始的字符，该字符在当前源字符集中无效(代码页 65001)。
E:\c++documents\My project\QT\QT-\QtWidgetsApplication1\uploader.cpp(1,1): warning C4828: 文件包含在偏移 0x2cb1 处开始的字符，该字符在当前源字符集中无效(代码页 65001)。
E:\c++documents\My project\QT\QT-\QtWidgetsApplication1\uploader.cpp(1,1): warning C4828: 文件包含在偏移 0x2cb2 处开始的字符，该字符在当前源字符集中无效(代码页 65001)。
E:\c++documents\My project\QT\QT-\QtWidgetsApplication1\uploader.cpp(1,1): warning C4828: 文件包含在偏移 0x2cb3 处开始的字符，该字符在当前源字符集中无效(代码页 65001)。
E:\c++documents\My project\QT\QT-\QtWidgetsApplication1\uploader.cpp(1,1): warning C4828: 文件包含在偏移 0x2ea5 处开始的字符，该字符在当前源字符集中无效(代码页 65001)。
E:\c++documents\My project\QT\QT-\QtWidgetsApplication1\uploader.cpp(1,1): warning C4828: 文件包含在偏移 0x2ea7 处开始的字符，该字符在当前源字符集中无效(代码页 65001)。
E:\c++documents\My project\QT\QT-\QtWidgetsApplication1\uploader.cpp(1,1): warning C4828: 文件包含在偏移 0x2ea8 处开始的字符，该字符在当前源字符集中无效(代码页 65001)。
E:\c++documents\My project\QT\QT-\QtWidgetsApplication1\uploader.cpp(1,1): warning C4828: 文件包含在偏移 0x2eae 处开始的字符，该字符在当前源字符集中无效(代码页 65001)。
E:\c++documents\My project\QT\QT-\QtWidgetsApplication1\uploader.cpp(1,1): warning C4828: 文件包含在偏移 0x2eb4 处开始的字符，该字符在当前源字符集中无效(代码页 65001)。
E:\c++documents\My project\QT\QT-\QtWidgetsApplication1\uploader.cpp(1,1): warning C4828: 文件包含在偏移 0x2eb6 处开始的字符，该字符在当前源字符集中无效(代码页 65001)。
E:\c++documents\My project\QT\QT-\QtWidgetsApplication1\uploader.cpp(1,1): warning C4828: 文件包含在偏移 0x2eb8 处开始的字符，该字符在当前源字符集中无效(代码页 65001)。
E:\c++documents\My project\QT\QT-\QtWidgetsApplication1\uploader.cpp(1,1): warning C4828: 文件包含在偏移 0x2eb9 处开始的字符，该字符在当前源字符集中无效(代码页 65001)。
E:\c++documents\My project\QT\QT-\QtWidgetsApplication1\uploader.cpp(1,1): warning C4828: 文件包含在偏移 0x2ebb 处开始的字符，该字符在当前源字符集中无效(代码页 65001)。
E:\c++documents\My project\QT\QT-\QtWidgetsApplication1\uploader.cpp(1,1): warning C4828: 文件包含在偏移 0x2ebc 处开始的字符，该字符在当前源字符集中无效(代码页 65001)。
E:\c++documents\My project\QT\QT-\QtWidgetsApplication1\uploader.cpp(1,1): warning C4828: 文件包含在偏移 0x2ebf 处开始的字符，该字符在当前源字符集中无效(代码页 65001)。
E:\c++documents\My project\QT\QT-\QtWidgetsApplication1\uploader.cpp(1,1): warning C4828: 文件包含在偏移 0x3090 处开始的字符，该字符在当前源字符集中无效(代码页 65001)。
E:\c++documents\My project\QT\QT-\QtWidgetsApplication1\uploader.cpp(1,1): warning C4828: 文件包含在偏移 0x3092 处开始的字符，该字符在当前源字符集中无效(代码页 65001)。
E:\c++documents\My project\QT\QT-\QtWidgetsApplication1\uploader.cpp(1,1): warning C4828: 文件包含在偏移 0x3093 处开始的字符，该字符在当前源字符集中无效(代码页 65001)。
E:\c++documents\My project\QT\QT-\QtWidgetsApplication1\uploader.cpp(1,1): warning C4828: 文件包含在偏移 0x3094 处开始的字符，该字符在当前源字符集中无效(代码页 65001)。
E:\c++documents\My project\QT\QT-\QtWidgetsApplication1\uploader.cpp(1,1): warning C4828: 文件包含在偏移 0x3096 处开始的字符，该字符在当前源字符集中无效(代码页 65001)。
E:\c++documents\My project\QT\QT-\QtWidgetsApplication1\uploader.cpp(1,1): warning C4828: 文件包含在偏移 0x3097 处开始的字符，该字符在当前源字符集中无效(代码页 65001)。
E:\c++documents\My project\QT\QT-\QtWidgetsApplication1\uploader.cpp(1,1): warning C4828: 文件包含在偏移 0x310c 处开始的字符，该字符在当前源字符集中无效(代码页 65001)。
E:\c++documents\My project\QT\QT-\QtWidgetsApplication1\uploader.cpp(1,1): warning C4828: 文件包含在偏移 0x310d 处开始的字符，该字符在当前源字符集中无效(代码页 65001)。
E:\c++documents\My project\QT\QT-\QtWidgetsApplication1\uploader.cpp(1,1): warning C4828: 文件包含在偏移 0x310e 处开始的字符，该字符在当前源字符集中无效(代码页 65001)。
E:\c++documents\My project\QT\QT-\QtWidgetsApplication1\uploader.cpp(1,1): warning C4828: 文件包含在偏移 0x310f 处开始的字符，该字符在当前源字符集中无效(代码页 65001)。
E:\c++documents\My project\QT\QT-\QtWidgetsApplication1\uploader.cpp(1,1): warning C4828: 文件包含在偏移 0x3115 处开始的字符，该字符在当前源字符集中无效(代码页 65001)。
E:\c++documents\My project\QT\QT-\QtWidgetsApplication1\uploader.cpp(1,1): warning C4828: 文件包含在偏移 0x3116 处开始的字符，该字符在当前源字符集中无效(代码页 65001)。
E:\c++documents\My project\QT\QT-\QtWidgetsApplication1\uploader.cpp(1,1): warning C4828: 文件包含在偏移 0x3118 处开始的字符，该字符在当前源字符集中无效(代码页 65001)。
E:\c++documents\My project\QT\QT-\QtWidgetsApplication1\uploader.cpp(1,1): warning C4828: 文件包含在偏移 0x311a 处开始的字符，该字符在当前源字符集中无效(代码页 65001)。
E:\c++documents\My project\QT\QT-\QtWidgetsApplication1\uploader.cpp(1,1): warning C4828: 文件包含在偏移 0x311b 处开始的字符，该字符在当前源字符集中无效(代码页 65001)。
E:\c++documents\My project\QT\QT-\QtWidgetsApplication1\uploader.cpp(1,1): warning C4828: 文件包含在偏移 0x3344 处开始的字符，该字符在当前源字符集中无效(代码页 65001)。
E:\c++documents\My project\QT\QT-\QtWidgetsApplication1\uploader.cpp(1,1): warning C4828: 文件包含在偏移 0x3346 处开始的字符，该字符在当前源字符集中无效(代码页 65001)。
E:\c++documents\My project\QT\QT-\QtWidgetsApplication1\uploader.cpp(1,1): warning C4828: 文件包含在偏移 0x3348 处开始的字符，该字符在当前源字符集中无效(代码页 65001)。
E:\c++documents\My project\QT\QT-\QtWidgetsApplication1\uploader.cpp(1,1): warning C4828: 文件包含在偏移 0x334a 处开始的字符，该字符在当前源字符集中无效(代码页 65001)。
E:\c++documents\My project\QT\QT-\QtWidgetsApplication1\uploader.cpp(1,1): warning C4828: 文件包含在偏移 0x334b 处开始的字符，该字符在当前源字符集中无效(代码页 65001)。
E:\c++documents\My project\QT\QT-\QtWidgetsApplication1\uploader.cpp(1,1): warning C4828: 文件包含在偏移 0x3351 处开始的字符，该字符在当前源字符集中无效(代码页 65001)。
E:\c++documents\My project\QT\QT-\QtWidgetsApplication1\uploader.cpp(1,1): warning C4828: 文件包含在偏移 0x3352 处开始的字符，该字符在当前源字符集中无效(代码页 65001)。
E:\c++documents\My project\QT\QT-\QtWidgetsApplication1\uploader.cpp(1,1): warning C4828: 文件包含在偏移 0x3447 处开始的字符，该字符在当前源字符集中无效(代码页 65001)。
E:\c++documents\My project\QT\QT-\QtWidgetsApplication1\uploader.cpp(1,1): warning C4828: 文件包含在偏移 0x3449 处开始的字符，该字符在当前源字符集中无效(代码页 65001)。
E:\c++documents\My project\QT\QT-\QtWidgetsApplication1\uploader.cpp(1,1): warning C4828: 文件包含在偏移 0x344b 处开始的字符，该字符在当前源字符集中无效(代码页 65001)。
E:\c++documents\My project\QT\QT-\QtWidgetsApplication1\uploader.cpp(1,1): warning C4828: 文件包含在偏移 0x347a 处开始的字符，该字符在当前源字符集中无效(代码页 65001)。
E:\c++documents\My project\QT\QT-\QtWidgetsApplication1\uploader.cpp(1,1): warning C4828: 文件包含在偏移 0x347c 处开始的字符，该字符在当前源字符集中无效(代码页 65001)。
E:\c++documents\My project\QT\QT-\QtWidgetsApplication1\uploader.cpp(1,1): warning C4828: 文件包含在偏移 0x347e 处开始的字符，该字符在当前源字符集中无效(代码页 65001)。
E:\c++documents\My project\QT\QT-\QtWidgetsApplication1\uploader.cpp(1,1): warning C4828: 文件包含在偏移 0x3480 处开始的字符，该字符在当前源字符集中无效(代码页 65001)。
E:\c++documents\My project\QT\QT-\QtWidgetsApplication1\uploader.cpp(1,1): warning C4828: 文件包含在偏移 0x3482 处开始的字符，该字符在当前源字符集中无效(代码页 65001)。
E:\c++documents\My project\QT\QT-\QtWidgetsApplication1\uploader.cpp(1,1): warning C4828: 文件包含在偏移 0x3483 处开始的字符，该字符在当前源字符集中无效(代码页 65001)。
E:\c++documents\My project\QT\QT-\QtWidgetsApplication1\uploader.cpp(1,1): warning C4828: 文件包含在偏移 0x3485 处开始的字符，该字符在当前源字符集中无效(代码页 65001)。
E:\c++documents\My project\QT\QT-\QtWidgetsApplication1\uploader.cpp(1,1): warning C4828: 文件包含在偏移 0x3489 处开始的字符，该字符在当前源字符集中无效(代码页 65001)。
E:\c++documents\My project\QT\QT-\QtWidgetsApplication1\uploader.cpp(1,1): warning C4828: 文件包含在偏移 0x348c 处开始的字符，该字符在当前源字符集中无效(代码页 65001)。
E:\c++documents\My project\QT\QT-\QtWidgetsApplication1\uploader.cpp(1,1): warning C4828: 文件包含在偏移 0x348d 处开始的字符，该字符在当前源字符集中无效(代码页 65001)。
E:\c++documents\My project\QT\QT-\QtWidgetsApplication1\uploader.cpp(1,1): warning C4828: 文件包含在偏移 0x348e 处开始的字符，该字符在当前源字符集中无效(代码页 65001)。
E:\c++documents\My project\QT\QT-\QtWidgetsApplication1\uploader.cpp(1,1): warning C4828: 文件包含在偏移 0x36a7 处开始的字符，该字符在当前源字符集中无效(代码页 65001)。
E:\c++documents\My project\QT\QT-\QtWidgetsApplication1\uploader.cpp(1,1): warning C4828: 文件包含在偏移 0x36a9 处开始的字符，该字符在当前源字符集中无效(代码页 65001)。
E:\c++documents\My project\QT\QT-\QtWidgetsApplication1\uploader.cpp(1,1): warning C4828: 文件包含在偏移 0x36aa 处开始的字符，该字符在当前源字符集中无效(代码页 65001)。
E:\c++documents\My project\QT\QT-\QtWidgetsApplication1\uploader.cpp(1,1): warning C4828: 文件包含在偏移 0x36ab 处开始的字符，该字符在当前源字符集中无效(代码页 65001)。
E:\c++documents\My project\QT\QT-\QtWidgetsApplication1\uploader.cpp(1,1): warning C4828: 文件包含在偏移 0x36ad 处开始的字符，该字符在当前源字符集中无效(代码页 65001)。
E:\c++documents\My project\QT\QT-\QtWidgetsApplication1\uploader.cpp(1,1): warning C4828: 文件包含在偏移 0x36af 处开始的字符，该字符在当前源字符集中无效(代码页 65001)。
E:\c++documents\My project\QT\QT-\QtWidgetsApplication1\uploader.cpp(1,1): warning C4828: 文件包含在偏移 0x36b0 处开始的字符，该字符在当前源字符集中无效(代码页 65001)。
E:\c++documents\My project\QT\QT-\QtWidgetsApplication1\uploader.cpp(1,1): warning C4828: 文件包含在偏移 0x36b3 处开始的字符，该字符在当前源字符集中无效(代码页 65001)。
E:\c++documents\My project\QT\QT-\QtWidgetsApplication1\uploader.cpp(1,1): warning C4828: 文件包含在偏移 0x36b5 处开始的字符，该字符在当前源字符集中无效(代码页 65001)。
E:\c++documents\My project\QT\QT-\QtWidgetsApplication1\uploader.cpp(1,1): warning C4828: 文件包含在偏移 0x36b8 处开始的字符，该字符在当前源字符集中无效(代码页 65001)。
E:\c++documents\My project\QT\QT-\QtWidgetsApplication1\uploader.cpp(1,1): warning C4828: 文件包含在偏移 0x36b9 处开始的字符，该字符在当前源字符集中无效(代码页 65001)。
E:\c++documents\My project\QT\QT-\QtWidgetsApplication1\uploader.cpp(1,1): warning C4828: 文件包含在偏移 0x36bb 处开始的字符，该字符在当前源字符集中无效(代码页 65001)。
E:\c++documents\My project\QT\QT-\QtWidgetsApplication1\uploader.cpp(1,1): warning C4828: 文件包含在偏移 0x36bc 处开始的字符，该字符在当前源字符集中无效(代码页 65001)。
E:\c++documents\My project\QT\QT-\QtWidgetsApplication1\uploader.cpp(1,1): warning C4828: 文件包含在偏移 0x36c5 处开始的字符，该字符在当前源字符集中无效(代码页 65001)。
E:\c++documents\My project\QT\QT-\QtWidgetsApplication1\uploader.cpp(1,1): warning C4828: 文件包含在偏移 0x36c7 处开始的字符，该字符在当前源字符集中无效(代码页 65001)。
E:\c++documents\My project\QT\QT-\QtWidgetsApplication1\uploader.cpp(1,1): warning C4828: 文件包含在偏移 0x36c8 处开始的字符，该字符在当前源字符集中无效(代码页 65001)。
E:\c++documents\My project\QT\QT-\QtWidgetsApplication1\uploader.cpp(1,1): warning C4828: 文件包含在偏移 0x36c9 处开始的字符，该字符在当前源字符集中无效(代码页 65001)。
E:\c++documents\My project\QT\QT-\QtWidgetsApplication1\uploader.cpp(1,1): warning C4828: 文件包含在偏移 0x36ca 处开始的字符，该字符在当前源字符集中无效(代码页 65001)。
E:\c++documents\My project\QT\QT-\QtWidgetsApplication1\uploader.cpp(1,1): warning C4828: 文件包含在偏移 0x36cb 处开始的字符，该字符在当前源字符集中无效(代码页 65001)。
E:\c++documents\My project\QT\QT-\QtWidgetsApplication1\uploader.cpp(1,1): warning C4828: 文件包含在偏移 0x36cd 处开始的字符，该字符在当前源字符集中无效(代码页 65001)。
E:\c++documents\My project\QT\QT-\QtWidgetsApplication1\uploader.cpp(1,1): warning C4828: 文件包含在偏移 0x36cf 处开始的字符，该字符在当前源字符集中无效(代码页 65001)。
E:\c++documents\My project\QT\QT-\QtWidgetsApplication1\uploader.cpp(1,1): warning C4828: 文件包含在偏移 0x36d0 处开始的字符，该字符在当前源字符集中无效(代码页 65001)。
E:\c++documents\My project\QT\QT-\QtWidgetsApplication1\uploader.cpp(1,1): warning C4828: 文件包含在偏移 0x36d2 处开始的字符，该字符在当前源字符集中无效(代码页 65001)。
E:\c++documents\My project\QT\QT-\QtWidgetsApplication1\uploader.cpp(1,1): warning C4828: 文件包含在偏移 0x3742 处开始的字符，该字符在当前源字符集中无效(代码页 65001)。
E:\c++documents\My project\QT\QT-\QtWidgetsApplication1\uploader.cpp(1,1): warning C4828: 文件包含在偏移 0x3750 处开始的字符，该字符在当前源字符集中无效(代码页 65001)。
E:\c++documents\My project\QT\QT-\QtWidgetsApplication1\uploader.cpp(1,1): warning C4828: 文件包含在偏移 0x3751 处开始的字符，该字符在当前源字符集中无效(代码页 65001)。
E:\c++documents\My project\QT\QT-\QtWidgetsApplication1\uploader.cpp(1,1): warning C4828: 文件包含在偏移 0x3752 处开始的字符，该字符在当前源字符集中无效(代码页 65001)。
E:\c++documents\My project\QT\QT-\QtWidgetsApplication1\uploader.cpp(1,1): warning C4828: 文件包含在偏移 0x3756 处开始的字符，该字符在当前源字符集中无效(代码页 65001)。
E:\c++documents\My project\QT\QT-\QtWidgetsApplication1\uploader.cpp(1,1): warning C4828: 文件包含在偏移 0x3757 处开始的字符，该字符在当前源字符集中无效(代码页 65001)。
E:\c++documents\My project\QT\QT-\QtWidgetsApplication1\uploader.cpp(1,1): warning C4828: 文件包含在偏移 0x375a 处开始的字符，该字符在当前源字符集中无效(代码页 65001)。
E:\c++documents\My project\QT\QT-\QtWidgetsApplication1\uploader.cpp(1,1): warning C4828: 文件包含在偏移 0x375e 处开始的字符，该字符在当前源字符集中无效(代码页 65001)。
E:\c++documents\My project\QT\QT-\QtWidgetsApplication1\uploader.cpp(1,1): warning C4828: 文件包含在偏移 0x375f 处开始的字符，该字符在当前源字符集中无效(代码页 65001)。
E:\c++documents\My project\QT\QT-\QtWidgetsApplication1\uploader.cpp(1,1): warning C4828: 文件包含在偏移 0x3760 处开始的字符，该字符在当前源字符集中无效(代码页 65001)。
E:\c++documents\My project\QT\QT-\QtWidgetsApplication1\uploader.cpp(1,1): warning C4828: 文件包含在偏移 0x3762 处开始的字符，该字符在当前源字符集中无效(代码页 65001)。
E:\c++documents\My project\QT\QT-\QtWidgetsApplication1\uploader.cpp(1,1): warning C4828: 文件包含在偏移 0x3764 处开始的字符，该字符在当前源字符集中无效(代码页 65001)。
E:\c++documents\My project\QT\QT-\QtWidgetsApplication1\uploader.cpp(1,1): warning C4828: 文件包含在偏移 0x3765 处开始的字符，该字符在当前源字符集中无效(代码页 65001)。
E:\c++documents\My project\QT\QT-\QtWidgetsApplication1\uploader.cpp(1,1): warning C4828: 文件包含在偏移 0x3766 处开始的字符，该字符在当前源字符集中无效(代码页 65001)。
E:\c++documents\My project\QT\QT-\QtWidgetsApplication1\uploader.cpp(1,1): warning C4828: 文件包含在偏移 0x37d5 处开始的字符，该字符在当前源字符集中无效(代码页 65001)。
E:\c++documents\My project\QT\QT-\QtWidgetsApplication1\uploader.cpp(1,1): warning C4828: 文件包含在偏移 0x37d6 处开始的字符，该字符在当前源字符集中无效(代码页 65001)。
E:\c++documents\My project\QT\QT-\QtWidgetsApplication1\uploader.cpp(1,1): warning C4828: 文件包含在偏移 0x37d9 处开始的字符，该字符在当前源字符集中无效(代码页 65001)。
E:\c++documents\My project\QT\QT-\QtWidgetsApplication1\uploader.cpp(1,1): warning C4828: 文件包含在偏移 0x3806 处开始的字符，该字符在当前源字符集中无效(代码页 65001)。
E:\c++documents\My project\QT\QT-\QtWidgetsApplication1\uploader.cpp(1,1): warning C4828: 文件包含在偏移 0x3808 处开始的字符，该字符在当前源字符集中无效(代码页 65001)。
E:\c++documents\My project\QT\QT-\QtWidgetsApplication1\uploader.cpp(1,1): warning C4828: 文件包含在偏移 0x3809 处开始的字符，该字符在当前源字符集中无效(代码页 65001)。
E:\c++documents\My project\QT\QT-\QtWidgetsApplication1\uploader.cpp(1,1): warning C4828: 文件包含在偏移 0x380a 处开始的字符，该字符在当前源字符集中无效(代码页 65001)。
E:\c++documents\My project\QT\QT-\QtWidgetsApplication1\uploader.cpp(1,1): warning C4828: 文件包含在偏移 0x380c 处开始的字符，该字符在当前源字符集中无效(代码页 65001)。
E:\c++documents\My project\QT\QT-\QtWidgetsApplication1\uploader.cpp(1,1): warning C4828: 文件包含在偏移 0x380e 处开始的字符，该字符在当前源字符集中无效(代码页 65001)。
E:\c++documents\My project\QT\QT-\QtWidgetsApplication1\uploader.cpp(1,1): warning C4828: 文件包含在偏移 0x380f 处开始的字符，该字符在当前源字符集中无效(代码页 65001)。
E:\c++documents\My project\QT\QT-\QtWidgetsApplication1\uploader.cpp(1,1): warning C4828: 文件包含在偏移 0x3812 处开始的字符，该字符在当前源字符集中无效(代码页 65001)。
E:\c++documents\My project\QT\QT-\QtWidgetsApplication1\uploader.cpp(1,1): warning C4828: 文件包含在偏移 0x3814 处开始的字符，该字符在当前源字符集中无效(代码页 65001)。
E:\c++documents\My project\QT\QT-\QtWidgetsApplication1\uploader.cpp(1,1): warning C4828: 文件包含在偏移 0x3817 处开始的字符，该字符在当前源字符集中无效(代码页 65001)。
E:\c++documents\My project\QT\QT-\QtWidgetsApplication1\uploader.cpp(1,1): warning C4828: 文件包含在偏移 0x3818 处开始的字符，该字符在当前源字符集中无效(代码页 65001)。
E:\c++documents\My project\QT\QT-\QtWidgetsApplication1\uploader.cpp(1,1): warning C4828: 文件包含在偏移 0x381a 处开始的字符，该字符在当前源字符集中无效(代码页 65001)。
E:\c++documents\My project\QT\QT-\QtWidgetsApplication1\uploader.cpp(1,1): warning C4828: 文件包含在偏移 0x381b 处开始的字符，该字符在当前源字符集中无效(代码页 65001)。
E:\c++documents\My project\QT\QT-\QtWidgetsApplication1\uploader.cpp(1,1): warning C4828: 文件包含在偏移 0x3824 处开始的字符，该字符在当前源字符集中无效(代码页 65001)。
E:\c++documents\My project\QT\QT-\QtWidgetsApplication1\uploader.cpp(1,1): warning C4828: 文件包含在偏移 0x3826 处开始的字符，该字符在当前源字符集中无效(代码页 65001)。
E:\c++documents\My project\QT\QT-\QtWidgetsApplication1\uploader.cpp(1,1): warning C4828: 文件包含在偏移 0x3827 处开始的字符，该字符在当前源字符集中无效(代码页 65001)。
E:\c++documents\My project\QT\QT-\QtWidgetsApplication1\uploader.cpp(1,1): warning C4828: 文件包含在偏移 0x3828 处开始的字符，该字符在当前源字符集中无效(代码页 65001)。
E:\c++documents\My project\QT\QT-\QtWidgetsApplication1\uploader.cpp(1,1): warning C4828: 文件包含在偏移 0x3829 处开始的字符，该字符在当前源字符集中无效(代码页 65001)。
E:\c++documents\My project\QT\QT-\QtWidgetsApplication1\uploader.cpp(1,1): warning C4828: 文件包含在偏移 0x382a 处开始的字符，该字符在当前源字符集中无效(代码页 65001)。
E:\c++documents\My project\QT\QT-\QtWidgetsApplication1\uploader.cpp(1,1): warning C4828: 文件包含在偏移 0x382c 处开始的字符，该字符在当前源字符集中无效(代码页 65001)。
E:\c++documents\My project\QT\QT-\QtWidgetsApplication1\uploader.cpp(1,1): warning C4828: 文件包含在偏移 0x382e 处开始的字符，该字符在当前源字符集中无效(代码页 65001)。
E:\c++documents\My project\QT\QT-\QtWidgetsApplication1\uploader.cpp(1,1): warning C4828: 文件包含在偏移 0x382f 处开始的字符，该字符在当前源字符集中无效(代码页 65001)。
E:\c++documents\My project\QT\QT-\QtWidgetsApplication1\uploader.cpp(1,1): warning C4828: 文件包含在偏移 0x3831 处开始的字符，该字符在当前源字符集中无效(代码页 65001)。
E:\c++documents\My project\QT\QT-\QtWidgetsApplication1\uploader.cpp(1,1): warning C4828: 文件包含在偏移 0x38ac 处开始的字符，该字符在当前源字符集中无效(代码页 65001)。
E:\c++documents\My project\QT\QT-\QtWidgetsApplication1\uploader.cpp(1,1): warning C4828: 文件包含在偏移 0x38ae 处开始的字符，该字符在当前源字符集中无效(代码页 65001)。
E:\c++documents\My project\QT\QT-\QtWidgetsApplication1\uploader.cpp(1,1): warning C4828: 文件包含在偏移 0x38af 处开始的字符，该字符在当前源字符集中无效(代码页 65001)。
E:\c++documents\My project\QT\QT-\QtWidgetsApplication1\uploader.cpp(1,1): warning C4828: 文件包含在偏移 0x38b0 处开始的字符，该字符在当前源字符集中无效(代码页 65001)。
E:\c++documents\My project\QT\QT-\QtWidgetsApplication1\uploader.cpp(1,1): warning C4828: 文件包含在偏移 0x38b1 处开始的字符，该字符在当前源字符集中无效(代码页 65001)。
E:\c++documents\My project\QT\QT-\QtWidgetsApplication1\uploader.cpp(1,1): warning C4828: 文件包含在偏移 0x38b4 处开始的字符，该字符在当前源字符集中无效(代码页 65001)。
E:\c++documents\My project\QT\QT-\QtWidgetsApplication1\uploader.cpp(1,1): warning C4828: 文件包含在偏移 0x38b6 处开始的字符，该字符在当前源字符集中无效(代码页 65001)。
E:\c++documents\My project\QT\QT-\QtWidgetsApplication1\uploader.cpp(1,1): warning C4828: 文件包含在偏移 0x38b7 处开始的字符，该字符在当前源字符集中无效(代码页 65001)。
E:\c++documents\My project\QT\QT-\QtWidgetsApplication1\uploader.cpp(27,61): warning C4267: “参数”: 从“size_t”转换到“int”，可能丢失数据
  QtWidgetsApplication1.vcxproj -> E:\c++documents\My project\QT\QT-\x64\Debug\QtWidgetsApplication1.exe
