  moc uploader.h
  main.cpp
  uploader.cpp
E:\c++documents\My project\QT\QT-\QtWidgetsApplication1\main.cpp(1,1): warning C4828: 文件包含在偏移 0x1c2 处开始的字符，该字符在当前源字符集中无效(代码页 65001)。
E:\c++documents\My project\QT\QT-\QtWidgetsApplication1\uploader.cpp(1,1): warning C4828: 文件包含在偏移 0x2df 处开始的字符，该字符在当前源字符集中无效(代码页 65001)。
E:\c++documents\My project\QT\QT-\QtWidgetsApplication1\main.cpp(1,1): warning C4828: 文件包含在偏移 0x1c3 处开始的字符，该字符在当前源字符集中无效(代码页 65001)。
E:\c++documents\My project\QT\QT-\QtWidgetsApplication1\uploader.cpp(1,1): warning C4828: 文件包含在偏移 0x2e1 处开始的字符，该字符在当前源字符集中无效(代码页 65001)。
E:\c++documents\My project\QT\QT-\QtWidgetsApplication1\main.cpp(1,1): warning C4828: 文件包含在偏移 0x1c4 处开始的字符，该字符在当前源字符集中无效(代码页 65001)。
E:\c++documents\My project\QT\QT-\QtWidgetsApplication1\uploader.cpp(1,1): warning C4828: 文件包含在偏移 0x2e9 处开始的字符，该字符在当前源字符集中无效(代码页 65001)。
E:\c++documents\My project\QT\QT-\QtWidgetsApplication1\main.cpp(1,1): warning C4828: 文件包含在偏移 0x1c5 处开始的字符，该字符在当前源字符集中无效(代码页 65001)。
E:\c++documents\My project\QT\QT-\QtWidgetsApplication1\uploader.cpp(1,1): warning C4828: 文件包含在偏移 0x2ea 处开始的字符，该字符在当前源字符集中无效(代码页 65001)。
E:\c++documents\My project\QT\QT-\QtWidgetsApplication1\main.cpp(1,1): warning C4828: 文件包含在偏移 0x1cf 处开始的字符，该字符在当前源字符集中无效(代码页 65001)。
E:\c++documents\My project\QT\QT-\QtWidgetsApplication1\uploader.cpp(1,1): warning C4828: 文件包含在偏移 0x370 处开始的字符，该字符在当前源字符集中无效(代码页 65001)。
E:\c++documents\My project\QT\QT-\QtWidgetsApplication1\main.cpp(1,1): warning C4828: 文件包含在偏移 0x1d0 处开始的字符，该字符在当前源字符集中无效(代码页 65001)。
E:\c++documents\My project\QT\QT-\QtWidgetsApplication1\uploader.cpp(1,1): warning C4828: 文件包含在偏移 0x376 处开始的字符，该字符在当前源字符集中无效(代码页 65001)。
E:\c++documents\My project\QT\QT-\QtWidgetsApplication1\main.cpp(1,1): warning C4828: 文件包含在偏移 0x1d1 处开始的字符，该字符在当前源字符集中无效(代码页 65001)。
E:\c++documents\My project\QT\QT-\QtWidgetsApplication1\uploader.cpp(1,1): warning C4828: 文件包含在偏移 0x377 处开始的字符，该字符在当前源字符集中无效(代码页 65001)。
E:\c++documents\My project\QT\QT-\QtWidgetsApplication1\main.cpp(1,1): warning C4828: 文件包含在偏移 0x1d2 处开始的字符，该字符在当前源字符集中无效(代码页 65001)。
E:\c++documents\My project\QT\QT-\QtWidgetsApplication1\uploader.cpp(1,1): warning C4828: 文件包含在偏移 0x378 处开始的字符，该字符在当前源字符集中无效(代码页 65001)。
E:\c++documents\My project\QT\QT-\QtWidgetsApplication1\main.cpp(1,1): warning C4828: 文件包含在偏移 0x1d6 处开始的字符，该字符在当前源字符集中无效(代码页 65001)。
E:\c++documents\My project\QT\QT-\QtWidgetsApplication1\main.cpp(1,1): warning C4828: 文件包含在偏移 0x1d7 处开始的字符，该字符在当前源字符集中无效(代码页 65001)。
E:\c++documents\My project\QT\QT-\QtWidgetsApplication1\uploader.cpp(1,1): warning C4828: 文件包含在偏移 0x37c 处开始的字符，该字符在当前源字符集中无效(代码页 65001)。
E:\c++documents\My project\QT\QT-\QtWidgetsApplication1\main.cpp(1,1): warning C4828: 文件包含在偏移 0x1d9 处开始的字符，该字符在当前源字符集中无效(代码页 65001)。
E:\c++documents\My project\QT\QT-\QtWidgetsApplication1\uploader.cpp(1,1): warning C4828: 文件包含在偏移 0x404 处开始的字符，该字符在当前源字符集中无效(代码页 65001)。
E:\c++documents\My project\QT\QT-\QtWidgetsApplication1\main.cpp(1,1): warning C4828: 文件包含在偏移 0x1da 处开始的字符，该字符在当前源字符集中无效(代码页 65001)。
E:\c++documents\My project\QT\QT-\QtWidgetsApplication1\uploader.cpp(1,1): warning C4828: 文件包含在偏移 0x406 处开始的字符，该字符在当前源字符集中无效(代码页 65001)。
E:\c++documents\My project\QT\QT-\QtWidgetsApplication1\uploader.cpp(1,1): warning C4828: 文件包含在偏移 0x40c 处开始的字符，该字符在当前源字符集中无效(代码页 65001)。
E:\c++documents\My project\QT\QT-\QtWidgetsApplication1\main.cpp(1,1): warning C4828: 文件包含在偏移 0x1db 处开始的字符，该字符在当前源字符集中无效(代码页 65001)。
E:\c++documents\My project\QT\QT-\QtWidgetsApplication1\uploader.cpp(1,1): warning C4828: 文件包含在偏移 0x40d 处开始的字符，该字符在当前源字符集中无效(代码页 65001)。
E:\c++documents\My project\QT\QT-\QtWidgetsApplication1\main.cpp(1,1): warning C4828: 文件包含在偏移 0x1de 处开始的字符，该字符在当前源字符集中无效(代码页 65001)。
E:\c++documents\My project\QT\QT-\QtWidgetsApplication1\uploader.cpp(1,1): warning C4828: 文件包含在偏移 0x4b7 处开始的字符，该字符在当前源字符集中无效(代码页 65001)。
E:\c++documents\My project\QT\QT-\QtWidgetsApplication1\main.cpp(1,1): warning C4828: 文件包含在偏移 0x1e0 处开始的字符，该字符在当前源字符集中无效(代码页 65001)。
E:\c++documents\My project\QT\QT-\QtWidgetsApplication1\uploader.cpp(1,1): warning C4828: 文件包含在偏移 0x4b9 处开始的字符，该字符在当前源字符集中无效(代码页 65001)。
E:\c++documents\My project\QT\QT-\QtWidgetsApplication1\main.cpp(1,1): warning C4828: 文件包含在偏移 0x1e1 处开始的字符，该字符在当前源字符集中无效(代码页 65001)。
E:\c++documents\My project\QT\QT-\QtWidgetsApplication1\uploader.cpp(1,1): warning C4828: 文件包含在偏移 0x4c1 处开始的字符，该字符在当前源字符集中无效(代码页 65001)。
E:\c++documents\My project\QT\QT-\QtWidgetsApplication1\uploader.cpp(1,1): warning C4828: 文件包含在偏移 0x4c2 处开始的字符，该字符在当前源字符集中无效(代码页 65001)。
E:\c++documents\My project\QT\QT-\QtWidgetsApplication1\uploader.cpp(1,1): warning C4828: 文件包含在偏移 0x53e 处开始的字符，该字符在当前源字符集中无效(代码页 65001)。
E:\c++documents\My project\QT\QT-\QtWidgetsApplication1\uploader.cpp(1,1): warning C4828: 文件包含在偏移 0x544 处开始的字符，该字符在当前源字符集中无效(代码页 65001)。
E:\c++documents\My project\QT\QT-\QtWidgetsApplication1\uploader.cpp(1,1): warning C4828: 文件包含在偏移 0x545 处开始的字符，该字符在当前源字符集中无效(代码页 65001)。
E:\c++documents\My project\QT\QT-\QtWidgetsApplication1\uploader.cpp(1,1): warning C4828: 文件包含在偏移 0x546 处开始的字符，该字符在当前源字符集中无效(代码页 65001)。
E:\c++documents\My project\QT\QT-\QtWidgetsApplication1\uploader.cpp(1,1): warning C4828: 文件包含在偏移 0x54a 处开始的字符，该字符在当前源字符集中无效(代码页 65001)。
E:\c++documents\My project\QT\QT-\QtWidgetsApplication1\uploader.cpp(1,1): warning C4828: 文件包含在偏移 0x5d2 处开始的字符，该字符在当前源字符集中无效(代码页 65001)。
E:\c++documents\My project\QT\QT-\QtWidgetsApplication1\uploader.cpp(1,1): warning C4828: 文件包含在偏移 0x5d4 处开始的字符，该字符在当前源字符集中无效(代码页 65001)。
E:\c++documents\My project\QT\QT-\QtWidgetsApplication1\uploader.cpp(1,1): warning C4828: 文件包含在偏移 0x5da 处开始的字符，该字符在当前源字符集中无效(代码页 65001)。
E:\c++documents\My project\QT\QT-\QtWidgetsApplication1\uploader.cpp(1,1): warning C4828: 文件包含在偏移 0x5db 处开始的字符，该字符在当前源字符集中无效(代码页 65001)。
E:\c++documents\My project\QT\QT-\QtWidgetsApplication1\uploader.cpp(1,1): warning C4828: 文件包含在偏移 0x676 处开始的字符，该字符在当前源字符集中无效(代码页 65001)。
E:\c++documents\My project\QT\QT-\QtWidgetsApplication1\uploader.cpp(1,1): warning C4828: 文件包含在偏移 0x677 处开始的字符，该字符在当前源字符集中无效(代码页 65001)。
E:\c++documents\My project\QT\QT-\QtWidgetsApplication1\uploader.cpp(1,1): warning C4828: 文件包含在偏移 0x67a 处开始的字符，该字符在当前源字符集中无效(代码页 65001)。
E:\c++documents\My project\QT\QT-\QtWidgetsApplication1\uploader.cpp(1,1): warning C4828: 文件包含在偏移 0x67c 处开始的字符，该字符在当前源字符集中无效(代码页 65001)。
E:\c++documents\My project\QT\QT-\QtWidgetsApplication1\uploader.cpp(1,1): warning C4828: 文件包含在偏移 0x9e3 处开始的字符，该字符在当前源字符集中无效(代码页 65001)。
E:\c++documents\My project\QT\QT-\QtWidgetsApplication1\uploader.cpp(1,1): warning C4828: 文件包含在偏移 0x9e5 处开始的字符，该字符在当前源字符集中无效(代码页 65001)。
E:\c++documents\My project\QT\QT-\QtWidgetsApplication1\uploader.cpp(1,1): warning C4828: 文件包含在偏移 0x9e6 处开始的字符，该字符在当前源字符集中无效(代码页 65001)。
E:\c++documents\My project\QT\QT-\QtWidgetsApplication1\uploader.cpp(1,1): warning C4828: 文件包含在偏移 0x9e8 处开始的字符，该字符在当前源字符集中无效(代码页 65001)。
E:\c++documents\My project\QT\QT-\QtWidgetsApplication1\uploader.cpp(1,1): warning C4828: 文件包含在偏移 0x9eb 处开始的字符，该字符在当前源字符集中无效(代码页 65001)。
E:\c++documents\My project\QT\QT-\QtWidgetsApplication1\uploader.cpp(1,1): warning C4828: 文件包含在偏移 0xa27 处开始的字符，该字符在当前源字符集中无效(代码页 65001)。
E:\c++documents\My project\QT\QT-\QtWidgetsApplication1\uploader.cpp(1,1): warning C4828: 文件包含在偏移 0xa2a 处开始的字符，该字符在当前源字符集中无效(代码页 65001)。
E:\c++documents\My project\QT\QT-\QtWidgetsApplication1\uploader.cpp(1,1): warning C4828: 文件包含在偏移 0xa2b 处开始的字符，该字符在当前源字符集中无效(代码页 65001)。
E:\c++documents\My project\QT\QT-\QtWidgetsApplication1\uploader.cpp(1,1): warning C4828: 文件包含在偏移 0xa2d 处开始的字符，该字符在当前源字符集中无效(代码页 65001)。
E:\c++documents\My project\QT\QT-\QtWidgetsApplication1\uploader.cpp(1,1): warning C4828: 文件包含在偏移 0xa2f 处开始的字符，该字符在当前源字符集中无效(代码页 65001)。
E:\c++documents\My project\QT\QT-\QtWidgetsApplication1\uploader.cpp(1,1): warning C4828: 文件包含在偏移 0xa30 处开始的字符，该字符在当前源字符集中无效(代码页 65001)。
E:\c++documents\My project\QT\QT-\QtWidgetsApplication1\uploader.cpp(1,1): warning C4828: 文件包含在偏移 0xb02 处开始的字符，该字符在当前源字符集中无效(代码页 65001)。
E:\c++documents\My project\QT\QT-\QtWidgetsApplication1\uploader.cpp(1,1): warning C4828: 文件包含在偏移 0xb04 处开始的字符，该字符在当前源字符集中无效(代码页 65001)。
E:\c++documents\My project\QT\QT-\QtWidgetsApplication1\uploader.cpp(1,1): warning C4828: 文件包含在偏移 0xb06 处开始的字符，该字符在当前源字符集中无效(代码页 65001)。
E:\c++documents\My project\QT\QT-\QtWidgetsApplication1\uploader.cpp(1,1): warning C4828: 文件包含在偏移 0xb07 处开始的字符，该字符在当前源字符集中无效(代码页 65001)。
E:\c++documents\My project\QT\QT-\QtWidgetsApplication1\uploader.cpp(1,1): warning C4828: 文件包含在偏移 0xb08 处开始的字符，该字符在当前源字符集中无效(代码页 65001)。
E:\c++documents\My project\QT\QT-\QtWidgetsApplication1\uploader.cpp(1,1): warning C4828: 文件包含在偏移 0xb09 处开始的字符，该字符在当前源字符集中无效(代码页 65001)。
E:\c++documents\My project\QT\QT-\QtWidgetsApplication1\uploader.cpp(1,1): warning C4828: 文件包含在偏移 0xb10 处开始的字符，该字符在当前源字符集中无效(代码页 65001)。
E:\c++documents\My project\QT\QT-\QtWidgetsApplication1\uploader.cpp(1,1): warning C4828: 文件包含在偏移 0xb11 处开始的字符，该字符在当前源字符集中无效(代码页 65001)。
E:\c++documents\My project\QT\QT-\QtWidgetsApplication1\uploader.cpp(1,1): warning C4828: 文件包含在偏移 0xce9 处开始的字符，该字符在当前源字符集中无效(代码页 65001)。
E:\c++documents\My project\QT\QT-\QtWidgetsApplication1\uploader.cpp(1,1): warning C4828: 文件包含在偏移 0xceb 处开始的字符，该字符在当前源字符集中无效(代码页 65001)。
E:\c++documents\My project\QT\QT-\QtWidgetsApplication1\uploader.cpp(1,1): warning C4828: 文件包含在偏移 0xcef 处开始的字符，该字符在当前源字符集中无效(代码页 65001)。
E:\c++documents\My project\QT\QT-\QtWidgetsApplication1\uploader.cpp(1,1): warning C4828: 文件包含在偏移 0xcf1 处开始的字符，该字符在当前源字符集中无效(代码页 65001)。
E:\c++documents\My project\QT\QT-\QtWidgetsApplication1\uploader.cpp(1,1): warning C4828: 文件包含在偏移 0xcf3 处开始的字符，该字符在当前源字符集中无效(代码页 65001)。
E:\c++documents\My project\QT\QT-\QtWidgetsApplication1\uploader.cpp(1,1): warning C4828: 文件包含在偏移 0xcf4 处开始的字符，该字符在当前源字符集中无效(代码页 65001)。
E:\c++documents\My project\QT\QT-\QtWidgetsApplication1\uploader.cpp(1,1): warning C4828: 文件包含在偏移 0x162f 处开始的字符，该字符在当前源字符集中无效(代码页 65001)。
E:\c++documents\My project\QT\QT-\QtWidgetsApplication1\uploader.cpp(1,1): warning C4828: 文件包含在偏移 0x1631 处开始的字符，该字符在当前源字符集中无效(代码页 65001)。
E:\c++documents\My project\QT\QT-\QtWidgetsApplication1\uploader.cpp(1,1): warning C4828: 文件包含在偏移 0x1632 处开始的字符，该字符在当前源字符集中无效(代码页 65001)。
E:\c++documents\My project\QT\QT-\QtWidgetsApplication1\uploader.cpp(1,1): warning C4828: 文件包含在偏移 0x1635 处开始的字符，该字符在当前源字符集中无效(代码页 65001)。
E:\c++documents\My project\QT\QT-\QtWidgetsApplication1\uploader.cpp(1,1): warning C4828: 文件包含在偏移 0x1637 处开始的字符，该字符在当前源字符集中无效(代码页 65001)。
E:\c++documents\My project\QT\QT-\QtWidgetsApplication1\uploader.cpp(1,1): warning C4828: 文件包含在偏移 0x163a 处开始的字符，该字符在当前源字符集中无效(代码页 65001)。
E:\c++documents\My project\QT\QT-\QtWidgetsApplication1\uploader.cpp(1,1): warning C4828: 文件包含在偏移 0x16df 处开始的字符，该字符在当前源字符集中无效(代码页 65001)。
E:\c++documents\My project\QT\QT-\QtWidgetsApplication1\uploader.cpp(1,1): warning C4828: 文件包含在偏移 0x16e1 处开始的字符，该字符在当前源字符集中无效(代码页 65001)。
E:\c++documents\My project\QT\QT-\QtWidgetsApplication1\uploader.cpp(1,1): warning C4828: 文件包含在偏移 0x16e3 处开始的字符，该字符在当前源字符集中无效(代码页 65001)。
E:\c++documents\My project\QT\QT-\QtWidgetsApplication1\uploader.cpp(1,1): warning C4828: 文件包含在偏移 0x16e5 处开始的字符，该字符在当前源字符集中无效(代码页 65001)。
E:\c++documents\My project\QT\QT-\QtWidgetsApplication1\uploader.cpp(1,1): warning C4828: 文件包含在偏移 0x16e6 处开始的字符，该字符在当前源字符集中无效(代码页 65001)。
E:\c++documents\My project\QT\QT-\QtWidgetsApplication1\uploader.cpp(1,1): warning C4828: 文件包含在偏移 0x16ec 处开始的字符，该字符在当前源字符集中无效(代码页 65001)。
E:\c++documents\My project\QT\QT-\QtWidgetsApplication1\uploader.cpp(1,1): warning C4828: 文件包含在偏移 0x177c 处开始的字符，该字符在当前源字符集中无效(代码页 65001)。
E:\c++documents\My project\QT\QT-\QtWidgetsApplication1\uploader.cpp(1,1): warning C4828: 文件包含在偏移 0x177e 处开始的字符，该字符在当前源字符集中无效(代码页 65001)。
E:\c++documents\My project\QT\QT-\QtWidgetsApplication1\uploader.cpp(1,1): warning C4828: 文件包含在偏移 0x177f 处开始的字符，该字符在当前源字符集中无效(代码页 65001)。
E:\c++documents\My project\QT\QT-\QtWidgetsApplication1\uploader.cpp(1,1): warning C4828: 文件包含在偏移 0x1785 处开始的字符，该字符在当前源字符集中无效(代码页 65001)。
E:\c++documents\My project\QT\QT-\QtWidgetsApplication1\uploader.cpp(1,1): warning C4828: 文件包含在偏移 0x17b0 处开始的字符，该字符在当前源字符集中无效(代码页 65001)。
E:\c++documents\My project\QT\QT-\QtWidgetsApplication1\uploader.cpp(1,1): warning C4828: 文件包含在偏移 0x17b2 处开始的字符，该字符在当前源字符集中无效(代码页 65001)。
E:\c++documents\My project\QT\QT-\QtWidgetsApplication1\uploader.cpp(1,1): warning C4828: 文件包含在偏移 0x17b3 处开始的字符，该字符在当前源字符集中无效(代码页 65001)。
E:\c++documents\My project\QT\QT-\QtWidgetsApplication1\uploader.cpp(1,1): warning C4828: 文件包含在偏移 0x17b9 处开始的字符，该字符在当前源字符集中无效(代码页 65001)。
E:\c++documents\My project\QT\QT-\QtWidgetsApplication1\uploader.cpp(1,1): warning C4828: 文件包含在偏移 0x17bd 处开始的字符，该字符在当前源字符集中无效(代码页 65001)。
E:\c++documents\My project\QT\QT-\QtWidgetsApplication1\uploader.cpp(1,1): warning C4828: 文件包含在偏移 0x17be 处开始的字符，该字符在当前源字符集中无效(代码页 65001)。
E:\c++documents\My project\QT\QT-\QtWidgetsApplication1\uploader.cpp(1,1): warning C4828: 文件包含在偏移 0x17bf 处开始的字符，该字符在当前源字符集中无效(代码页 65001)。
E:\c++documents\My project\QT\QT-\QtWidgetsApplication1\uploader.cpp(1,1): warning C4828: 文件包含在偏移 0x17c1 处开始的字符，该字符在当前源字符集中无效(代码页 65001)。
E:\c++documents\My project\QT\QT-\QtWidgetsApplication1\uploader.cpp(1,1): warning C4828: 文件包含在偏移 0x17c3 处开始的字符，该字符在当前源字符集中无效(代码页 65001)。
E:\c++documents\My project\QT\QT-\QtWidgetsApplication1\uploader.cpp(1,1): warning C4828: 文件包含在偏移 0x17c5 处开始的字符，该字符在当前源字符集中无效(代码页 65001)。
E:\c++documents\My project\QT\QT-\QtWidgetsApplication1\uploader.cpp(1,1): warning C4828: 文件包含在偏移 0x17c7 处开始的字符，该字符在当前源字符集中无效(代码页 65001)。
E:\c++documents\My project\QT\QT-\QtWidgetsApplication1\uploader.cpp(1,1): warning C4828: 文件包含在偏移 0x17c9 处开始的字符，该字符在当前源字符集中无效(代码页 65001)。
E:\c++documents\My project\QT\QT-\QtWidgetsApplication1\uploader.cpp(1,1): warning C4828: 文件包含在偏移 0x17ca 处开始的字符，该字符在当前源字符集中无效(代码页 65001)。
E:\c++documents\My project\QT\QT-\QtWidgetsApplication1\uploader.cpp(1,1): warning C4828: 文件包含在偏移 0x17cc 处开始的字符，该字符在当前源字符集中无效(代码页 65001)。
E:\c++documents\My project\QT\QT-\QtWidgetsApplication1\uploader.cpp(1,1): warning C4828: 文件包含在偏移 0x17cf 处开始的字符，该字符在当前源字符集中无效(代码页 65001)。
E:\c++documents\My project\QT\QT-\QtWidgetsApplication1\uploader.cpp(1,1): warning C4828: 文件包含在偏移 0x17d1 处开始的字符，该字符在当前源字符集中无效(代码页 65001)。
E:\c++documents\My project\QT\QT-\QtWidgetsApplication1\uploader.cpp(1,1): warning C4828: 文件包含在偏移 0x17d2 处开始的字符，该字符在当前源字符集中无效(代码页 65001)。
E:\c++documents\My project\QT\QT-\QtWidgetsApplication1\uploader.cpp(1,1): warning C4828: 文件包含在偏移 0x17d6 处开始的字符，该字符在当前源字符集中无效(代码页 65001)。
E:\c++documents\My project\QT\QT-\QtWidgetsApplication1\uploader.cpp(1,1): warning C4828: 文件包含在偏移 0x17dc 处开始的字符，该字符在当前源字符集中无效(代码页 65001)。
E:\c++documents\My project\QT\QT-\QtWidgetsApplication1\uploader.cpp(1,1): warning C4828: 文件包含在偏移 0x18f8 处开始的字符，该字符在当前源字符集中无效(代码页 65001)。
E:\c++documents\My project\QT\QT-\QtWidgetsApplication1\uploader.cpp(1,1): warning C4828: 文件包含在偏移 0x18fc 处开始的字符，该字符在当前源字符集中无效(代码页 65001)。
E:\c++documents\My project\QT\QT-\QtWidgetsApplication1\uploader.cpp(1,1): warning C4828: 文件包含在偏移 0x18fe 处开始的字符，该字符在当前源字符集中无效(代码页 65001)。
E:\c++documents\My project\QT\QT-\QtWidgetsApplication1\uploader.cpp(1,1): warning C4828: 文件包含在偏移 0x1903 处开始的字符，该字符在当前源字符集中无效(代码页 65001)。
E:\c++documents\My project\QT\QT-\QtWidgetsApplication1\uploader.cpp(1,1): warning C4828: 文件包含在偏移 0x1983 处开始的字符，该字符在当前源字符集中无效(代码页 65001)。
E:\c++documents\My project\QT\QT-\QtWidgetsApplication1\uploader.cpp(1,1): warning C4828: 文件包含在偏移 0x1987 处开始的字符，该字符在当前源字符集中无效(代码页 65001)。
E:\c++documents\My project\QT\QT-\QtWidgetsApplication1\uploader.cpp(1,1): warning C4828: 文件包含在偏移 0x1989 处开始的字符，该字符在当前源字符集中无效(代码页 65001)。
E:\c++documents\My project\QT\QT-\QtWidgetsApplication1\uploader.cpp(1,1): warning C4828: 文件包含在偏移 0x198a 处开始的字符，该字符在当前源字符集中无效(代码页 65001)。
E:\c++documents\My project\QT\QT-\QtWidgetsApplication1\uploader.cpp(1,1): warning C4828: 文件包含在偏移 0x198c 处开始的字符，该字符在当前源字符集中无效(代码页 65001)。
E:\c++documents\My project\QT\QT-\QtWidgetsApplication1\uploader.cpp(1,1): warning C4828: 文件包含在偏移 0x198d 处开始的字符，该字符在当前源字符集中无效(代码页 65001)。
E:\c++documents\My project\QT\QT-\QtWidgetsApplication1\uploader.cpp(1,1): warning C4828: 文件包含在偏移 0x1a3a 处开始的字符，该字符在当前源字符集中无效(代码页 65001)。
E:\c++documents\My project\QT\QT-\QtWidgetsApplication1\uploader.cpp(1,1): warning C4828: 文件包含在偏移 0x1a3c 处开始的字符，该字符在当前源字符集中无效(代码页 65001)。
E:\c++documents\My project\QT\QT-\QtWidgetsApplication1\uploader.cpp(1,1): warning C4828: 文件包含在偏移 0x1a3e 处开始的字符，该字符在当前源字符集中无效(代码页 65001)。
E:\c++documents\My project\QT\QT-\QtWidgetsApplication1\uploader.cpp(1,1): warning C4828: 文件包含在偏移 0x1a3f 处开始的字符，该字符在当前源字符集中无效(代码页 65001)。
E:\c++documents\My project\QT\QT-\QtWidgetsApplication1\uploader.cpp(1,1): warning C4828: 文件包含在偏移 0x1a47 处开始的字符，该字符在当前源字符集中无效(代码页 65001)。
E:\c++documents\My project\QT\QT-\QtWidgetsApplication1\uploader.cpp(1,1): warning C4828: 文件包含在偏移 0x1a4a 处开始的字符，该字符在当前源字符集中无效(代码页 65001)。
E:\c++documents\My project\QT\QT-\QtWidgetsApplication1\uploader.cpp(1,1): warning C4828: 文件包含在偏移 0x1b47 处开始的字符，该字符在当前源字符集中无效(代码页 65001)。
E:\c++documents\My project\QT\QT-\QtWidgetsApplication1\uploader.cpp(1,1): warning C4828: 文件包含在偏移 0x1b49 处开始的字符，该字符在当前源字符集中无效(代码页 65001)。
E:\c++documents\My project\QT\QT-\QtWidgetsApplication1\uploader.cpp(1,1): warning C4828: 文件包含在偏移 0x1b4b 处开始的字符，该字符在当前源字符集中无效(代码页 65001)。
E:\c++documents\My project\QT\QT-\QtWidgetsApplication1\uploader.cpp(1,1): warning C4828: 文件包含在偏移 0x1b4c 处开始的字符，该字符在当前源字符集中无效(代码页 65001)。
E:\c++documents\My project\QT\QT-\QtWidgetsApplication1\uploader.cpp(1,1): warning C4828: 文件包含在偏移 0x1b4d 处开始的字符，该字符在当前源字符集中无效(代码页 65001)。
E:\c++documents\My project\QT\QT-\QtWidgetsApplication1\uploader.cpp(1,1): warning C4828: 文件包含在偏移 0x1b4f 处开始的字符，该字符在当前源字符集中无效(代码页 65001)。
E:\c++documents\My project\QT\QT-\QtWidgetsApplication1\uploader.cpp(1,1): warning C4828: 文件包含在偏移 0x1b53 处开始的字符，该字符在当前源字符集中无效(代码页 65001)。
E:\c++documents\My project\QT\QT-\QtWidgetsApplication1\uploader.cpp(1,1): warning C4828: 文件包含在偏移 0x1b55 处开始的字符，该字符在当前源字符集中无效(代码页 65001)。
E:\c++documents\My project\QT\QT-\QtWidgetsApplication1\uploader.cpp(1,1): warning C4828: 文件包含在偏移 0x1b56 处开始的字符，该字符在当前源字符集中无效(代码页 65001)。
E:\c++documents\My project\QT\QT-\QtWidgetsApplication1\uploader.cpp(1,1): warning C4828: 文件包含在偏移 0x1cfa 处开始的字符，该字符在当前源字符集中无效(代码页 65001)。
E:\c++documents\My project\QT\QT-\QtWidgetsApplication1\uploader.cpp(1,1): warning C4828: 文件包含在偏移 0x1cfe 处开始的字符，该字符在当前源字符集中无效(代码页 65001)。
E:\c++documents\My project\QT\QT-\QtWidgetsApplication1\uploader.cpp(1,1): warning C4828: 文件包含在偏移 0x1d00 处开始的字符，该字符在当前源字符集中无效(代码页 65001)。
E:\c++documents\My project\QT\QT-\QtWidgetsApplication1\uploader.cpp(1,1): warning C4828: 文件包含在偏移 0x1d01 处开始的字符，该字符在当前源字符集中无效(代码页 65001)。
E:\c++documents\My project\QT\QT-\QtWidgetsApplication1\uploader.cpp(1,1): warning C4828: 文件包含在偏移 0x1d02 处开始的字符，该字符在当前源字符集中无效(代码页 65001)。
E:\c++documents\My project\QT\QT-\QtWidgetsApplication1\uploader.cpp(1,1): warning C4828: 文件包含在偏移 0x1d05 处开始的字符，该字符在当前源字符集中无效(代码页 65001)。
E:\c++documents\My project\QT\QT-\QtWidgetsApplication1\uploader.cpp(1,1): warning C4828: 文件包含在偏移 0x1d06 处开始的字符，该字符在当前源字符集中无效(代码页 65001)。
E:\c++documents\My project\QT\QT-\QtWidgetsApplication1\uploader.cpp(1,1): warning C4828: 文件包含在偏移 0x1d08 处开始的字符，该字符在当前源字符集中无效(代码页 65001)。
E:\c++documents\My project\QT\QT-\QtWidgetsApplication1\uploader.cpp(1,1): warning C4828: 文件包含在偏移 0x1d0b 处开始的字符，该字符在当前源字符集中无效(代码页 65001)。
E:\c++documents\My project\QT\QT-\QtWidgetsApplication1\uploader.cpp(1,1): warning C4828: 文件包含在偏移 0x1d8d 处开始的字符，该字符在当前源字符集中无效(代码页 65001)。
E:\c++documents\My project\QT\QT-\QtWidgetsApplication1\uploader.cpp(1,1): warning C4828: 文件包含在偏移 0x1d8e 处开始的字符，该字符在当前源字符集中无效(代码页 65001)。
E:\c++documents\My project\QT\QT-\QtWidgetsApplication1\uploader.cpp(1,1): warning C4828: 文件包含在偏移 0x1d8f 处开始的字符，该字符在当前源字符集中无效(代码页 65001)。
E:\c++documents\My project\QT\QT-\QtWidgetsApplication1\uploader.cpp(1,1): warning C4828: 文件包含在偏移 0x1d91 处开始的字符，该字符在当前源字符集中无效(代码页 65001)。
E:\c++documents\My project\QT\QT-\QtWidgetsApplication1\uploader.cpp(1,1): warning C4828: 文件包含在偏移 0x1d95 处开始的字符，该字符在当前源字符集中无效(代码页 65001)。
E:\c++documents\My project\QT\QT-\QtWidgetsApplication1\uploader.cpp(1,1): warning C4828: 文件包含在偏移 0x1d97 处开始的字符，该字符在当前源字符集中无效(代码页 65001)。
E:\c++documents\My project\QT\QT-\QtWidgetsApplication1\uploader.cpp(1,1): warning C4828: 文件包含在偏移 0x1d98 处开始的字符，该字符在当前源字符集中无效(代码页 65001)。
E:\c++documents\My project\QT\QT-\QtWidgetsApplication1\uploader.cpp(1,1): warning C4828: 文件包含在偏移 0x1d99 处开始的字符，该字符在当前源字符集中无效(代码页 65001)。
E:\c++documents\My project\QT\QT-\QtWidgetsApplication1\uploader.cpp(1,1): warning C4828: 文件包含在偏移 0x1d9a 处开始的字符，该字符在当前源字符集中无效(代码页 65001)。
E:\c++documents\My project\QT\QT-\QtWidgetsApplication1\uploader.cpp(1,1): warning C4828: 文件包含在偏移 0x1d9c 处开始的字符，该字符在当前源字符集中无效(代码页 65001)。
E:\c++documents\My project\QT\QT-\QtWidgetsApplication1\uploader.cpp(1,1): warning C4828: 文件包含在偏移 0x1d9d 处开始的字符，该字符在当前源字符集中无效(代码页 65001)。
E:\c++documents\My project\QT\QT-\QtWidgetsApplication1\uploader.cpp(1,1): warning C4828: 文件包含在偏移 0x1d9e 处开始的字符，该字符在当前源字符集中无效(代码页 65001)。
E:\c++documents\My project\QT\QT-\QtWidgetsApplication1\uploader.cpp(1,1): warning C4828: 文件包含在偏移 0x1f18 处开始的字符，该字符在当前源字符集中无效(代码页 65001)。
E:\c++documents\My project\QT\QT-\QtWidgetsApplication1\uploader.cpp(1,1): warning C4828: 文件包含在偏移 0x1f19 处开始的字符，该字符在当前源字符集中无效(代码页 65001)。
E:\c++documents\My project\QT\QT-\QtWidgetsApplication1\uploader.cpp(1,1): warning C4828: 文件包含在偏移 0x1f1c 处开始的字符，该字符在当前源字符集中无效(代码页 65001)。
E:\c++documents\My project\QT\QT-\QtWidgetsApplication1\uploader.cpp(1,1): warning C4828: 文件包含在偏移 0x1f1e 处开始的字符，该字符在当前源字符集中无效(代码页 65001)。
E:\c++documents\My project\QT\QT-\QtWidgetsApplication1\uploader.cpp(1,1): warning C4828: 文件包含在偏移 0x1f20 处开始的字符，该字符在当前源字符集中无效(代码页 65001)。
E:\c++documents\My project\QT\QT-\QtWidgetsApplication1\uploader.cpp(1,1): warning C4828: 文件包含在偏移 0x1f21 处开始的字符，该字符在当前源字符集中无效(代码页 65001)。
E:\c++documents\My project\QT\QT-\QtWidgetsApplication1\uploader.cpp(1,1): warning C4828: 文件包含在偏移 0x2033 处开始的字符，该字符在当前源字符集中无效(代码页 65001)。
E:\c++documents\My project\QT\QT-\QtWidgetsApplication1\uploader.cpp(1,1): warning C4828: 文件包含在偏移 0x2035 处开始的字符，该字符在当前源字符集中无效(代码页 65001)。
E:\c++documents\My project\QT\QT-\QtWidgetsApplication1\uploader.cpp(1,1): warning C4828: 文件包含在偏移 0x2037 处开始的字符，该字符在当前源字符集中无效(代码页 65001)。
E:\c++documents\My project\QT\QT-\QtWidgetsApplication1\uploader.cpp(1,1): warning C4828: 文件包含在偏移 0x206a 处开始的字符，该字符在当前源字符集中无效(代码页 65001)。
E:\c++documents\My project\QT\QT-\QtWidgetsApplication1\uploader.cpp(1,1): warning C4828: 文件包含在偏移 0x206c 处开始的字符，该字符在当前源字符集中无效(代码页 65001)。
E:\c++documents\My project\QT\QT-\QtWidgetsApplication1\uploader.cpp(1,1): warning C4828: 文件包含在偏移 0x206e 处开始的字符，该字符在当前源字符集中无效(代码页 65001)。
E:\c++documents\My project\QT\QT-\QtWidgetsApplication1\uploader.cpp(1,1): warning C4828: 文件包含在偏移 0x2070 处开始的字符，该字符在当前源字符集中无效(代码页 65001)。
E:\c++documents\My project\QT\QT-\QtWidgetsApplication1\uploader.cpp(1,1): warning C4828: 文件包含在偏移 0x2072 处开始的字符，该字符在当前源字符集中无效(代码页 65001)。
E:\c++documents\My project\QT\QT-\QtWidgetsApplication1\uploader.cpp(1,1): warning C4828: 文件包含在偏移 0x2073 处开始的字符，该字符在当前源字符集中无效(代码页 65001)。
E:\c++documents\My project\QT\QT-\QtWidgetsApplication1\uploader.cpp(1,1): warning C4828: 文件包含在偏移 0x2075 处开始的字符，该字符在当前源字符集中无效(代码页 65001)。
E:\c++documents\My project\QT\QT-\QtWidgetsApplication1\uploader.cpp(1,1): warning C4828: 文件包含在偏移 0x2079 处开始的字符，该字符在当前源字符集中无效(代码页 65001)。
E:\c++documents\My project\QT\QT-\QtWidgetsApplication1\uploader.cpp(1,1): warning C4828: 文件包含在偏移 0x207c 处开始的字符，该字符在当前源字符集中无效(代码页 65001)。
E:\c++documents\My project\QT\QT-\QtWidgetsApplication1\uploader.cpp(1,1): warning C4828: 文件包含在偏移 0x207d 处开始的字符，该字符在当前源字符集中无效(代码页 65001)。
E:\c++documents\My project\QT\QT-\QtWidgetsApplication1\uploader.cpp(1,1): warning C4828: 文件包含在偏移 0x207e 处开始的字符，该字符在当前源字符集中无效(代码页 65001)。
E:\c++documents\My project\QT\QT-\QtWidgetsApplication1\uploader.cpp(1,1): warning C4828: 文件包含在偏移 0x2270 处开始的字符，该字符在当前源字符集中无效(代码页 65001)。
E:\c++documents\My project\QT\QT-\QtWidgetsApplication1\uploader.cpp(1,1): warning C4828: 文件包含在偏移 0x2272 处开始的字符，该字符在当前源字符集中无效(代码页 65001)。
E:\c++documents\My project\QT\QT-\QtWidgetsApplication1\uploader.cpp(1,1): warning C4828: 文件包含在偏移 0x2273 处开始的字符，该字符在当前源字符集中无效(代码页 65001)。
E:\c++documents\My project\QT\QT-\QtWidgetsApplication1\uploader.cpp(1,1): warning C4828: 文件包含在偏移 0x2279 处开始的字符，该字符在当前源字符集中无效(代码页 65001)。
E:\c++documents\My project\QT\QT-\QtWidgetsApplication1\uploader.cpp(1,1): warning C4828: 文件包含在偏移 0x227f 处开始的字符，该字符在当前源字符集中无效(代码页 65001)。
E:\c++documents\My project\QT\QT-\QtWidgetsApplication1\uploader.cpp(1,1): warning C4828: 文件包含在偏移 0x2281 处开始的字符，该字符在当前源字符集中无效(代码页 65001)。
E:\c++documents\My project\QT\QT-\QtWidgetsApplication1\uploader.cpp(1,1): warning C4828: 文件包含在偏移 0x2283 处开始的字符，该字符在当前源字符集中无效(代码页 65001)。
E:\c++documents\My project\QT\QT-\QtWidgetsApplication1\uploader.cpp(1,1): warning C4828: 文件包含在偏移 0x2284 处开始的字符，该字符在当前源字符集中无效(代码页 65001)。
E:\c++documents\My project\QT\QT-\QtWidgetsApplication1\uploader.cpp(1,1): warning C4828: 文件包含在偏移 0x2286 处开始的字符，该字符在当前源字符集中无效(代码页 65001)。
E:\c++documents\My project\QT\QT-\QtWidgetsApplication1\uploader.cpp(1,1): warning C4828: 文件包含在偏移 0x2287 处开始的字符，该字符在当前源字符集中无效(代码页 65001)。
E:\c++documents\My project\QT\QT-\QtWidgetsApplication1\uploader.cpp(1,1): warning C4828: 文件包含在偏移 0x228a 处开始的字符，该字符在当前源字符集中无效(代码页 65001)。
E:\c++documents\My project\QT\QT-\QtWidgetsApplication1\uploader.cpp(1,1): warning C4828: 文件包含在偏移 0x245b 处开始的字符，该字符在当前源字符集中无效(代码页 65001)。
E:\c++documents\My project\QT\QT-\QtWidgetsApplication1\uploader.cpp(1,1): warning C4828: 文件包含在偏移 0x245d 处开始的字符，该字符在当前源字符集中无效(代码页 65001)。
E:\c++documents\My project\QT\QT-\QtWidgetsApplication1\uploader.cpp(1,1): warning C4828: 文件包含在偏移 0x245e 处开始的字符，该字符在当前源字符集中无效(代码页 65001)。
E:\c++documents\My project\QT\QT-\QtWidgetsApplication1\uploader.cpp(1,1): warning C4828: 文件包含在偏移 0x245f 处开始的字符，该字符在当前源字符集中无效(代码页 65001)。
E:\c++documents\My project\QT\QT-\QtWidgetsApplication1\uploader.cpp(1,1): warning C4828: 文件包含在偏移 0x2461 处开始的字符，该字符在当前源字符集中无效(代码页 65001)。
E:\c++documents\My project\QT\QT-\QtWidgetsApplication1\uploader.cpp(1,1): warning C4828: 文件包含在偏移 0x2462 处开始的字符，该字符在当前源字符集中无效(代码页 65001)。
E:\c++documents\My project\QT\QT-\QtWidgetsApplication1\uploader.cpp(1,1): warning C4828: 文件包含在偏移 0x24d7 处开始的字符，该字符在当前源字符集中无效(代码页 65001)。
E:\c++documents\My project\QT\QT-\QtWidgetsApplication1\uploader.cpp(1,1): warning C4828: 文件包含在偏移 0x24d8 处开始的字符，该字符在当前源字符集中无效(代码页 65001)。
E:\c++documents\My project\QT\QT-\QtWidgetsApplication1\uploader.cpp(1,1): warning C4828: 文件包含在偏移 0x24d9 处开始的字符，该字符在当前源字符集中无效(代码页 65001)。
E:\c++documents\My project\QT\QT-\QtWidgetsApplication1\uploader.cpp(1,1): warning C4828: 文件包含在偏移 0x24da 处开始的字符，该字符在当前源字符集中无效(代码页 65001)。
E:\c++documents\My project\QT\QT-\QtWidgetsApplication1\uploader.cpp(1,1): warning C4828: 文件包含在偏移 0x24e0 处开始的字符，该字符在当前源字符集中无效(代码页 65001)。
E:\c++documents\My project\QT\QT-\QtWidgetsApplication1\uploader.cpp(1,1): warning C4828: 文件包含在偏移 0x24e1 处开始的字符，该字符在当前源字符集中无效(代码页 65001)。
E:\c++documents\My project\QT\QT-\QtWidgetsApplication1\uploader.cpp(1,1): warning C4828: 文件包含在偏移 0x24e3 处开始的字符，该字符在当前源字符集中无效(代码页 65001)。
E:\c++documents\My project\QT\QT-\QtWidgetsApplication1\uploader.cpp(1,1): warning C4828: 文件包含在偏移 0x24e5 处开始的字符，该字符在当前源字符集中无效(代码页 65001)。
E:\c++documents\My project\QT\QT-\QtWidgetsApplication1\uploader.cpp(1,1): warning C4828: 文件包含在偏移 0x24e6 处开始的字符，该字符在当前源字符集中无效(代码页 65001)。
E:\c++documents\My project\QT\QT-\QtWidgetsApplication1\uploader.cpp(1,1): warning C4828: 文件包含在偏移 0x270f 处开始的字符，该字符在当前源字符集中无效(代码页 65001)。
E:\c++documents\My project\QT\QT-\QtWidgetsApplication1\uploader.cpp(1,1): warning C4828: 文件包含在偏移 0x2711 处开始的字符，该字符在当前源字符集中无效(代码页 65001)。
E:\c++documents\My project\QT\QT-\QtWidgetsApplication1\uploader.cpp(1,1): warning C4828: 文件包含在偏移 0x2713 处开始的字符，该字符在当前源字符集中无效(代码页 65001)。
E:\c++documents\My project\QT\QT-\QtWidgetsApplication1\uploader.cpp(1,1): warning C4828: 文件包含在偏移 0x2715 处开始的字符，该字符在当前源字符集中无效(代码页 65001)。
E:\c++documents\My project\QT\QT-\QtWidgetsApplication1\uploader.cpp(1,1): warning C4828: 文件包含在偏移 0x2716 处开始的字符，该字符在当前源字符集中无效(代码页 65001)。
E:\c++documents\My project\QT\QT-\QtWidgetsApplication1\uploader.cpp(1,1): warning C4828: 文件包含在偏移 0x271c 处开始的字符，该字符在当前源字符集中无效(代码页 65001)。
E:\c++documents\My project\QT\QT-\QtWidgetsApplication1\uploader.cpp(1,1): warning C4828: 文件包含在偏移 0x271d 处开始的字符，该字符在当前源字符集中无效(代码页 65001)。
E:\c++documents\My project\QT\QT-\QtWidgetsApplication1\uploader.cpp(1,1): warning C4828: 文件包含在偏移 0x2812 处开始的字符，该字符在当前源字符集中无效(代码页 65001)。
E:\c++documents\My project\QT\QT-\QtWidgetsApplication1\uploader.cpp(1,1): warning C4828: 文件包含在偏移 0x2814 处开始的字符，该字符在当前源字符集中无效(代码页 65001)。
E:\c++documents\My project\QT\QT-\QtWidgetsApplication1\uploader.cpp(1,1): warning C4828: 文件包含在偏移 0x2816 处开始的字符，该字符在当前源字符集中无效(代码页 65001)。
E:\c++documents\My project\QT\QT-\QtWidgetsApplication1\uploader.cpp(1,1): warning C4828: 文件包含在偏移 0x2845 处开始的字符，该字符在当前源字符集中无效(代码页 65001)。
E:\c++documents\My project\QT\QT-\QtWidgetsApplication1\uploader.cpp(1,1): warning C4828: 文件包含在偏移 0x2847 处开始的字符，该字符在当前源字符集中无效(代码页 65001)。
E:\c++documents\My project\QT\QT-\QtWidgetsApplication1\uploader.cpp(1,1): warning C4828: 文件包含在偏移 0x2849 处开始的字符，该字符在当前源字符集中无效(代码页 65001)。
E:\c++documents\My project\QT\QT-\QtWidgetsApplication1\uploader.cpp(1,1): warning C4828: 文件包含在偏移 0x284b 处开始的字符，该字符在当前源字符集中无效(代码页 65001)。
E:\c++documents\My project\QT\QT-\QtWidgetsApplication1\uploader.cpp(1,1): warning C4828: 文件包含在偏移 0x284d 处开始的字符，该字符在当前源字符集中无效(代码页 65001)。
E:\c++documents\My project\QT\QT-\QtWidgetsApplication1\uploader.cpp(1,1): warning C4828: 文件包含在偏移 0x284e 处开始的字符，该字符在当前源字符集中无效(代码页 65001)。
E:\c++documents\My project\QT\QT-\QtWidgetsApplication1\uploader.cpp(1,1): warning C4828: 文件包含在偏移 0x2850 处开始的字符，该字符在当前源字符集中无效(代码页 65001)。
E:\c++documents\My project\QT\QT-\QtWidgetsApplication1\uploader.cpp(1,1): warning C4828: 文件包含在偏移 0x2854 处开始的字符，该字符在当前源字符集中无效(代码页 65001)。
E:\c++documents\My project\QT\QT-\QtWidgetsApplication1\uploader.cpp(1,1): warning C4828: 文件包含在偏移 0x2857 处开始的字符，该字符在当前源字符集中无效(代码页 65001)。
E:\c++documents\My project\QT\QT-\QtWidgetsApplication1\uploader.cpp(1,1): warning C4828: 文件包含在偏移 0x2858 处开始的字符，该字符在当前源字符集中无效(代码页 65001)。
E:\c++documents\My project\QT\QT-\QtWidgetsApplication1\uploader.cpp(1,1): warning C4828: 文件包含在偏移 0x2859 处开始的字符，该字符在当前源字符集中无效(代码页 65001)。
E:\c++documents\My project\QT\QT-\QtWidgetsApplication1\uploader.cpp(1,1): warning C4828: 文件包含在偏移 0x2a72 处开始的字符，该字符在当前源字符集中无效(代码页 65001)。
E:\c++documents\My project\QT\QT-\QtWidgetsApplication1\uploader.cpp(1,1): warning C4828: 文件包含在偏移 0x2a74 处开始的字符，该字符在当前源字符集中无效(代码页 65001)。
E:\c++documents\My project\QT\QT-\QtWidgetsApplication1\uploader.cpp(1,1): warning C4828: 文件包含在偏移 0x2a75 处开始的字符，该字符在当前源字符集中无效(代码页 65001)。
E:\c++documents\My project\QT\QT-\QtWidgetsApplication1\uploader.cpp(1,1): warning C4828: 文件包含在偏移 0x2a76 处开始的字符，该字符在当前源字符集中无效(代码页 65001)。
E:\c++documents\My project\QT\QT-\QtWidgetsApplication1\uploader.cpp(1,1): warning C4828: 文件包含在偏移 0x2a78 处开始的字符，该字符在当前源字符集中无效(代码页 65001)。
E:\c++documents\My project\QT\QT-\QtWidgetsApplication1\uploader.cpp(1,1): warning C4828: 文件包含在偏移 0x2a7a 处开始的字符，该字符在当前源字符集中无效(代码页 65001)。
E:\c++documents\My project\QT\QT-\QtWidgetsApplication1\uploader.cpp(1,1): warning C4828: 文件包含在偏移 0x2a7b 处开始的字符，该字符在当前源字符集中无效(代码页 65001)。
E:\c++documents\My project\QT\QT-\QtWidgetsApplication1\uploader.cpp(1,1): warning C4828: 文件包含在偏移 0x2a7e 处开始的字符，该字符在当前源字符集中无效(代码页 65001)。
E:\c++documents\My project\QT\QT-\QtWidgetsApplication1\uploader.cpp(1,1): warning C4828: 文件包含在偏移 0x2a80 处开始的字符，该字符在当前源字符集中无效(代码页 65001)。
E:\c++documents\My project\QT\QT-\QtWidgetsApplication1\uploader.cpp(1,1): warning C4828: 文件包含在偏移 0x2a83 处开始的字符，该字符在当前源字符集中无效(代码页 65001)。
E:\c++documents\My project\QT\QT-\QtWidgetsApplication1\uploader.cpp(1,1): warning C4828: 文件包含在偏移 0x2a84 处开始的字符，该字符在当前源字符集中无效(代码页 65001)。
E:\c++documents\My project\QT\QT-\QtWidgetsApplication1\uploader.cpp(1,1): warning C4828: 文件包含在偏移 0x2a86 处开始的字符，该字符在当前源字符集中无效(代码页 65001)。
E:\c++documents\My project\QT\QT-\QtWidgetsApplication1\uploader.cpp(1,1): warning C4828: 文件包含在偏移 0x2a87 处开始的字符，该字符在当前源字符集中无效(代码页 65001)。
E:\c++documents\My project\QT\QT-\QtWidgetsApplication1\uploader.cpp(1,1): warning C4828: 文件包含在偏移 0x2a90 处开始的字符，该字符在当前源字符集中无效(代码页 65001)。
E:\c++documents\My project\QT\QT-\QtWidgetsApplication1\uploader.cpp(1,1): warning C4828: 文件包含在偏移 0x2a92 处开始的字符，该字符在当前源字符集中无效(代码页 65001)。
E:\c++documents\My project\QT\QT-\QtWidgetsApplication1\uploader.cpp(1,1): warning C4828: 文件包含在偏移 0x2a93 处开始的字符，该字符在当前源字符集中无效(代码页 65001)。
E:\c++documents\My project\QT\QT-\QtWidgetsApplication1\uploader.cpp(1,1): warning C4828: 文件包含在偏移 0x2a94 处开始的字符，该字符在当前源字符集中无效(代码页 65001)。
E:\c++documents\My project\QT\QT-\QtWidgetsApplication1\uploader.cpp(1,1): warning C4828: 文件包含在偏移 0x2a95 处开始的字符，该字符在当前源字符集中无效(代码页 65001)。
E:\c++documents\My project\QT\QT-\QtWidgetsApplication1\uploader.cpp(1,1): warning C4828: 文件包含在偏移 0x2a96 处开始的字符，该字符在当前源字符集中无效(代码页 65001)。
E:\c++documents\My project\QT\QT-\QtWidgetsApplication1\uploader.cpp(1,1): warning C4828: 文件包含在偏移 0x2a98 处开始的字符，该字符在当前源字符集中无效(代码页 65001)。
E:\c++documents\My project\QT\QT-\QtWidgetsApplication1\uploader.cpp(1,1): warning C4828: 文件包含在偏移 0x2a9a 处开始的字符，该字符在当前源字符集中无效(代码页 65001)。
E:\c++documents\My project\QT\QT-\QtWidgetsApplication1\uploader.cpp(1,1): warning C4828: 文件包含在偏移 0x2a9b 处开始的字符，该字符在当前源字符集中无效(代码页 65001)。
E:\c++documents\My project\QT\QT-\QtWidgetsApplication1\uploader.cpp(1,1): warning C4828: 文件包含在偏移 0x2a9d 处开始的字符，该字符在当前源字符集中无效(代码页 65001)。
E:\c++documents\My project\QT\QT-\QtWidgetsApplication1\uploader.cpp(1,1): warning C4828: 文件包含在偏移 0x2b0d 处开始的字符，该字符在当前源字符集中无效(代码页 65001)。
E:\c++documents\My project\QT\QT-\QtWidgetsApplication1\uploader.cpp(1,1): warning C4828: 文件包含在偏移 0x2b1b 处开始的字符，该字符在当前源字符集中无效(代码页 65001)。
E:\c++documents\My project\QT\QT-\QtWidgetsApplication1\uploader.cpp(1,1): warning C4828: 文件包含在偏移 0x2b1c 处开始的字符，该字符在当前源字符集中无效(代码页 65001)。
E:\c++documents\My project\QT\QT-\QtWidgetsApplication1\uploader.cpp(1,1): warning C4828: 文件包含在偏移 0x2b1d 处开始的字符，该字符在当前源字符集中无效(代码页 65001)。
E:\c++documents\My project\QT\QT-\QtWidgetsApplication1\uploader.cpp(1,1): warning C4828: 文件包含在偏移 0x2b21 处开始的字符，该字符在当前源字符集中无效(代码页 65001)。
E:\c++documents\My project\QT\QT-\QtWidgetsApplication1\uploader.cpp(1,1): warning C4828: 文件包含在偏移 0x2b22 处开始的字符，该字符在当前源字符集中无效(代码页 65001)。
E:\c++documents\My project\QT\QT-\QtWidgetsApplication1\uploader.cpp(1,1): warning C4828: 文件包含在偏移 0x2b25 处开始的字符，该字符在当前源字符集中无效(代码页 65001)。
E:\c++documents\My project\QT\QT-\QtWidgetsApplication1\uploader.cpp(1,1): warning C4828: 文件包含在偏移 0x2b29 处开始的字符，该字符在当前源字符集中无效(代码页 65001)。
E:\c++documents\My project\QT\QT-\QtWidgetsApplication1\uploader.cpp(1,1): warning C4828: 文件包含在偏移 0x2b2a 处开始的字符，该字符在当前源字符集中无效(代码页 65001)。
E:\c++documents\My project\QT\QT-\QtWidgetsApplication1\uploader.cpp(1,1): warning C4828: 文件包含在偏移 0x2b2b 处开始的字符，该字符在当前源字符集中无效(代码页 65001)。
E:\c++documents\My project\QT\QT-\QtWidgetsApplication1\uploader.cpp(1,1): warning C4828: 文件包含在偏移 0x2b2d 处开始的字符，该字符在当前源字符集中无效(代码页 65001)。
E:\c++documents\My project\QT\QT-\QtWidgetsApplication1\uploader.cpp(1,1): warning C4828: 文件包含在偏移 0x2b2f 处开始的字符，该字符在当前源字符集中无效(代码页 65001)。
E:\c++documents\My project\QT\QT-\QtWidgetsApplication1\uploader.cpp(1,1): warning C4828: 文件包含在偏移 0x2b30 处开始的字符，该字符在当前源字符集中无效(代码页 65001)。
E:\c++documents\My project\QT\QT-\QtWidgetsApplication1\uploader.cpp(1,1): warning C4828: 文件包含在偏移 0x2b31 处开始的字符，该字符在当前源字符集中无效(代码页 65001)。
E:\c++documents\My project\QT\QT-\QtWidgetsApplication1\uploader.cpp(1,1): warning C4828: 文件包含在偏移 0x2ba0 处开始的字符，该字符在当前源字符集中无效(代码页 65001)。
E:\c++documents\My project\QT\QT-\QtWidgetsApplication1\uploader.cpp(1,1): warning C4828: 文件包含在偏移 0x2ba1 处开始的字符，该字符在当前源字符集中无效(代码页 65001)。
E:\c++documents\My project\QT\QT-\QtWidgetsApplication1\uploader.cpp(1,1): warning C4828: 文件包含在偏移 0x2ba4 处开始的字符，该字符在当前源字符集中无效(代码页 65001)。
E:\c++documents\My project\QT\QT-\QtWidgetsApplication1\uploader.cpp(1,1): warning C4828: 文件包含在偏移 0x2bd1 处开始的字符，该字符在当前源字符集中无效(代码页 65001)。
E:\c++documents\My project\QT\QT-\QtWidgetsApplication1\uploader.cpp(1,1): warning C4828: 文件包含在偏移 0x2bd3 处开始的字符，该字符在当前源字符集中无效(代码页 65001)。
E:\c++documents\My project\QT\QT-\QtWidgetsApplication1\uploader.cpp(1,1): warning C4828: 文件包含在偏移 0x2bd4 处开始的字符，该字符在当前源字符集中无效(代码页 65001)。
E:\c++documents\My project\QT\QT-\QtWidgetsApplication1\uploader.cpp(1,1): warning C4828: 文件包含在偏移 0x2bd5 处开始的字符，该字符在当前源字符集中无效(代码页 65001)。
E:\c++documents\My project\QT\QT-\QtWidgetsApplication1\uploader.cpp(1,1): warning C4828: 文件包含在偏移 0x2bd7 处开始的字符，该字符在当前源字符集中无效(代码页 65001)。
E:\c++documents\My project\QT\QT-\QtWidgetsApplication1\uploader.cpp(1,1): warning C4828: 文件包含在偏移 0x2bd9 处开始的字符，该字符在当前源字符集中无效(代码页 65001)。
E:\c++documents\My project\QT\QT-\QtWidgetsApplication1\uploader.cpp(1,1): warning C4828: 文件包含在偏移 0x2bda 处开始的字符，该字符在当前源字符集中无效(代码页 65001)。
E:\c++documents\My project\QT\QT-\QtWidgetsApplication1\uploader.cpp(1,1): warning C4828: 文件包含在偏移 0x2bdd 处开始的字符，该字符在当前源字符集中无效(代码页 65001)。
E:\c++documents\My project\QT\QT-\QtWidgetsApplication1\uploader.cpp(1,1): warning C4828: 文件包含在偏移 0x2bdf 处开始的字符，该字符在当前源字符集中无效(代码页 65001)。
E:\c++documents\My project\QT\QT-\QtWidgetsApplication1\uploader.cpp(1,1): warning C4828: 文件包含在偏移 0x2be2 处开始的字符，该字符在当前源字符集中无效(代码页 65001)。
E:\c++documents\My project\QT\QT-\QtWidgetsApplication1\uploader.cpp(1,1): warning C4828: 文件包含在偏移 0x2be3 处开始的字符，该字符在当前源字符集中无效(代码页 65001)。
E:\c++documents\My project\QT\QT-\QtWidgetsApplication1\uploader.cpp(1,1): warning C4828: 文件包含在偏移 0x2be5 处开始的字符，该字符在当前源字符集中无效(代码页 65001)。
E:\c++documents\My project\QT\QT-\QtWidgetsApplication1\uploader.cpp(1,1): warning C4828: 文件包含在偏移 0x2be6 处开始的字符，该字符在当前源字符集中无效(代码页 65001)。
E:\c++documents\My project\QT\QT-\QtWidgetsApplication1\uploader.cpp(1,1): warning C4828: 文件包含在偏移 0x2bef 处开始的字符，该字符在当前源字符集中无效(代码页 65001)。
E:\c++documents\My project\QT\QT-\QtWidgetsApplication1\uploader.cpp(1,1): warning C4828: 文件包含在偏移 0x2bf1 处开始的字符，该字符在当前源字符集中无效(代码页 65001)。
E:\c++documents\My project\QT\QT-\QtWidgetsApplication1\uploader.cpp(1,1): warning C4828: 文件包含在偏移 0x2bf2 处开始的字符，该字符在当前源字符集中无效(代码页 65001)。
E:\c++documents\My project\QT\QT-\QtWidgetsApplication1\uploader.cpp(1,1): warning C4828: 文件包含在偏移 0x2bf3 处开始的字符，该字符在当前源字符集中无效(代码页 65001)。
E:\c++documents\My project\QT\QT-\QtWidgetsApplication1\uploader.cpp(1,1): warning C4828: 文件包含在偏移 0x2bf4 处开始的字符，该字符在当前源字符集中无效(代码页 65001)。
E:\c++documents\My project\QT\QT-\QtWidgetsApplication1\uploader.cpp(1,1): warning C4828: 文件包含在偏移 0x2bf5 处开始的字符，该字符在当前源字符集中无效(代码页 65001)。
E:\c++documents\My project\QT\QT-\QtWidgetsApplication1\uploader.cpp(1,1): warning C4828: 文件包含在偏移 0x2bf7 处开始的字符，该字符在当前源字符集中无效(代码页 65001)。
E:\c++documents\My project\QT\QT-\QtWidgetsApplication1\uploader.cpp(1,1): warning C4828: 文件包含在偏移 0x2bf9 处开始的字符，该字符在当前源字符集中无效(代码页 65001)。
E:\c++documents\My project\QT\QT-\QtWidgetsApplication1\uploader.cpp(1,1): warning C4828: 文件包含在偏移 0x2bfa 处开始的字符，该字符在当前源字符集中无效(代码页 65001)。
E:\c++documents\My project\QT\QT-\QtWidgetsApplication1\uploader.cpp(1,1): warning C4828: 文件包含在偏移 0x2bfc 处开始的字符，该字符在当前源字符集中无效(代码页 65001)。
E:\c++documents\My project\QT\QT-\QtWidgetsApplication1\uploader.cpp(1,1): warning C4828: 文件包含在偏移 0x2c77 处开始的字符，该字符在当前源字符集中无效(代码页 65001)。
E:\c++documents\My project\QT\QT-\QtWidgetsApplication1\uploader.cpp(1,1): warning C4828: 文件包含在偏移 0x2c79 处开始的字符，该字符在当前源字符集中无效(代码页 65001)。
E:\c++documents\My project\QT\QT-\QtWidgetsApplication1\uploader.cpp(1,1): warning C4828: 文件包含在偏移 0x2c7a 处开始的字符，该字符在当前源字符集中无效(代码页 65001)。
E:\c++documents\My project\QT\QT-\QtWidgetsApplication1\uploader.cpp(1,1): warning C4828: 文件包含在偏移 0x2c7b 处开始的字符，该字符在当前源字符集中无效(代码页 65001)。
E:\c++documents\My project\QT\QT-\QtWidgetsApplication1\uploader.cpp(1,1): warning C4828: 文件包含在偏移 0x2c7c 处开始的字符，该字符在当前源字符集中无效(代码页 65001)。
E:\c++documents\My project\QT\QT-\QtWidgetsApplication1\uploader.cpp(1,1): warning C4828: 文件包含在偏移 0x2c7f 处开始的字符，该字符在当前源字符集中无效(代码页 65001)。
E:\c++documents\My project\QT\QT-\QtWidgetsApplication1\uploader.cpp(1,1): warning C4828: 文件包含在偏移 0x2c81 处开始的字符，该字符在当前源字符集中无效(代码页 65001)。
E:\c++documents\My project\QT\QT-\QtWidgetsApplication1\uploader.cpp(1,1): warning C4828: 文件包含在偏移 0x2c82 处开始的字符，该字符在当前源字符集中无效(代码页 65001)。
E:\c++documents\My project\QT\QT-\QtWidgetsApplication1\ProjectScoreManage.h(1,1): warning C4828: 文件包含在偏移 0x41 处开始的字符，该字符在当前源字符集中无效(代码页 65001)。
  (编译源文件“main.cpp”)
  
E:\c++documents\My project\QT\QT-\QtWidgetsApplication1\ProjectScoreManage.h(1,1): warning C4828: 文件包含在偏移 0x42 处开始的字符，该字符在当前源字符集中无效(代码页 65001)。
  (编译源文件“main.cpp”)
  
E:\c++documents\My project\QT\QT-\QtWidgetsApplication1\ProjectScoreManage.h(1,1): warning C4828: 文件包含在偏移 0x44 处开始的字符，该字符在当前源字符集中无效(代码页 65001)。
  (编译源文件“main.cpp”)
  
E:\c++documents\My project\QT\QT-\QtWidgetsApplication1\ProjectScoreManage.h(1,1): warning C4828: 文件包含在偏移 0x45 处开始的字符，该字符在当前源字符集中无效(代码页 65001)。
  (编译源文件“main.cpp”)
  
E:\c++documents\My project\QT\QT-\QtWidgetsApplication1\ProjectScoreManage.h(1,1): warning C4828: 文件包含在偏移 0x46 处开始的字符，该字符在当前源字符集中无效(代码页 65001)。
  (编译源文件“main.cpp”)
  
E:\c++documents\My project\QT\QT-\QtWidgetsApplication1\ProjectScoreManage.h(1,1): warning C4828: 文件包含在偏移 0x4b 处开始的字符，该字符在当前源字符集中无效(代码页 65001)。
  (编译源文件“main.cpp”)
  
E:\c++documents\My project\QT\QT-\QtWidgetsApplication1\ProjectScoreManage.h(1,1): warning C4828: 文件包含在偏移 0x4c 处开始的字符，该字符在当前源字符集中无效(代码页 65001)。
  (编译源文件“main.cpp”)
  
E:\c++documents\My project\QT\QT-\QtWidgetsApplication1\ProjectScoreManage.h(1,1): warning C4828: 文件包含在偏移 0x4f 处开始的字符，该字符在当前源字符集中无效(代码页 65001)。
  (编译源文件“main.cpp”)
  
E:\c++documents\My project\QT\QT-\QtWidgetsApplication1\ProjectScoreManage.h(1,1): warning C4828: 文件包含在偏移 0x50 处开始的字符，该字符在当前源字符集中无效(代码页 65001)。
  (编译源文件“main.cpp”)
  
E:\c++documents\My project\QT\QT-\QtWidgetsApplication1\ProjectScoreManage.h(1,1): warning C4828: 文件包含在偏移 0x51 处开始的字符，该字符在当前源字符集中无效(代码页 65001)。
  (编译源文件“main.cpp”)
  
E:\c++documents\My project\QT\QT-\QtWidgetsApplication1\ProjectScoreManage.h(1,1): warning C4828: 文件包含在偏移 0x52 处开始的字符，该字符在当前源字符集中无效(代码页 65001)。
  (编译源文件“main.cpp”)
  
E:\c++documents\My project\QT\QT-\QtWidgetsApplication1\ProjectScoreManage.h(1,1): warning C4828: 文件包含在偏移 0x257 处开始的字符，该字符在当前源字符集中无效(代码页 65001)。
  (编译源文件“main.cpp”)
  
E:\c++documents\My project\QT\QT-\QtWidgetsApplication1\ProjectScoreManage.h(1,1): warning C4828: 文件包含在偏移 0x258 处开始的字符，该字符在当前源字符集中无效(代码页 65001)。
  (编译源文件“main.cpp”)
  
E:\c++documents\My project\QT\QT-\QtWidgetsApplication1\ProjectScoreManage.h(1,1): warning C4828: 文件包含在偏移 0x259 处开始的字符，该字符在当前源字符集中无效(代码页 65001)。
  (编译源文件“main.cpp”)
  
E:\c++documents\My project\QT\QT-\QtWidgetsApplication1\ProjectScoreManage.h(1,1): warning C4828: 文件包含在偏移 0x25b 处开始的字符，该字符在当前源字符集中无效(代码页 65001)。
  (编译源文件“main.cpp”)
  
E:\c++documents\My project\QT\QT-\QtWidgetsApplication1\ProjectScoreManage.h(1,1): warning C4828: 文件包含在偏移 0x25d 处开始的字符，该字符在当前源字符集中无效(代码页 65001)。
  (编译源文件“main.cpp”)
  
E:\c++documents\My project\QT\QT-\QtWidgetsApplication1\ProjectScoreManage.h(1,1): warning C4828: 文件包含在偏移 0x25e 处开始的字符，该字符在当前源字符集中无效(代码页 65001)。
  (编译源文件“main.cpp”)
  
E:\c++documents\My project\QT\QT-\QtWidgetsApplication1\ProjectScore.h(1,1): warning C4828: 文件包含在偏移 0x116 处开始的字符，该字符在当前源字符集中无效(代码页 65001)。
  (编译源文件“main.cpp”)
  
E:\c++documents\My project\QT\QT-\QtWidgetsApplication1\ProjectScore.h(1,1): warning C4828: 文件包含在偏移 0x11a 处开始的字符，该字符在当前源字符集中无效(代码页 65001)。
  (编译源文件“main.cpp”)
  
E:\c++documents\My project\QT\QT-\QtWidgetsApplication1\ProjectScore.h(1,1): warning C4828: 文件包含在偏移 0x11c 处开始的字符，该字符在当前源字符集中无效(代码页 65001)。
  (编译源文件“main.cpp”)
  
E:\c++documents\My project\QT\QT-\QtWidgetsApplication1\ProjectScore.h(1,1): warning C4828: 文件包含在偏移 0x11d 处开始的字符，该字符在当前源字符集中无效(代码页 65001)。
  (编译源文件“main.cpp”)
  
E:\c++documents\My project\QT\QT-\QtWidgetsApplication1\ProjectScore.h(1,1): warning C4828: 文件包含在偏移 0x139 处开始的字符，该字符在当前源字符集中无效(代码页 65001)。
  (编译源文件“main.cpp”)
  
E:\c++documents\My project\QT\QT-\QtWidgetsApplication1\ProjectScore.h(1,1): warning C4828: 文件包含在偏移 0x13d 处开始的字符，该字符在当前源字符集中无效(代码页 65001)。
  (编译源文件“main.cpp”)
  
E:\c++documents\My project\QT\QT-\QtWidgetsApplication1\ProjectScore.h(1,1): warning C4828: 文件包含在偏移 0x13e 处开始的字符，该字符在当前源字符集中无效(代码页 65001)。
  (编译源文件“main.cpp”)
  
E:\c++documents\My project\QT\QT-\QtWidgetsApplication1\ProjectScore.h(1,1): warning C4828: 文件包含在偏移 0x15d 处开始的字符，该字符在当前源字符集中无效(代码页 65001)。
  (编译源文件“main.cpp”)
  
E:\c++documents\My project\QT\QT-\QtWidgetsApplication1\ProjectScore.h(1,1): warning C4828: 文件包含在偏移 0x161 处开始的字符，该字符在当前源字符集中无效(代码页 65001)。
  (编译源文件“main.cpp”)
  
E:\c++documents\My project\QT\QT-\QtWidgetsApplication1\ProjectScore.h(1,1): warning C4828: 文件包含在偏移 0x164 处开始的字符，该字符在当前源字符集中无效(代码页 65001)。
  (编译源文件“main.cpp”)
  
E:\c++documents\My project\QT\QT-\QtWidgetsApplication1\ProjectScore.h(1,1): warning C4828: 文件包含在偏移 0x180 处开始的字符，该字符在当前源字符集中无效(代码页 65001)。
  (编译源文件“main.cpp”)
  
E:\c++documents\My project\QT\QT-\QtWidgetsApplication1\ProjectScore.h(1,1): warning C4828: 文件包含在偏移 0x181 处开始的字符，该字符在当前源字符集中无效(代码页 65001)。
  (编译源文件“main.cpp”)
  
E:\c++documents\My project\QT\QT-\QtWidgetsApplication1\ProjectScore.h(1,1): warning C4828: 文件包含在偏移 0x22e 处开始的字符，该字符在当前源字符集中无效(代码页 65001)。
  (编译源文件“main.cpp”)
  
E:\c++documents\My project\QT\QT-\QtWidgetsApplication1\ProjectScore.h(1,1): warning C4828: 文件包含在偏移 0x22f 处开始的字符，该字符在当前源字符集中无效(代码页 65001)。
  (编译源文件“main.cpp”)
  
E:\c++documents\My project\QT\QT-\QtWidgetsApplication1\ProjectScore.h(1,1): warning C4828: 文件包含在偏移 0x230 处开始的字符，该字符在当前源字符集中无效(代码页 65001)。
  (编译源文件“main.cpp”)
  
E:\c++documents\My project\QT\QT-\QtWidgetsApplication1\ProjectScore.h(1,1): warning C4828: 文件包含在偏移 0x232 处开始的字符，该字符在当前源字符集中无效(代码页 65001)。
  (编译源文件“main.cpp”)
  
E:\c++documents\My project\QT\QT-\QtWidgetsApplication1\ProjectScore.h(1,1): warning C4828: 文件包含在偏移 0x233 处开始的字符，该字符在当前源字符集中无效(代码页 65001)。
  (编译源文件“main.cpp”)
  
E:\c++documents\My project\QT\QT-\QtWidgetsApplication1\ProjectScore.h(1,1): warning C4828: 文件包含在偏移 0x234 处开始的字符，该字符在当前源字符集中无效(代码页 65001)。
  (编译源文件“main.cpp”)
  
E:\c++documents\My project\QT\QT-\QtWidgetsApplication1\ProjectScore.h(1,1): warning C4828: 文件包含在偏移 0x241 处开始的字符，该字符在当前源字符集中无效(代码页 65001)。
  (编译源文件“main.cpp”)
  
E:\c++documents\My project\QT\QT-\QtWidgetsApplication1\ProjectScore.h(1,1): warning C4828: 文件包含在偏移 0x243 处开始的字符，该字符在当前源字符集中无效(代码页 65001)。
  (编译源文件“main.cpp”)
  
E:\c++documents\My project\QT\QT-\QtWidgetsApplication1\ProjectScore.h(1,1): warning C4828: 文件包含在偏移 0x245 处开始的字符，该字符在当前源字符集中无效(代码页 65001)。
  (编译源文件“main.cpp”)
  
E:\c++documents\My project\QT\QT-\QtWidgetsApplication1\ProjectScore.h(1,1): warning C4828: 文件包含在偏移 0x246 处开始的字符，该字符在当前源字符集中无效(代码页 65001)。
  (编译源文件“main.cpp”)
  
E:\c++documents\My project\QT\QT-\QtWidgetsApplication1\ProjectScore.h(1,1): warning C4828: 文件包含在偏移 0x247 处开始的字符，该字符在当前源字符集中无效(代码页 65001)。
  (编译源文件“main.cpp”)
  
E:\c++documents\My project\QT\QT-\QtWidgetsApplication1\ProjectScore.h(1,1): warning C4828: 文件包含在偏移 0x249 处开始的字符，该字符在当前源字符集中无效(代码页 65001)。
  (编译源文件“main.cpp”)
  
E:\c++documents\My project\QT\QT-\QtWidgetsApplication1\ProjectScore.h(1,1): warning C4828: 文件包含在偏移 0x24c 处开始的字符，该字符在当前源字符集中无效(代码页 65001)。
  (编译源文件“main.cpp”)
  
E:\c++documents\My project\QT\QT-\QtWidgetsApplication1\ProjectScore.h(1,1): warning C4828: 文件包含在偏移 0x24e 处开始的字符，该字符在当前源字符集中无效(代码页 65001)。
  (编译源文件“main.cpp”)
  
E:\c++documents\My project\QT\QT-\QtWidgetsApplication1\ProjectScore.h(1,1): warning C4828: 文件包含在偏移 0x250 处开始的字符，该字符在当前源字符集中无效(代码页 65001)。
  (编译源文件“main.cpp”)
  
E:\c++documents\My project\QT\QT-\QtWidgetsApplication1\ProjectScore.h(1,1): warning C4828: 文件包含在偏移 0x252 处开始的字符，该字符在当前源字符集中无效(代码页 65001)。
  (编译源文件“main.cpp”)
  
E:\c++documents\My project\QT\QT-\QtWidgetsApplication1\ProjectScore.h(1,1): warning C4828: 文件包含在偏移 0x32f 处开始的字符，该字符在当前源字符集中无效(代码页 65001)。
  (编译源文件“main.cpp”)
  
E:\c++documents\My project\QT\QT-\QtWidgetsApplication1\ProjectScore.h(1,1): warning C4828: 文件包含在偏移 0x331 处开始的字符，该字符在当前源字符集中无效(代码页 65001)。
  (编译源文件“main.cpp”)
  
E:\c++documents\My project\QT\QT-\QtWidgetsApplication1\ProjectScore.h(1,1): warning C4828: 文件包含在偏移 0x332 处开始的字符，该字符在当前源字符集中无效(代码页 65001)。
  (编译源文件“main.cpp”)
  
E:\c++documents\My project\QT\QT-\QtWidgetsApplication1\ProjectScore.h(1,1): warning C4828: 文件包含在偏移 0x333 处开始的字符，该字符在当前源字符集中无效(代码页 65001)。
  (编译源文件“main.cpp”)
  
E:\c++documents\My project\QT\QT-\QtWidgetsApplication1\ProjectScore.h(1,1): warning C4828: 文件包含在偏移 0x334 处开始的字符，该字符在当前源字符集中无效(代码页 65001)。
  (编译源文件“main.cpp”)
  
E:\c++documents\My project\QT\QT-\QtWidgetsApplication1\ProjectScore.h(1,1): warning C4828: 文件包含在偏移 0x337 处开始的字符，该字符在当前源字符集中无效(代码页 65001)。
  (编译源文件“main.cpp”)
  
E:\c++documents\My project\QT\QT-\QtWidgetsApplication1\ProjectScore.h(1,1): warning C4828: 文件包含在偏移 0x339 处开始的字符，该字符在当前源字符集中无效(代码页 65001)。
  (编译源文件“main.cpp”)
  
E:\c++documents\My project\QT\QT-\QtWidgetsApplication1\ProjectScore.h(1,1): warning C4828: 文件包含在偏移 0x33d 处开始的字符，该字符在当前源字符集中无效(代码页 65001)。
  (编译源文件“main.cpp”)
  
E:\c++documents\My project\QT\QT-\QtWidgetsApplication1\ProjectScore.h(1,1): warning C4828: 文件包含在偏移 0x341 处开始的字符，该字符在当前源字符集中无效(代码页 65001)。
  (编译源文件“main.cpp”)
  
E:\c++documents\My project\QT\QT-\QtWidgetsApplication1\ProjectScore.h(1,1): warning C4828: 文件包含在偏移 0x342 处开始的字符，该字符在当前源字符集中无效(代码页 65001)。
  (编译源文件“main.cpp”)
  
E:\c++documents\My project\QT\QT-\QtWidgetsApplication1\ProjectScore.h(1,1): warning C4828: 文件包含在偏移 0x343 处开始的字符，该字符在当前源字符集中无效(代码页 65001)。
  (编译源文件“main.cpp”)
  
E:\c++documents\My project\QT\QT-\QtWidgetsApplication1\ProjectScore.h(1,1): warning C4828: 文件包含在偏移 0x344 处开始的字符，该字符在当前源字符集中无效(代码页 65001)。
  (编译源文件“main.cpp”)
  
E:\c++documents\My project\QT\QT-\QtWidgetsApplication1\ProjectScore.h(1,1): warning C4828: 文件包含在偏移 0x348 处开始的字符，该字符在当前源字符集中无效(代码页 65001)。
  (编译源文件“main.cpp”)
  
E:\c++documents\My project\QT\QT-\QtWidgetsApplication1\ProjectScore.h(1,1): warning C4828: 文件包含在偏移 0x34c 处开始的字符，该字符在当前源字符集中无效(代码页 65001)。
  (编译源文件“main.cpp”)
  
E:\c++documents\My project\QT\QT-\QtWidgetsApplication1\ProjectScore.h(1,1): warning C4828: 文件包含在偏移 0x34d 处开始的字符，该字符在当前源字符集中无效(代码页 65001)。
  (编译源文件“main.cpp”)
  
E:\c++documents\My project\QT\QT-\QtWidgetsApplication1\ProjectScore.h(1,1): warning C4828: 文件包含在偏移 0x34e 处开始的字符，该字符在当前源字符集中无效(代码页 65001)。
  (编译源文件“main.cpp”)
  
E:\c++documents\My project\QT\QT-\QtWidgetsApplication1\ProjectScore.h(1,1): warning C4828: 文件包含在偏移 0x351 处开始的字符，该字符在当前源字符集中无效(代码页 65001)。
  (编译源文件“main.cpp”)
  
E:\c++documents\My project\QT\QT-\QtWidgetsApplication1\ProjectScore.h(1,1): warning C4828: 文件包含在偏移 0x352 处开始的字符，该字符在当前源字符集中无效(代码页 65001)。
  (编译源文件“main.cpp”)
  
E:\c++documents\My project\QT\QT-\QtWidgetsApplication1\ProjectScore.h(1,1): warning C4828: 文件包含在偏移 0x354 处开始的字符，该字符在当前源字符集中无效(代码页 65001)。
  (编译源文件“main.cpp”)
  
E:\c++documents\My project\QT\QT-\QtWidgetsApplication1\ProjectScore.h(1,1): warning C4828: 文件包含在偏移 0x355 处开始的字符，该字符在当前源字符集中无效(代码页 65001)。
  (编译源文件“main.cpp”)
  
E:\c++documents\My project\QT\QT-\QtWidgetsApplication1\ProjectScore.h(1,1): warning C4828: 文件包含在偏移 0x359 处开始的字符，该字符在当前源字符集中无效(代码页 65001)。
  (编译源文件“main.cpp”)
  
E:\c++documents\My project\QT\QT-\QtWidgetsApplication1\ProjectScore.h(1,1): warning C4828: 文件包含在偏移 0x35a 处开始的字符，该字符在当前源字符集中无效(代码页 65001)。
  (编译源文件“main.cpp”)
  
E:\c++documents\My project\QT\QT-\QtWidgetsApplication1\ProjectScore.h(1,1): warning C4828: 文件包含在偏移 0x35c 处开始的字符，该字符在当前源字符集中无效(代码页 65001)。
  (编译源文件“main.cpp”)
  
E:\c++documents\My project\QT\QT-\QtWidgetsApplication1\ProjectScore.h(1,1): warning C4828: 文件包含在偏移 0x393 处开始的字符，该字符在当前源字符集中无效(代码页 65001)。
  (编译源文件“main.cpp”)
  
E:\c++documents\My project\QT\QT-\QtWidgetsApplication1\ProjectScore.h(1,1): warning C4828: 文件包含在偏移 0x395 处开始的字符，该字符在当前源字符集中无效(代码页 65001)。
  (编译源文件“main.cpp”)
  
E:\c++documents\My project\QT\QT-\QtWidgetsApplication1\ProjectScore.h(1,1): warning C4828: 文件包含在偏移 0x396 处开始的字符，该字符在当前源字符集中无效(代码页 65001)。
  (编译源文件“main.cpp”)
  
E:\c++documents\My project\QT\QT-\QtWidgetsApplication1\ProjectScore.h(1,1): warning C4828: 文件包含在偏移 0x399 处开始的字符，该字符在当前源字符集中无效(代码页 65001)。
  (编译源文件“main.cpp”)
  
E:\c++documents\My project\QT\QT-\QtWidgetsApplication1\ProjectScore.h(1,1): warning C4828: 文件包含在偏移 0x39a 处开始的字符，该字符在当前源字符集中无效(代码页 65001)。
  (编译源文件“main.cpp”)
  
E:\c++documents\My project\QT\QT-\QtWidgetsApplication1\ProjectScore.h(1,1): warning C4828: 文件包含在偏移 0x39b 处开始的字符，该字符在当前源字符集中无效(代码页 65001)。
  (编译源文件“main.cpp”)
  
E:\c++documents\My project\QT\QT-\QtWidgetsApplication1\ProjectScore.h(1,1): warning C4828: 文件包含在偏移 0x39c 处开始的字符，该字符在当前源字符集中无效(代码页 65001)。
  (编译源文件“main.cpp”)
  
E:\c++documents\My project\QT\QT-\QtWidgetsApplication1\ProjectScore.h(1,1): warning C4828: 文件包含在偏移 0x39e 处开始的字符，该字符在当前源字符集中无效(代码页 65001)。
  (编译源文件“main.cpp”)
  
E:\c++documents\My project\QT\QT-\QtWidgetsApplication1\ProjectScore.h(1,1): warning C4828: 文件包含在偏移 0x3a2 处开始的字符，该字符在当前源字符集中无效(代码页 65001)。
  (编译源文件“main.cpp”)
  
E:\c++documents\My project\QT\QT-\QtWidgetsApplication1\ProjectScore.h(1,1): warning C4828: 文件包含在偏移 0x3a5 处开始的字符，该字符在当前源字符集中无效(代码页 65001)。
  (编译源文件“main.cpp”)
  
E:\c++documents\My project\QT\QT-\QtWidgetsApplication1\ProjectScore.h(1,1): warning C4828: 文件包含在偏移 0x3a7 处开始的字符，该字符在当前源字符集中无效(代码页 65001)。
  (编译源文件“main.cpp”)
  
E:\c++documents\My project\QT\QT-\QtWidgetsApplication1\ProjectScore.h(1,1): warning C4828: 文件包含在偏移 0x3b9 处开始的字符，该字符在当前源字符集中无效(代码页 65001)。
  (编译源文件“main.cpp”)
  
E:\c++documents\My project\QT\QT-\QtWidgetsApplication1\ProjectScore.h(1,1): warning C4828: 文件包含在偏移 0x3bb 处开始的字符，该字符在当前源字符集中无效(代码页 65001)。
  (编译源文件“main.cpp”)
  
E:\c++documents\My project\QT\QT-\QtWidgetsApplication1\ProjectScore.h(1,1): warning C4828: 文件包含在偏移 0x3bd 处开始的字符，该字符在当前源字符集中无效(代码页 65001)。
  (编译源文件“main.cpp”)
  
E:\c++documents\My project\QT\QT-\QtWidgetsApplication1\ProjectScore.h(1,1): warning C4828: 文件包含在偏移 0x3be 处开始的字符，该字符在当前源字符集中无效(代码页 65001)。
  (编译源文件“main.cpp”)
  
E:\c++documents\My project\QT\QT-\QtWidgetsApplication1\ProjectScore.h(1,1): warning C4828: 文件包含在偏移 0x3bf 处开始的字符，该字符在当前源字符集中无效(代码页 65001)。
  (编译源文件“main.cpp”)
  
E:\c++documents\My project\QT\QT-\QtWidgetsApplication1\ProjectScore.h(1,1): warning C4828: 文件包含在偏移 0x3c1 处开始的字符，该字符在当前源字符集中无效(代码页 65001)。
  (编译源文件“main.cpp”)
  
E:\c++documents\My project\QT\QT-\QtWidgetsApplication1\ProjectScore.h(1,1): warning C4828: 文件包含在偏移 0x3c4 处开始的字符，该字符在当前源字符集中无效(代码页 65001)。
  (编译源文件“main.cpp”)
  
E:\c++documents\My project\QT\QT-\QtWidgetsApplication1\ProjectScore.h(1,1): warning C4828: 文件包含在偏移 0x3c6 处开始的字符，该字符在当前源字符集中无效(代码页 65001)。
  (编译源文件“main.cpp”)
  
E:\c++documents\My project\QT\QT-\QtWidgetsApplication1\ProjectScore.h(1,1): warning C4828: 文件包含在偏移 0x3ca 处开始的字符，该字符在当前源字符集中无效(代码页 65001)。
  (编译源文件“main.cpp”)
  
E:\c++documents\My project\QT\QT-\QtWidgetsApplication1\ProjectScore.h(1,1): warning C4828: 文件包含在偏移 0x498 处开始的字符，该字符在当前源字符集中无效(代码页 65001)。
  (编译源文件“main.cpp”)
  
E:\c++documents\My project\QT\QT-\QtWidgetsApplication1\ProjectScore.h(1,1): warning C4828: 文件包含在偏移 0x49a 处开始的字符，该字符在当前源字符集中无效(代码页 65001)。
  (编译源文件“main.cpp”)
  
E:\c++documents\My project\QT\QT-\QtWidgetsApplication1\ProjectScore.h(1,1): warning C4828: 文件包含在偏移 0x49b 处开始的字符，该字符在当前源字符集中无效(代码页 65001)。
  (编译源文件“main.cpp”)
  
E:\c++documents\My project\QT\QT-\QtWidgetsApplication1\ProjectScore.h(1,1): warning C4828: 文件包含在偏移 0x49c 处开始的字符，该字符在当前源字符集中无效(代码页 65001)。
  (编译源文件“main.cpp”)
  
E:\c++documents\My project\QT\QT-\QtWidgetsApplication1\ProjectScore.h(1,1): warning C4828: 文件包含在偏移 0x49f 处开始的字符，该字符在当前源字符集中无效(代码页 65001)。
  (编译源文件“main.cpp”)
  
E:\c++documents\My project\QT\QT-\QtWidgetsApplication1\ProjectScore.h(1,1): warning C4828: 文件包含在偏移 0x4a0 处开始的字符，该字符在当前源字符集中无效(代码页 65001)。
  (编译源文件“main.cpp”)
  
E:\c++documents\My project\QT\QT-\QtWidgetsApplication1\ProjectScore.h(1,1): warning C4828: 文件包含在偏移 0x4a1 处开始的字符，该字符在当前源字符集中无效(代码页 65001)。
  (编译源文件“main.cpp”)
  
E:\c++documents\My project\QT\QT-\QtWidgetsApplication1\ProjectScore.h(1,1): warning C4828: 文件包含在偏移 0x4a2 处开始的字符，该字符在当前源字符集中无效(代码页 65001)。
  (编译源文件“main.cpp”)
  
E:\c++documents\My project\QT\QT-\QtWidgetsApplication1\ProjectScore.h(1,1): warning C4828: 文件包含在偏移 0x4a6 处开始的字符，该字符在当前源字符集中无效(代码页 65001)。
  (编译源文件“main.cpp”)
  
E:\c++documents\My project\QT\QT-\QtWidgetsApplication1\ProjectScore.h(1,1): warning C4828: 文件包含在偏移 0x4aa 处开始的字符，该字符在当前源字符集中无效(代码页 65001)。
  (编译源文件“main.cpp”)
  
E:\c++documents\My project\QT\QT-\QtWidgetsApplication1\ProjectScore.h(1,1): warning C4828: 文件包含在偏移 0x4ab 处开始的字符，该字符在当前源字符集中无效(代码页 65001)。
  (编译源文件“main.cpp”)
  
E:\c++documents\My project\QT\QT-\QtWidgetsApplication1\ProjectScore.h(1,1): warning C4828: 文件包含在偏移 0x4ae 处开始的字符，该字符在当前源字符集中无效(代码页 65001)。
  (编译源文件“main.cpp”)
  
E:\c++documents\My project\QT\QT-\QtWidgetsApplication1\ProjectScore.h(1,1): warning C4828: 文件包含在偏移 0x4af 处开始的字符，该字符在当前源字符集中无效(代码页 65001)。
  (编译源文件“main.cpp”)
  
E:\c++documents\My project\QT\QT-\QtWidgetsApplication1\ProjectScore.h(1,1): warning C4828: 文件包含在偏移 0x4b1 处开始的字符，该字符在当前源字符集中无效(代码页 65001)。
  (编译源文件“main.cpp”)
  
E:\c++documents\My project\QT\QT-\QtWidgetsApplication1\ProjectScore.h(1,1): warning C4828: 文件包含在偏移 0x4b4 处开始的字符，该字符在当前源字符集中无效(代码页 65001)。
  (编译源文件“main.cpp”)
  
E:\c++documents\My project\QT\QT-\QtWidgetsApplication1\ProjectScore.h(1,1): warning C4828: 文件包含在偏移 0x4b6 处开始的字符，该字符在当前源字符集中无效(代码页 65001)。
  (编译源文件“main.cpp”)
  
E:\c++documents\My project\QT\QT-\QtWidgetsApplication1\ProjectScore.h(1,1): warning C4828: 文件包含在偏移 0x4b8 处开始的字符，该字符在当前源字符集中无效(代码页 65001)。
  (编译源文件“main.cpp”)
  
E:\c++documents\My project\QT\QT-\QtWidgetsApplication1\ProjectScore.h(1,1): warning C4828: 文件包含在偏移 0x4bb 处开始的字符，该字符在当前源字符集中无效(代码页 65001)。
  (编译源文件“main.cpp”)
  
E:\c++documents\My project\QT\QT-\QtWidgetsApplication1\ProjectScore.h(1,1): warning C4828: 文件包含在偏移 0x4bc 处开始的字符，该字符在当前源字符集中无效(代码页 65001)。
  (编译源文件“main.cpp”)
  
E:\c++documents\My project\QT\QT-\QtWidgetsApplication1\ProjectScore.h(1,1): warning C4828: 文件包含在偏移 0x4be 处开始的字符，该字符在当前源字符集中无效(代码页 65001)。
  (编译源文件“main.cpp”)
  
E:\c++documents\My project\QT\QT-\QtWidgetsApplication1\ProjectScore.h(1,1): warning C4828: 文件包含在偏移 0x4bf 处开始的字符，该字符在当前源字符集中无效(代码页 65001)。
  (编译源文件“main.cpp”)
  
E:\c++documents\My project\QT\QT-\QtWidgetsApplication1\ProjectScore.h(1,1): warning C4828: 文件包含在偏移 0x4c1 处开始的字符，该字符在当前源字符集中无效(代码页 65001)。
  (编译源文件“main.cpp”)
  
E:\c++documents\My project\QT\QT-\QtWidgetsApplication1\ProjectScore.h(1,1): warning C4828: 文件包含在偏移 0x4c3 处开始的字符，该字符在当前源字符集中无效(代码页 65001)。
  (编译源文件“main.cpp”)
  
E:\c++documents\My project\QT\QT-\QtWidgetsApplication1\ProjectScore.h(1,1): warning C4828: 文件包含在偏移 0x4c4 处开始的字符，该字符在当前源字符集中无效(代码页 65001)。
  (编译源文件“main.cpp”)
  
E:\c++documents\My project\QT\QT-\QtWidgetsApplication1\ProjectScore.h(1,1): warning C4828: 文件包含在偏移 0x4c5 处开始的字符，该字符在当前源字符集中无效(代码页 65001)。
  (编译源文件“main.cpp”)
  
E:\c++documents\My project\QT\QT-\QtWidgetsApplication1\ProjectScore.h(1,1): warning C4828: 文件包含在偏移 0x4c6 处开始的字符，该字符在当前源字符集中无效(代码页 65001)。
  (编译源文件“main.cpp”)
  
E:\c++documents\My project\QT\QT-\QtWidgetsApplication1\ProjectScore.h(1,1): warning C4828: 文件包含在偏移 0x4cc 处开始的字符，该字符在当前源字符集中无效(代码页 65001)。
  (编译源文件“main.cpp”)
  
E:\c++documents\My project\QT\QT-\QtWidgetsApplication1\ProjectScore.h(1,1): warning C4828: 文件包含在偏移 0x4d4 处开始的字符，该字符在当前源字符集中无效(代码页 65001)。
  (编译源文件“main.cpp”)
  
E:\c++documents\My project\QT\QT-\QtWidgetsApplication1\ProjectScore.h(1,1): warning C4828: 文件包含在偏移 0x4d5 处开始的字符，该字符在当前源字符集中无效(代码页 65001)。
  (编译源文件“main.cpp”)
  
E:\c++documents\My project\QT\QT-\QtWidgetsApplication1\ProjectScore.h(1,1): warning C4828: 文件包含在偏移 0x4d6 处开始的字符，该字符在当前源字符集中无效(代码页 65001)。
  (编译源文件“main.cpp”)
  
E:\c++documents\My project\QT\QT-\QtWidgetsApplication1\ProjectScore.h(1,1): warning C4828: 文件包含在偏移 0x4d8 处开始的字符，该字符在当前源字符集中无效(代码页 65001)。
  (编译源文件“main.cpp”)
  
E:\c++documents\My project\QT\QT-\QtWidgetsApplication1\ProjectScore.h(1,1): warning C4828: 文件包含在偏移 0x551 处开始的字符，该字符在当前源字符集中无效(代码页 65001)。
  (编译源文件“main.cpp”)
  
E:\c++documents\My project\QT\QT-\QtWidgetsApplication1\ProjectScore.h(1,1): warning C4828: 文件包含在偏移 0x553 处开始的字符，该字符在当前源字符集中无效(代码页 65001)。
  (编译源文件“main.cpp”)
  
E:\c++documents\My project\QT\QT-\QtWidgetsApplication1\ProjectScore.h(1,1): warning C4828: 文件包含在偏移 0x556 处开始的字符，该字符在当前源字符集中无效(代码页 65001)。
  (编译源文件“main.cpp”)
  
E:\c++documents\My project\QT\QT-\QtWidgetsApplication1\ProjectScore.h(1,1): warning C4828: 文件包含在偏移 0x559 处开始的字符，该字符在当前源字符集中无效(代码页 65001)。
  (编译源文件“main.cpp”)
  
E:\c++documents\My project\QT\QT-\QtWidgetsApplication1\ProjectScore.h(1,1): warning C4828: 文件包含在偏移 0x55a 处开始的字符，该字符在当前源字符集中无效(代码页 65001)。
  (编译源文件“main.cpp”)
  
E:\c++documents\My project\QT\QT-\QtWidgetsApplication1\ProjectScore.h(1,1): warning C4828: 文件包含在偏移 0x572 处开始的字符，该字符在当前源字符集中无效(代码页 65001)。
  (编译源文件“main.cpp”)
  
E:\c++documents\My project\QT\QT-\QtWidgetsApplication1\ProjectScore.h(1,1): warning C4828: 文件包含在偏移 0x573 处开始的字符，该字符在当前源字符集中无效(代码页 65001)。
  (编译源文件“main.cpp”)
  
E:\c++documents\My project\QT\QT-\QtWidgetsApplication1\ProjectScore.h(1,1): warning C4828: 文件包含在偏移 0x576 处开始的字符，该字符在当前源字符集中无效(代码页 65001)。
  (编译源文件“main.cpp”)
  
E:\c++documents\My project\QT\QT-\QtWidgetsApplication1\ProjectScore.h(1,1): warning C4828: 文件包含在偏移 0x577 处开始的字符，该字符在当前源字符集中无效(代码页 65001)。
  (编译源文件“main.cpp”)
  
E:\c++documents\My project\QT\QT-\QtWidgetsApplication1\ProjectScore.h(1,1): warning C4828: 文件包含在偏移 0x57a 处开始的字符，该字符在当前源字符集中无效(代码页 65001)。
  (编译源文件“main.cpp”)
  
E:\c++documents\My project\QT\QT-\QtWidgetsApplication1\ProjectScore.h(1,1): warning C4828: 文件包含在偏移 0x57b 处开始的字符，该字符在当前源字符集中无效(代码页 65001)。
  (编译源文件“main.cpp”)
  
E:\c++documents\My project\QT\QT-\QtWidgetsApplication1\ProjectScore.h(1,1): warning C4828: 文件包含在偏移 0x592 处开始的字符，该字符在当前源字符集中无效(代码页 65001)。
  (编译源文件“main.cpp”)
  
E:\c++documents\My project\QT\QT-\QtWidgetsApplication1\ProjectScore.h(1,1): warning C4828: 文件包含在偏移 0x593 处开始的字符，该字符在当前源字符集中无效(代码页 65001)。
  (编译源文件“main.cpp”)
  
E:\c++documents\My project\QT\QT-\QtWidgetsApplication1\ProjectScore.h(1,1): warning C4828: 文件包含在偏移 0x595 处开始的字符，该字符在当前源字符集中无效(代码页 65001)。
  (编译源文件“main.cpp”)
  
E:\c++documents\My project\QT\QT-\QtWidgetsApplication1\ProjectScore.h(1,1): warning C4828: 文件包含在偏移 0x596 处开始的字符，该字符在当前源字符集中无效(代码页 65001)。
  (编译源文件“main.cpp”)
  
E:\c++documents\My project\QT\QT-\QtWidgetsApplication1\ProjectScore.h(1,1): warning C4828: 文件包含在偏移 0x59a 处开始的字符，该字符在当前源字符集中无效(代码页 65001)。
  (编译源文件“main.cpp”)
  
E:\c++documents\My project\QT\QT-\QtWidgetsApplication1\ProjectScore.h(1,1): warning C4828: 文件包含在偏移 0x5e8 处开始的字符，该字符在当前源字符集中无效(代码页 65001)。
  (编译源文件“main.cpp”)
  
E:\c++documents\My project\QT\QT-\QtWidgetsApplication1\ProjectScore.h(1,1): warning C4828: 文件包含在偏移 0x5e9 处开始的字符，该字符在当前源字符集中无效(代码页 65001)。
  (编译源文件“main.cpp”)
  
E:\c++documents\My project\QT\QT-\QtWidgetsApplication1\ProjectScore.h(1,1): warning C4828: 文件包含在偏移 0x5ed 处开始的字符，该字符在当前源字符集中无效(代码页 65001)。
  (编译源文件“main.cpp”)
  
E:\c++documents\My project\QT\QT-\QtWidgetsApplication1\ProjectScore.h(1,1): warning C4828: 文件包含在偏移 0x5ee 处开始的字符，该字符在当前源字符集中无效(代码页 65001)。
  (编译源文件“main.cpp”)
  
E:\c++documents\My project\QT\QT-\QtWidgetsApplication1\ProjectScore.h(1,1): warning C4828: 文件包含在偏移 0x5f0 处开始的字符，该字符在当前源字符集中无效(代码页 65001)。
  (编译源文件“main.cpp”)
  
E:\c++documents\My project\QT\QT-\QtWidgetsApplication1\ProjectScore.h(1,1): warning C4828: 文件包含在偏移 0x5f3 处开始的字符，该字符在当前源字符集中无效(代码页 65001)。
  (编译源文件“main.cpp”)
  
E:\c++documents\My project\QT\QT-\QtWidgetsApplication1\ProjectScore.h(1,1): warning C4828: 文件包含在偏移 0x5fc 处开始的字符，该字符在当前源字符集中无效(代码页 65001)。
  (编译源文件“main.cpp”)
  
E:\c++documents\My project\QT\QT-\QtWidgetsApplication1\ProjectScore.h(1,1): warning C4828: 文件包含在偏移 0x5fe 处开始的字符，该字符在当前源字符集中无效(代码页 65001)。
  (编译源文件“main.cpp”)
  
E:\c++documents\My project\QT\QT-\QtWidgetsApplication1\ProjectScore.h(1,1): warning C4828: 文件包含在偏移 0x5ff 处开始的字符，该字符在当前源字符集中无效(代码页 65001)。
  (编译源文件“main.cpp”)
  
E:\c++documents\My project\QT\QT-\QtWidgetsApplication1\ProjectScore.h(1,1): warning C4828: 文件包含在偏移 0x600 处开始的字符，该字符在当前源字符集中无效(代码页 65001)。
  (编译源文件“main.cpp”)
  
E:\c++documents\My project\QT\QT-\QtWidgetsApplication1\ProjectScore.h(1,1): warning C4828: 文件包含在偏移 0x601 处开始的字符，该字符在当前源字符集中无效(代码页 65001)。
  (编译源文件“main.cpp”)
  
E:\c++documents\My project\QT\QT-\QtWidgetsApplication1\ProjectScore.h(1,1): warning C4828: 文件包含在偏移 0x602 处开始的字符，该字符在当前源字符集中无效(代码页 65001)。
  (编译源文件“main.cpp”)
  
E:\c++documents\My project\QT\QT-\QtWidgetsApplication1\ProjectScore.h(1,1): warning C4828: 文件包含在偏移 0x628 处开始的字符，该字符在当前源字符集中无效(代码页 65001)。
  (编译源文件“main.cpp”)
  
E:\c++documents\My project\QT\QT-\QtWidgetsApplication1\ProjectScore.h(1,1): warning C4828: 文件包含在偏移 0x62a 处开始的字符，该字符在当前源字符集中无效(代码页 65001)。
  (编译源文件“main.cpp”)
  
E:\c++documents\My project\QT\QT-\QtWidgetsApplication1\ProjectScore.h(1,1): warning C4828: 文件包含在偏移 0x62d 处开始的字符，该字符在当前源字符集中无效(代码页 65001)。
  (编译源文件“main.cpp”)
  
E:\c++documents\My project\QT\QT-\QtWidgetsApplication1\ProjectScore.h(1,1): warning C4828: 文件包含在偏移 0x630 处开始的字符，该字符在当前源字符集中无效(代码页 65001)。
  (编译源文件“main.cpp”)
  
E:\c++documents\My project\QT\QT-\QtWidgetsApplication1\ProjectScore.h(1,1): warning C4828: 文件包含在偏移 0x631 处开始的字符，该字符在当前源字符集中无效(代码页 65001)。
  (编译源文件“main.cpp”)
  
E:\c++documents\My project\QT\QT-\QtWidgetsApplication1\ProjectScore.h(1,1): warning C4828: 文件包含在偏移 0x65f 处开始的字符，该字符在当前源字符集中无效(代码页 65001)。
  (编译源文件“main.cpp”)
  
E:\c++documents\My project\QT\QT-\QtWidgetsApplication1\ProjectScore.h(1,1): warning C4828: 文件包含在偏移 0x662 处开始的字符，该字符在当前源字符集中无效(代码页 65001)。
  (编译源文件“main.cpp”)
  
E:\c++documents\My project\QT\QT-\QtWidgetsApplication1\ProjectScore.h(1,1): warning C4828: 文件包含在偏移 0x664 处开始的字符，该字符在当前源字符集中无效(代码页 65001)。
  (编译源文件“main.cpp”)
  
E:\c++documents\My project\QT\QT-\QtWidgetsApplication1\ProjectScore.h(1,1): warning C4828: 文件包含在偏移 0x665 处开始的字符，该字符在当前源字符集中无效(代码页 65001)。
  (编译源文件“main.cpp”)
  
E:\c++documents\My project\QT\QT-\QtWidgetsApplication1\ProjectScore.h(1,1): warning C4828: 文件包含在偏移 0x668 处开始的字符，该字符在当前源字符集中无效(代码页 65001)。
  (编译源文件“main.cpp”)
  
E:\c++documents\My project\QT\QT-\QtWidgetsApplication1\ProjectScore.h(1,1): warning C4828: 文件包含在偏移 0x698 处开始的字符，该字符在当前源字符集中无效(代码页 65001)。
  (编译源文件“main.cpp”)
  
E:\c++documents\My project\QT\QT-\QtWidgetsApplication1\ProjectScore.h(1,1): warning C4828: 文件包含在偏移 0x699 处开始的字符，该字符在当前源字符集中无效(代码页 65001)。
  (编译源文件“main.cpp”)
  
E:\c++documents\My project\QT\QT-\QtWidgetsApplication1\ProjectScore.h(1,1): warning C4828: 文件包含在偏移 0x69f 处开始的字符，该字符在当前源字符集中无效(代码页 65001)。
  (编译源文件“main.cpp”)
  
E:\c++documents\My project\QT\QT-\QtWidgetsApplication1\ProjectScore.h(1,1): warning C4828: 文件包含在偏移 0x6a1 处开始的字符，该字符在当前源字符集中无效(代码页 65001)。
  (编译源文件“main.cpp”)
  
E:\c++documents\My project\QT\QT-\QtWidgetsApplication1\ProjectScore.h(1,1): warning C4828: 文件包含在偏移 0x6a5 处开始的字符，该字符在当前源字符集中无效(代码页 65001)。
  (编译源文件“main.cpp”)
  
E:\c++documents\My project\QT\QT-\QtWidgetsApplication1\ProjectScore.h(1,1): warning C4828: 文件包含在偏移 0x6a7 处开始的字符，该字符在当前源字符集中无效(代码页 65001)。
  (编译源文件“main.cpp”)
  
E:\c++documents\My project\QT\QT-\QtWidgetsApplication1\ProjectScore.h(1,1): warning C4828: 文件包含在偏移 0x6a8 处开始的字符，该字符在当前源字符集中无效(代码页 65001)。
  (编译源文件“main.cpp”)
  
E:\c++documents\My project\QT\QT-\QtWidgetsApplication1\ProjectScore.h(1,1): warning C4828: 文件包含在偏移 0x6eb 处开始的字符，该字符在当前源字符集中无效(代码页 65001)。
  (编译源文件“main.cpp”)
  
E:\c++documents\My project\QT\QT-\QtWidgetsApplication1\ProjectScore.h(1,1): warning C4828: 文件包含在偏移 0x6f2 处开始的字符，该字符在当前源字符集中无效(代码页 65001)。
  (编译源文件“main.cpp”)
  
E:\c++documents\My project\QT\QT-\QtWidgetsApplication1\ProjectScore.h(1,1): warning C4828: 文件包含在偏移 0x6f6 处开始的字符，该字符在当前源字符集中无效(代码页 65001)。
  (编译源文件“main.cpp”)
  
E:\c++documents\My project\QT\QT-\QtWidgetsApplication1\ProjectScore.h(1,1): warning C4828: 文件包含在偏移 0x6f8 处开始的字符，该字符在当前源字符集中无效(代码页 65001)。
  (编译源文件“main.cpp”)
  
E:\c++documents\My project\QT\QT-\QtWidgetsApplication1\ProjectScore.h(1,1): warning C4828: 文件包含在偏移 0x6fa 处开始的字符，该字符在当前源字符集中无效(代码页 65001)。
  (编译源文件“main.cpp”)
  
E:\c++documents\My project\QT\QT-\QtWidgetsApplication1\ProjectScore.h(1,1): warning C4828: 文件包含在偏移 0x6fb 处开始的字符，该字符在当前源字符集中无效(代码页 65001)。
  (编译源文件“main.cpp”)
  
  moc_uploader.cpp
  QtWidgetsApplication1.vcxproj -> E:\c++documents\My project\QT\QT-\x64\Debug\QtWidgetsApplication1.exe
